mode: set
github.com/Notifuse/notifuse/internal/database/init.go:15.61,17.48 1 1
github.com/Notifuse/notifuse/internal/database/init.go:17.48,18.43 1 1
github.com/Notifuse/notifuse/internal/database/init.go:18.43,20.4 1 1
github.com/Notifuse/notifuse/internal/database/init.go:24.2,24.21 1 1
github.com/Notifuse/notifuse/internal/database/init.go:24.21,28.17 3 1
github.com/Notifuse/notifuse/internal/database/init.go:28.17,30.4 1 1
github.com/Notifuse/notifuse/internal/database/init.go:32.3,32.14 1 1
github.com/Notifuse/notifuse/internal/database/init.go:32.14,53.18 4 1
github.com/Notifuse/notifuse/internal/database/init.go:53.18,55.5 1 1
github.com/Notifuse/notifuse/internal/database/init.go:59.2,59.12 1 1
github.com/Notifuse/notifuse/internal/database/init.go:63.52,93.32 2 1
github.com/Notifuse/notifuse/internal/database/init.go:93.32,94.43 1 1
github.com/Notifuse/notifuse/internal/database/init.go:94.43,96.4 1 1
github.com/Notifuse/notifuse/internal/database/init.go:99.2,99.12 1 1
github.com/Notifuse/notifuse/internal/database/init.go:103.38,105.51 1 1
github.com/Notifuse/notifuse/internal/database/init.go:105.51,107.43 2 1
github.com/Notifuse/notifuse/internal/database/init.go:107.43,109.4 1 1
github.com/Notifuse/notifuse/internal/database/init.go:111.2,111.12 1 1
github.com/Notifuse/notifuse/internal/database/utils.go:13.54,21.2 1 1
github.com/Notifuse/notifuse/internal/database/utils.go:24.56,31.2 1 1
github.com/Notifuse/notifuse/internal/database/utils.go:34.77,45.2 3 1
github.com/Notifuse/notifuse/internal/database/utils.go:48.90,50.72 1 0
github.com/Notifuse/notifuse/internal/database/utils.go:50.72,52.3 1 0
github.com/Notifuse/notifuse/internal/database/utils.go:54.2,56.16 3 0
github.com/Notifuse/notifuse/internal/database/utils.go:56.16,58.3 1 0
github.com/Notifuse/notifuse/internal/database/utils.go:61.2,61.34 1 0
github.com/Notifuse/notifuse/internal/database/utils.go:61.34,64.3 2 0
github.com/Notifuse/notifuse/internal/database/utils.go:67.2,70.16 3 0
github.com/Notifuse/notifuse/internal/database/utils.go:74.90,82.16 5 0
github.com/Notifuse/notifuse/internal/database/utils.go:82.16,84.3 1 0
github.com/Notifuse/notifuse/internal/database/utils.go:85.2,88.34 2 0
github.com/Notifuse/notifuse/internal/database/utils.go:88.34,90.3 1 0
github.com/Notifuse/notifuse/internal/database/utils.go:93.2,96.16 4 0
github.com/Notifuse/notifuse/internal/database/utils.go:96.16,98.3 1 0
github.com/Notifuse/notifuse/internal/database/utils.go:101.2,101.13 1 0
github.com/Notifuse/notifuse/internal/database/utils.go:101.13,108.17 3 0
github.com/Notifuse/notifuse/internal/database/utils.go:108.17,110.4 1 0
github.com/Notifuse/notifuse/internal/database/utils.go:113.3,114.17 2 0
github.com/Notifuse/notifuse/internal/database/utils.go:114.17,116.4 1 0
github.com/Notifuse/notifuse/internal/database/utils.go:117.3,120.37 2 0
github.com/Notifuse/notifuse/internal/database/utils.go:120.37,122.4 1 0
github.com/Notifuse/notifuse/internal/database/utils.go:125.3,125.59 1 0
github.com/Notifuse/notifuse/internal/database/utils.go:125.59,127.4 1 0
github.com/Notifuse/notifuse/internal/database/utils.go:130.2,130.12 1 0
github.com/Notifuse/notifuse/internal/database/utils.go:134.67,138.16 3 0
github.com/Notifuse/notifuse/internal/database/utils.go:138.16,140.3 1 0
github.com/Notifuse/notifuse/internal/database/utils.go:141.2,144.34 2 0
github.com/Notifuse/notifuse/internal/database/utils.go:144.34,146.3 1 0
github.com/Notifuse/notifuse/internal/database/utils.go:149.2,152.16 4 0
github.com/Notifuse/notifuse/internal/database/utils.go:152.16,154.3 1 0
github.com/Notifuse/notifuse/internal/database/utils.go:157.2,157.13 1 0
github.com/Notifuse/notifuse/internal/database/utils.go:157.13,164.17 3 0
github.com/Notifuse/notifuse/internal/database/utils.go:164.17,166.4 1 0
github.com/Notifuse/notifuse/internal/database/utils.go:169.2,169.12 1 0
