mode: set
github.com/Notifuse/notifuse/internal/service/auth_mocks.go:17.119,19.24 2 1
github.com/Notifuse/notifuse/internal/service/auth_mocks.go:19.24,21.3 1 1
github.com/Notifuse/notifuse/internal/service/auth_mocks.go:22.2,22.48 1 1
github.com/Notifuse/notifuse/internal/service/auth_mocks.go:25.100,27.24 2 1
github.com/Notifuse/notifuse/internal/service/auth_mocks.go:27.24,29.3 1 1
github.com/Notifuse/notifuse/internal/service/auth_mocks.go:30.2,30.50 1 1
github.com/Notifuse/notifuse/internal/service/auth_mocks.go:38.40,40.2 1 1
github.com/Notifuse/notifuse/internal/service/auth_mocks.go:42.39,44.2 1 1
github.com/Notifuse/notifuse/internal/service/auth_mocks.go:46.39,48.2 1 1
github.com/Notifuse/notifuse/internal/service/auth_mocks.go:50.40,52.2 1 1
github.com/Notifuse/notifuse/internal/service/auth_mocks.go:54.40,56.2 1 1
github.com/Notifuse/notifuse/internal/service/auth_mocks.go:58.77,60.24 2 1
github.com/Notifuse/notifuse/internal/service/auth_mocks.go:60.24,62.3 1 0
github.com/Notifuse/notifuse/internal/service/auth_mocks.go:63.2,63.36 1 1
github.com/Notifuse/notifuse/internal/service/auth_mocks.go:66.78,68.24 2 1
github.com/Notifuse/notifuse/internal/service/auth_mocks.go:68.24,70.3 1 0
github.com/Notifuse/notifuse/internal/service/auth_mocks.go:71.2,71.36 1 1
github.com/Notifuse/notifuse/internal/service/auth_service.go:36.66,38.16 2 1
github.com/Notifuse/notifuse/internal/service/auth_service.go:38.16,39.24 1 1
github.com/Notifuse/notifuse/internal/service/auth_service.go:39.24,41.4 1 1
github.com/Notifuse/notifuse/internal/service/auth_service.go:42.3,42.18 1 1
github.com/Notifuse/notifuse/internal/service/auth_service.go:45.2,46.16 2 1
github.com/Notifuse/notifuse/internal/service/auth_service.go:46.16,47.24 1 1
github.com/Notifuse/notifuse/internal/service/auth_service.go:47.24,49.4 1 1
github.com/Notifuse/notifuse/internal/service/auth_service.go:50.3,50.18 1 1
github.com/Notifuse/notifuse/internal/service/auth_service.go:53.2,59.8 1 1
github.com/Notifuse/notifuse/internal/service/auth_service.go:61.94,63.25 2 1
github.com/Notifuse/notifuse/internal/service/auth_service.go:63.25,65.3 1 1
github.com/Notifuse/notifuse/internal/service/auth_service.go:66.2,67.28 2 1
github.com/Notifuse/notifuse/internal/service/auth_service.go:67.28,69.3 1 1
github.com/Notifuse/notifuse/internal/service/auth_service.go:70.2,70.52 1 1
github.com/Notifuse/notifuse/internal/service/auth_service.go:74.115,76.16 2 1
github.com/Notifuse/notifuse/internal/service/auth_service.go:76.16,78.3 1 1
github.com/Notifuse/notifuse/internal/service/auth_service.go:81.2,82.16 2 1
github.com/Notifuse/notifuse/internal/service/auth_service.go:82.16,84.3 1 1
github.com/Notifuse/notifuse/internal/service/auth_service.go:86.2,86.18 1 1
github.com/Notifuse/notifuse/internal/service/auth_service.go:90.110,94.26 2 1
github.com/Notifuse/notifuse/internal/service/auth_service.go:94.26,97.3 2 1
github.com/Notifuse/notifuse/internal/service/auth_service.go:98.2,98.16 1 1
github.com/Notifuse/notifuse/internal/service/auth_service.go:98.16,101.3 2 1
github.com/Notifuse/notifuse/internal/service/auth_service.go:104.2,104.34 1 1
github.com/Notifuse/notifuse/internal/service/auth_service.go:104.34,107.3 2 1
github.com/Notifuse/notifuse/internal/service/auth_service.go:110.2,112.26 2 1
github.com/Notifuse/notifuse/internal/service/auth_service.go:112.26,115.3 2 1
github.com/Notifuse/notifuse/internal/service/auth_service.go:116.2,116.16 1 1
github.com/Notifuse/notifuse/internal/service/auth_service.go:116.16,119.3 2 1
github.com/Notifuse/notifuse/internal/service/auth_service.go:121.2,121.18 1 1
github.com/Notifuse/notifuse/internal/service/auth_service.go:125.106,135.21 9 1
github.com/Notifuse/notifuse/internal/service/auth_service.go:135.21,137.3 1 0
github.com/Notifuse/notifuse/internal/service/auth_service.go:139.2,139.18 1 1
github.com/Notifuse/notifuse/internal/service/auth_service.go:143.68,145.2 1 1
github.com/Notifuse/notifuse/internal/service/auth_service.go:148.94,158.21 9 1
github.com/Notifuse/notifuse/internal/service/auth_service.go:158.21,160.3 1 0
github.com/Notifuse/notifuse/internal/service/auth_service.go:162.2,162.18 1 1
github.com/Notifuse/notifuse/internal/service/auth_service.go:166.93,169.16 2 1
github.com/Notifuse/notifuse/internal/service/auth_service.go:169.16,170.36 1 1
github.com/Notifuse/notifuse/internal/service/auth_service.go:170.36,172.4 1 1
github.com/Notifuse/notifuse/internal/service/auth_service.go:173.3,174.18 2 1
github.com/Notifuse/notifuse/internal/service/auth_service.go:176.2,176.18 1 1
github.com/Notifuse/notifuse/internal/service/contact_list_service.go:26.23,34.2 1 1
github.com/Notifuse/notifuse/internal/service/contact_list_service.go:36.127,39.16 2 1
github.com/Notifuse/notifuse/internal/service/contact_list_service.go:39.16,41.3 1 1
github.com/Notifuse/notifuse/internal/service/contact_list_service.go:43.2,44.16 2 1
github.com/Notifuse/notifuse/internal/service/contact_list_service.go:44.16,46.3 1 1
github.com/Notifuse/notifuse/internal/service/contact_list_service.go:49.2,53.16 3 1
github.com/Notifuse/notifuse/internal/service/contact_list_service.go:53.16,55.3 1 1
github.com/Notifuse/notifuse/internal/service/contact_list_service.go:58.2,58.24 1 1
github.com/Notifuse/notifuse/internal/service/contact_list_service.go:58.24,60.3 1 1
github.com/Notifuse/notifuse/internal/service/contact_list_service.go:62.2,66.47 4 1
github.com/Notifuse/notifuse/internal/service/contact_list_service.go:66.47,68.3 1 0
github.com/Notifuse/notifuse/internal/service/contact_list_service.go:70.2,70.79 1 1
github.com/Notifuse/notifuse/internal/service/contact_list_service.go:70.79,75.3 2 0
github.com/Notifuse/notifuse/internal/service/contact_list_service.go:77.2,77.12 1 1
github.com/Notifuse/notifuse/internal/service/contact_list_service.go:80.142,82.16 2 1
github.com/Notifuse/notifuse/internal/service/contact_list_service.go:82.16,84.3 1 1
github.com/Notifuse/notifuse/internal/service/contact_list_service.go:86.2,87.16 2 1
github.com/Notifuse/notifuse/internal/service/contact_list_service.go:87.16,88.56 1 1
github.com/Notifuse/notifuse/internal/service/contact_list_service.go:88.56,90.4 1 1
github.com/Notifuse/notifuse/internal/service/contact_list_service.go:91.3,94.64 2 1
github.com/Notifuse/notifuse/internal/service/contact_list_service.go:97.2,97.25 1 1
github.com/Notifuse/notifuse/internal/service/contact_list_service.go:100.137,102.16 2 1
github.com/Notifuse/notifuse/internal/service/contact_list_service.go:102.16,104.3 1 1
github.com/Notifuse/notifuse/internal/service/contact_list_service.go:107.2,108.16 2 1
github.com/Notifuse/notifuse/internal/service/contact_list_service.go:108.16,110.3 1 1
github.com/Notifuse/notifuse/internal/service/contact_list_service.go:112.2,113.16 2 1
github.com/Notifuse/notifuse/internal/service/contact_list_service.go:113.16,117.3 2 1
github.com/Notifuse/notifuse/internal/service/contact_list_service.go:119.2,119.26 1 1
github.com/Notifuse/notifuse/internal/service/contact_list_service.go:122.132,125.16 2 1
github.com/Notifuse/notifuse/internal/service/contact_list_service.go:125.16,127.3 1 1
github.com/Notifuse/notifuse/internal/service/contact_list_service.go:129.2,130.16 2 1
github.com/Notifuse/notifuse/internal/service/contact_list_service.go:130.16,132.3 1 1
github.com/Notifuse/notifuse/internal/service/contact_list_service.go:134.2,135.16 2 1
github.com/Notifuse/notifuse/internal/service/contact_list_service.go:135.16,139.3 2 1
github.com/Notifuse/notifuse/internal/service/contact_list_service.go:141.2,141.26 1 1
github.com/Notifuse/notifuse/internal/service/contact_list_service.go:144.156,147.16 2 1
github.com/Notifuse/notifuse/internal/service/contact_list_service.go:147.16,149.3 1 1
github.com/Notifuse/notifuse/internal/service/contact_list_service.go:151.2,152.16 2 1
github.com/Notifuse/notifuse/internal/service/contact_list_service.go:152.16,154.3 1 1
github.com/Notifuse/notifuse/internal/service/contact_list_service.go:156.2,156.96 1 1
github.com/Notifuse/notifuse/internal/service/contact_list_service.go:156.96,161.3 2 1
github.com/Notifuse/notifuse/internal/service/contact_list_service.go:163.2,163.12 1 1
github.com/Notifuse/notifuse/internal/service/contact_list_service.go:166.121,168.16 2 1
github.com/Notifuse/notifuse/internal/service/contact_list_service.go:168.16,170.3 1 1
github.com/Notifuse/notifuse/internal/service/contact_list_service.go:172.2,172.86 1 1
github.com/Notifuse/notifuse/internal/service/contact_list_service.go:172.86,177.3 2 1
github.com/Notifuse/notifuse/internal/service/contact_list_service.go:179.2,179.12 1 1
github.com/Notifuse/notifuse/internal/service/contact_service.go:19.167,26.2 1 1
github.com/Notifuse/notifuse/internal/service/contact_service.go:28.124,31.16 2 1
github.com/Notifuse/notifuse/internal/service/contact_service.go:31.16,33.3 1 1
github.com/Notifuse/notifuse/internal/service/contact_service.go:35.2,36.16 2 1
github.com/Notifuse/notifuse/internal/service/contact_service.go:36.16,37.52 1 1
github.com/Notifuse/notifuse/internal/service/contact_service.go:37.52,39.4 1 1
github.com/Notifuse/notifuse/internal/service/contact_service.go:40.3,41.68 2 1
github.com/Notifuse/notifuse/internal/service/contact_service.go:44.2,44.21 1 1
github.com/Notifuse/notifuse/internal/service/contact_service.go:47.134,50.16 2 1
github.com/Notifuse/notifuse/internal/service/contact_service.go:50.16,52.3 1 1
github.com/Notifuse/notifuse/internal/service/contact_service.go:54.2,55.16 2 1
github.com/Notifuse/notifuse/internal/service/contact_service.go:55.16,56.52 1 1
github.com/Notifuse/notifuse/internal/service/contact_service.go:56.52,58.4 1 1
github.com/Notifuse/notifuse/internal/service/contact_service.go:59.3,60.74 2 1
github.com/Notifuse/notifuse/internal/service/contact_service.go:63.2,63.21 1 1
github.com/Notifuse/notifuse/internal/service/contact_service.go:66.128,70.16 2 1
github.com/Notifuse/notifuse/internal/service/contact_service.go:70.16,72.3 1 1
github.com/Notifuse/notifuse/internal/service/contact_service.go:74.2,75.16 2 1
github.com/Notifuse/notifuse/internal/service/contact_service.go:75.16,78.3 2 1
github.com/Notifuse/notifuse/internal/service/contact_service.go:80.2,80.22 1 1
github.com/Notifuse/notifuse/internal/service/contact_service.go:83.101,86.16 2 1
github.com/Notifuse/notifuse/internal/service/contact_service.go:86.16,88.3 1 1
github.com/Notifuse/notifuse/internal/service/contact_service.go:90.2,90.70 1 1
github.com/Notifuse/notifuse/internal/service/contact_service.go:90.70,93.3 2 1
github.com/Notifuse/notifuse/internal/service/contact_service.go:95.2,95.12 1 1
github.com/Notifuse/notifuse/internal/service/contact_service.go:98.121,101.16 2 1
github.com/Notifuse/notifuse/internal/service/contact_service.go:101.16,103.3 1 1
github.com/Notifuse/notifuse/internal/service/contact_service.go:106.2,106.35 1 1
github.com/Notifuse/notifuse/internal/service/contact_service.go:106.35,111.44 4 1
github.com/Notifuse/notifuse/internal/service/contact_service.go:111.44,113.4 1 1
github.com/Notifuse/notifuse/internal/service/contact_service.go:117.2,117.79 1 1
github.com/Notifuse/notifuse/internal/service/contact_service.go:117.79,120.3 2 1
github.com/Notifuse/notifuse/internal/service/contact_service.go:122.2,122.12 1 1
github.com/Notifuse/notifuse/internal/service/contact_service.go:125.120,128.16 2 1
github.com/Notifuse/notifuse/internal/service/contact_service.go:128.16,130.3 1 1
github.com/Notifuse/notifuse/internal/service/contact_service.go:132.2,134.32 2 1
github.com/Notifuse/notifuse/internal/service/contact_service.go:134.32,136.3 1 1
github.com/Notifuse/notifuse/internal/service/contact_service.go:137.2,139.43 2 1
github.com/Notifuse/notifuse/internal/service/contact_service.go:139.43,141.3 1 1
github.com/Notifuse/notifuse/internal/service/contact_service.go:143.2,144.16 2 1
github.com/Notifuse/notifuse/internal/service/contact_service.go:144.16,147.3 2 1
github.com/Notifuse/notifuse/internal/service/contact_service.go:149.2,149.21 1 1
github.com/Notifuse/notifuse/internal/service/list_service.go:18.116,24.2 1 1
github.com/Notifuse/notifuse/internal/service/list_service.go:26.100,28.16 2 1
github.com/Notifuse/notifuse/internal/service/list_service.go:28.16,30.3 1 1
github.com/Notifuse/notifuse/internal/service/list_service.go:32.2,36.40 4 1
github.com/Notifuse/notifuse/internal/service/list_service.go:36.40,38.3 1 1
github.com/Notifuse/notifuse/internal/service/list_service.go:40.2,40.66 1 1
github.com/Notifuse/notifuse/internal/service/list_service.go:40.66,43.3 2 1
github.com/Notifuse/notifuse/internal/service/list_service.go:45.2,45.12 1 1
github.com/Notifuse/notifuse/internal/service/list_service.go:48.109,50.16 2 1
github.com/Notifuse/notifuse/internal/service/list_service.go:50.16,52.3 1 1
github.com/Notifuse/notifuse/internal/service/list_service.go:54.2,55.16 2 1
github.com/Notifuse/notifuse/internal/service/list_service.go:55.16,56.49 1 1
github.com/Notifuse/notifuse/internal/service/list_service.go:56.49,58.4 1 1
github.com/Notifuse/notifuse/internal/service/list_service.go:59.3,60.56 2 1
github.com/Notifuse/notifuse/internal/service/list_service.go:63.2,63.18 1 1
github.com/Notifuse/notifuse/internal/service/list_service.go:66.97,68.16 2 1
github.com/Notifuse/notifuse/internal/service/list_service.go:68.16,70.3 1 1
github.com/Notifuse/notifuse/internal/service/list_service.go:72.2,73.16 2 1
github.com/Notifuse/notifuse/internal/service/list_service.go:73.16,76.3 2 1
github.com/Notifuse/notifuse/internal/service/list_service.go:78.2,78.19 1 1
github.com/Notifuse/notifuse/internal/service/list_service.go:81.100,83.16 2 1
github.com/Notifuse/notifuse/internal/service/list_service.go:83.16,85.3 1 1
github.com/Notifuse/notifuse/internal/service/list_service.go:87.2,89.40 2 1
github.com/Notifuse/notifuse/internal/service/list_service.go:89.40,91.3 1 1
github.com/Notifuse/notifuse/internal/service/list_service.go:93.2,93.66 1 1
github.com/Notifuse/notifuse/internal/service/list_service.go:93.66,96.3 2 1
github.com/Notifuse/notifuse/internal/service/list_service.go:98.2,98.12 1 1
github.com/Notifuse/notifuse/internal/service/list_service.go:101.92,103.16 2 1
github.com/Notifuse/notifuse/internal/service/list_service.go:103.16,105.3 1 1
github.com/Notifuse/notifuse/internal/service/list_service.go:107.2,107.64 1 1
github.com/Notifuse/notifuse/internal/service/list_service.go:107.64,110.3 2 1
github.com/Notifuse/notifuse/internal/service/list_service.go:112.2,112.12 1 1
github.com/Notifuse/notifuse/internal/service/test_mocks.go:18.131,20.24 2 1
github.com/Notifuse/notifuse/internal/service/test_mocks.go:20.24,22.3 1 1
github.com/Notifuse/notifuse/internal/service/test_mocks.go:23.2,23.53 1 1
github.com/Notifuse/notifuse/internal/service/test_mocks.go:26.128,29.2 2 1
github.com/Notifuse/notifuse/internal/service/test_mocks.go:31.108,34.2 2 1
github.com/Notifuse/notifuse/internal/service/test_mocks.go:36.141,38.24 2 1
github.com/Notifuse/notifuse/internal/service/test_mocks.go:38.24,40.3 1 1
github.com/Notifuse/notifuse/internal/service/test_mocks.go:41.2,41.53 1 1
github.com/Notifuse/notifuse/internal/service/test_mocks.go:44.135,46.24 2 1
github.com/Notifuse/notifuse/internal/service/test_mocks.go:46.24,48.3 1 1
github.com/Notifuse/notifuse/internal/service/test_mocks.go:49.2,49.65 1 1
github.com/Notifuse/notifuse/internal/service/test_mocks.go:52.127,55.2 2 1
github.com/Notifuse/notifuse/internal/service/test_mocks.go:62.98,65.2 2 1
github.com/Notifuse/notifuse/internal/service/test_mocks.go:67.102,69.24 2 1
github.com/Notifuse/notifuse/internal/service/test_mocks.go:69.24,71.3 1 1
github.com/Notifuse/notifuse/internal/service/test_mocks.go:72.2,72.55 1 1
github.com/Notifuse/notifuse/internal/service/test_mocks.go:75.90,77.24 2 0
github.com/Notifuse/notifuse/internal/service/test_mocks.go:77.24,79.3 1 0
github.com/Notifuse/notifuse/internal/service/test_mocks.go:80.2,80.57 1 0
github.com/Notifuse/notifuse/internal/service/test_mocks.go:83.98,86.2 2 1
github.com/Notifuse/notifuse/internal/service/test_mocks.go:88.80,91.2 2 1
github.com/Notifuse/notifuse/internal/service/test_mocks.go:93.107,95.24 2 0
github.com/Notifuse/notifuse/internal/service/test_mocks.go:95.24,97.3 1 0
github.com/Notifuse/notifuse/internal/service/test_mocks.go:98.2,98.45 1 0
github.com/Notifuse/notifuse/internal/service/test_mocks.go:101.97,104.2 2 0
github.com/Notifuse/notifuse/internal/service/test_mocks.go:106.97,109.2 2 0
github.com/Notifuse/notifuse/internal/service/test_mocks.go:111.118,114.2 2 1
github.com/Notifuse/notifuse/internal/service/test_mocks.go:116.121,119.2 2 1
github.com/Notifuse/notifuse/internal/service/test_mocks.go:121.122,123.24 2 1
github.com/Notifuse/notifuse/internal/service/test_mocks.go:123.24,125.3 1 1
github.com/Notifuse/notifuse/internal/service/test_mocks.go:126.2,126.61 1 1
github.com/Notifuse/notifuse/internal/service/test_mocks.go:129.145,131.24 2 1
github.com/Notifuse/notifuse/internal/service/test_mocks.go:131.24,133.3 1 1
github.com/Notifuse/notifuse/internal/service/test_mocks.go:134.2,134.70 1 1
github.com/Notifuse/notifuse/internal/service/test_mocks.go:137.139,139.24 2 1
github.com/Notifuse/notifuse/internal/service/test_mocks.go:139.24,141.3 1 1
github.com/Notifuse/notifuse/internal/service/test_mocks.go:142.2,142.59 1 1
github.com/Notifuse/notifuse/internal/service/test_mocks.go:145.119,148.2 2 1
github.com/Notifuse/notifuse/internal/service/test_mocks.go:150.122,152.24 2 0
github.com/Notifuse/notifuse/internal/service/test_mocks.go:152.24,154.3 1 0
github.com/Notifuse/notifuse/internal/service/test_mocks.go:155.2,155.65 1 0
github.com/Notifuse/notifuse/internal/service/test_mocks.go:158.141,160.24 2 0
github.com/Notifuse/notifuse/internal/service/test_mocks.go:160.24,162.3 1 0
github.com/Notifuse/notifuse/internal/service/test_mocks.go:163.2,163.65 1 0
github.com/Notifuse/notifuse/internal/service/test_mocks.go:166.120,169.2 2 1
github.com/Notifuse/notifuse/internal/service/test_mocks.go:176.98,178.24 2 1
github.com/Notifuse/notifuse/internal/service/test_mocks.go:178.24,180.3 1 1
github.com/Notifuse/notifuse/internal/service/test_mocks.go:181.2,181.50 1 1
github.com/Notifuse/notifuse/internal/service/test_mocks.go:184.119,186.24 2 1
github.com/Notifuse/notifuse/internal/service/test_mocks.go:186.24,188.3 1 1
github.com/Notifuse/notifuse/internal/service/test_mocks.go:189.2,189.50 1 1
github.com/Notifuse/notifuse/internal/service/test_mocks.go:192.114,194.24 2 0
github.com/Notifuse/notifuse/internal/service/test_mocks.go:194.24,196.3 1 0
github.com/Notifuse/notifuse/internal/service/test_mocks.go:197.2,197.50 1 0
github.com/Notifuse/notifuse/internal/service/test_mocks.go:200.110,203.2 2 0
github.com/Notifuse/notifuse/internal/service/test_mocks.go:205.98,208.2 2 1
github.com/Notifuse/notifuse/internal/service/test_mocks.go:210.72,213.2 2 0
github.com/Notifuse/notifuse/internal/service/test_mocks.go:220.134,223.2 2 1
github.com/Notifuse/notifuse/internal/service/test_mocks.go:225.149,227.24 2 1
github.com/Notifuse/notifuse/internal/service/test_mocks.go:227.24,229.3 1 1
github.com/Notifuse/notifuse/internal/service/test_mocks.go:230.2,230.57 1 1
github.com/Notifuse/notifuse/internal/service/test_mocks.go:233.144,235.24 2 1
github.com/Notifuse/notifuse/internal/service/test_mocks.go:235.24,237.3 1 1
github.com/Notifuse/notifuse/internal/service/test_mocks.go:238.2,238.59 1 1
github.com/Notifuse/notifuse/internal/service/test_mocks.go:241.139,243.24 2 1
github.com/Notifuse/notifuse/internal/service/test_mocks.go:243.24,245.3 1 1
github.com/Notifuse/notifuse/internal/service/test_mocks.go:246.2,246.59 1 1
github.com/Notifuse/notifuse/internal/service/test_mocks.go:249.163,252.2 2 1
github.com/Notifuse/notifuse/internal/service/test_mocks.go:254.128,257.2 2 1
github.com/Notifuse/notifuse/internal/service/user_service.go:36.66,45.2 1 1
github.com/Notifuse/notifuse/internal/service/user_service.go:74.86,77.16 2 1
github.com/Notifuse/notifuse/internal/service/user_service.go:77.16,78.50 1 1
github.com/Notifuse/notifuse/internal/service/user_service.go:78.50,81.4 2 0
github.com/Notifuse/notifuse/internal/service/user_service.go:84.3,90.54 2 1
github.com/Notifuse/notifuse/internal/service/user_service.go:90.54,93.4 2 0
github.com/Notifuse/notifuse/internal/service/user_service.go:97.2,111.59 5 1
github.com/Notifuse/notifuse/internal/service/user_service.go:111.59,114.3 2 0
github.com/Notifuse/notifuse/internal/service/user_service.go:118.2,118.21 1 1
github.com/Notifuse/notifuse/internal/service/user_service.go:118.21,120.3 1 1
github.com/Notifuse/notifuse/internal/service/user_service.go:123.2,123.70 1 1
github.com/Notifuse/notifuse/internal/service/user_service.go:123.70,126.3 2 0
github.com/Notifuse/notifuse/internal/service/user_service.go:128.2,128.16 1 1
github.com/Notifuse/notifuse/internal/service/user_service.go:131.101,134.16 2 1
github.com/Notifuse/notifuse/internal/service/user_service.go:134.16,137.3 2 0
github.com/Notifuse/notifuse/internal/service/user_service.go:140.2,141.16 2 1
github.com/Notifuse/notifuse/internal/service/user_service.go:141.16,144.3 2 0
github.com/Notifuse/notifuse/internal/service/user_service.go:147.2,148.35 2 1
github.com/Notifuse/notifuse/internal/service/user_service.go:148.35,149.38 1 1
github.com/Notifuse/notifuse/internal/service/user_service.go:149.38,151.9 2 1
github.com/Notifuse/notifuse/internal/service/user_service.go:155.2,155.28 1 1
github.com/Notifuse/notifuse/internal/service/user_service.go:155.28,158.3 2 1
github.com/Notifuse/notifuse/internal/service/user_service.go:161.2,161.56 1 1
github.com/Notifuse/notifuse/internal/service/user_service.go:161.56,164.3 2 1
github.com/Notifuse/notifuse/internal/service/user_service.go:167.2,170.67 3 1
github.com/Notifuse/notifuse/internal/service/user_service.go:170.67,173.3 2 0
github.com/Notifuse/notifuse/internal/service/user_service.go:176.2,182.8 2 1
github.com/Notifuse/notifuse/internal/service/user_service.go:185.50,189.16 3 1
github.com/Notifuse/notifuse/internal/service/user_service.go:189.16,192.3 2 0
github.com/Notifuse/notifuse/internal/service/user_service.go:195.2,197.37 3 1
github.com/Notifuse/notifuse/internal/service/user_service.go:201.26,204.2 1 1
github.com/Notifuse/notifuse/internal/service/user_service.go:207.117,210.16 2 1
github.com/Notifuse/notifuse/internal/service/user_service.go:210.16,213.3 2 1
github.com/Notifuse/notifuse/internal/service/user_service.go:216.2,216.30 1 1
github.com/Notifuse/notifuse/internal/service/user_service.go:216.30,219.3 2 1
github.com/Notifuse/notifuse/internal/service/user_service.go:222.2,222.41 1 1
github.com/Notifuse/notifuse/internal/service/user_service.go:222.41,225.3 2 1
github.com/Notifuse/notifuse/internal/service/user_service.go:228.2,229.16 2 1
github.com/Notifuse/notifuse/internal/service/user_service.go:229.16,232.3 2 1
github.com/Notifuse/notifuse/internal/service/user_service.go:234.2,234.18 1 1
github.com/Notifuse/notifuse/internal/service/user_service.go:238.93,240.16 2 1
github.com/Notifuse/notifuse/internal/service/user_service.go:240.16,243.3 2 1
github.com/Notifuse/notifuse/internal/service/user_service.go:244.2,244.18 1 1
github.com/Notifuse/notifuse/internal/service/user_service.go:248.95,250.16 2 1
github.com/Notifuse/notifuse/internal/service/user_service.go:250.16,253.3 2 1
github.com/Notifuse/notifuse/internal/service/user_service.go:254.2,254.18 1 1
github.com/Notifuse/notifuse/internal/service/workspace_service.go:32.21,41.2 1 1
github.com/Notifuse/notifuse/internal/service/workspace_service.go:44.93,47.16 2 1
github.com/Notifuse/notifuse/internal/service/workspace_service.go:47.16,49.3 1 1
github.com/Notifuse/notifuse/internal/service/workspace_service.go:51.2,52.16 2 1
github.com/Notifuse/notifuse/internal/service/workspace_service.go:52.16,55.3 2 1
github.com/Notifuse/notifuse/internal/service/workspace_service.go:58.2,58.30 1 1
github.com/Notifuse/notifuse/internal/service/workspace_service.go:58.30,60.3 1 1
github.com/Notifuse/notifuse/internal/service/workspace_service.go:62.2,63.36 2 1
github.com/Notifuse/notifuse/internal/service/workspace_service.go:63.36,65.17 2 1
github.com/Notifuse/notifuse/internal/service/workspace_service.go:65.17,68.4 2 1
github.com/Notifuse/notifuse/internal/service/workspace_service.go:69.3,69.45 1 1
github.com/Notifuse/notifuse/internal/service/workspace_service.go:72.2,72.24 1 1
github.com/Notifuse/notifuse/internal/service/workspace_service.go:76.100,79.16 2 1
github.com/Notifuse/notifuse/internal/service/workspace_service.go:79.16,81.3 1 0
github.com/Notifuse/notifuse/internal/service/workspace_service.go:83.2,84.16 2 1
github.com/Notifuse/notifuse/internal/service/workspace_service.go:84.16,87.3 2 1
github.com/Notifuse/notifuse/internal/service/workspace_service.go:89.2,90.16 2 1
github.com/Notifuse/notifuse/internal/service/workspace_service.go:90.16,93.3 2 1
github.com/Notifuse/notifuse/internal/service/workspace_service.go:95.2,95.23 1 1
github.com/Notifuse/notifuse/internal/service/workspace_service.go:99.185,102.16 2 1
github.com/Notifuse/notifuse/internal/service/workspace_service.go:102.16,104.3 1 0
github.com/Notifuse/notifuse/internal/service/workspace_service.go:106.2,119.45 2 1
github.com/Notifuse/notifuse/internal/service/workspace_service.go:119.45,122.3 2 1
github.com/Notifuse/notifuse/internal/service/workspace_service.go:124.2,124.54 1 1
github.com/Notifuse/notifuse/internal/service/workspace_service.go:124.54,127.3 2 1
github.com/Notifuse/notifuse/internal/service/workspace_service.go:130.2,138.49 2 1
github.com/Notifuse/notifuse/internal/service/workspace_service.go:138.49,141.3 2 0
github.com/Notifuse/notifuse/internal/service/workspace_service.go:143.2,143.70 1 1
github.com/Notifuse/notifuse/internal/service/workspace_service.go:143.70,146.3 2 1
github.com/Notifuse/notifuse/internal/service/workspace_service.go:148.2,148.23 1 1
github.com/Notifuse/notifuse/internal/service/workspace_service.go:152.185,155.16 2 1
github.com/Notifuse/notifuse/internal/service/workspace_service.go:155.16,157.3 1 0
github.com/Notifuse/notifuse/internal/service/workspace_service.go:160.2,161.16 2 1
github.com/Notifuse/notifuse/internal/service/workspace_service.go:161.16,164.3 2 0
github.com/Notifuse/notifuse/internal/service/workspace_service.go:166.2,166.35 1 1
github.com/Notifuse/notifuse/internal/service/workspace_service.go:166.35,169.3 2 1
github.com/Notifuse/notifuse/internal/service/workspace_service.go:171.2,183.45 2 1
github.com/Notifuse/notifuse/internal/service/workspace_service.go:183.45,186.3 2 1
github.com/Notifuse/notifuse/internal/service/workspace_service.go:188.2,188.54 1 1
github.com/Notifuse/notifuse/internal/service/workspace_service.go:188.54,191.3 2 1
github.com/Notifuse/notifuse/internal/service/workspace_service.go:193.2,193.23 1 1
github.com/Notifuse/notifuse/internal/service/workspace_service.go:197.82,200.16 2 1
github.com/Notifuse/notifuse/internal/service/workspace_service.go:200.16,202.3 1 0
github.com/Notifuse/notifuse/internal/service/workspace_service.go:204.2,205.16 2 1
github.com/Notifuse/notifuse/internal/service/workspace_service.go:205.16,208.3 2 0
github.com/Notifuse/notifuse/internal/service/workspace_service.go:210.2,210.35 1 1
github.com/Notifuse/notifuse/internal/service/workspace_service.go:210.35,213.3 2 1
github.com/Notifuse/notifuse/internal/service/workspace_service.go:215.2,215.47 1 1
github.com/Notifuse/notifuse/internal/service/workspace_service.go:215.47,218.3 2 0
github.com/Notifuse/notifuse/internal/service/workspace_service.go:220.2,220.12 1 1
github.com/Notifuse/notifuse/internal/service/workspace_service.go:224.122,227.16 2 1
github.com/Notifuse/notifuse/internal/service/workspace_service.go:227.16,229.3 1 0
github.com/Notifuse/notifuse/internal/service/workspace_service.go:232.2,233.16 2 1
github.com/Notifuse/notifuse/internal/service/workspace_service.go:233.16,236.3 2 0
github.com/Notifuse/notifuse/internal/service/workspace_service.go:238.2,238.40 1 1
github.com/Notifuse/notifuse/internal/service/workspace_service.go:238.40,241.3 2 1
github.com/Notifuse/notifuse/internal/service/workspace_service.go:243.2,251.49 2 1
github.com/Notifuse/notifuse/internal/service/workspace_service.go:251.49,254.3 2 1
github.com/Notifuse/notifuse/internal/service/workspace_service.go:256.2,256.70 1 1
github.com/Notifuse/notifuse/internal/service/workspace_service.go:256.70,259.3 2 0
github.com/Notifuse/notifuse/internal/service/workspace_service.go:261.2,261.12 1 1
github.com/Notifuse/notifuse/internal/service/workspace_service.go:265.114,268.16 2 1
github.com/Notifuse/notifuse/internal/service/workspace_service.go:268.16,270.3 1 0
github.com/Notifuse/notifuse/internal/service/workspace_service.go:272.2,273.16 2 1
github.com/Notifuse/notifuse/internal/service/workspace_service.go:273.16,276.3 2 0
github.com/Notifuse/notifuse/internal/service/workspace_service.go:278.2,278.40 1 1
github.com/Notifuse/notifuse/internal/service/workspace_service.go:278.40,281.3 2 1
github.com/Notifuse/notifuse/internal/service/workspace_service.go:284.2,284.23 1 1
github.com/Notifuse/notifuse/internal/service/workspace_service.go:284.23,287.3 2 1
github.com/Notifuse/notifuse/internal/service/workspace_service.go:289.2,289.81 1 1
github.com/Notifuse/notifuse/internal/service/workspace_service.go:289.81,292.3 2 0
github.com/Notifuse/notifuse/internal/service/workspace_service.go:294.2,294.12 1 1
github.com/Notifuse/notifuse/internal/service/workspace_service.go:298.135,301.16 2 1
github.com/Notifuse/notifuse/internal/service/workspace_service.go:301.16,303.3 1 0
github.com/Notifuse/notifuse/internal/service/workspace_service.go:306.2,307.16 2 1
github.com/Notifuse/notifuse/internal/service/workspace_service.go:307.16,310.3 2 0
github.com/Notifuse/notifuse/internal/service/workspace_service.go:312.2,312.43 1 1
github.com/Notifuse/notifuse/internal/service/workspace_service.go:312.43,315.3 2 1
github.com/Notifuse/notifuse/internal/service/workspace_service.go:318.2,319.16 2 1
github.com/Notifuse/notifuse/internal/service/workspace_service.go:319.16,322.3 2 1
github.com/Notifuse/notifuse/internal/service/workspace_service.go:324.2,324.40 1 1
github.com/Notifuse/notifuse/internal/service/workspace_service.go:324.40,327.3 2 0
github.com/Notifuse/notifuse/internal/service/workspace_service.go:330.2,332.74 3 1
github.com/Notifuse/notifuse/internal/service/workspace_service.go:332.74,335.3 2 0
github.com/Notifuse/notifuse/internal/service/workspace_service.go:338.2,340.78 3 1
github.com/Notifuse/notifuse/internal/service/workspace_service.go:340.78,343.3 2 0
github.com/Notifuse/notifuse/internal/service/workspace_service.go:345.2,345.12 1 1
github.com/Notifuse/notifuse/internal/service/workspace_service.go:349.134,352.16 2 1
github.com/Notifuse/notifuse/internal/service/workspace_service.go:352.16,354.3 1 0
github.com/Notifuse/notifuse/internal/service/workspace_service.go:357.2,357.26 1 1
github.com/Notifuse/notifuse/internal/service/workspace_service.go:357.26,359.3 1 1
github.com/Notifuse/notifuse/internal/service/workspace_service.go:362.2,363.16 2 1
github.com/Notifuse/notifuse/internal/service/workspace_service.go:363.16,366.3 2 1
github.com/Notifuse/notifuse/internal/service/workspace_service.go:367.2,367.22 1 1
github.com/Notifuse/notifuse/internal/service/workspace_service.go:367.22,369.3 1 0
github.com/Notifuse/notifuse/internal/service/workspace_service.go:372.2,373.16 2 1
github.com/Notifuse/notifuse/internal/service/workspace_service.go:373.16,376.3 2 0
github.com/Notifuse/notifuse/internal/service/workspace_service.go:377.2,377.15 1 1
github.com/Notifuse/notifuse/internal/service/workspace_service.go:377.15,379.3 1 1
github.com/Notifuse/notifuse/internal/service/workspace_service.go:382.2,383.16 2 1
github.com/Notifuse/notifuse/internal/service/workspace_service.go:383.16,386.3 2 0
github.com/Notifuse/notifuse/internal/service/workspace_service.go:387.2,388.23 2 1
github.com/Notifuse/notifuse/internal/service/workspace_service.go:388.23,390.3 1 0
github.com/Notifuse/notifuse/internal/service/workspace_service.go:393.2,394.39 2 1
github.com/Notifuse/notifuse/internal/service/workspace_service.go:394.39,397.17 2 1
github.com/Notifuse/notifuse/internal/service/workspace_service.go:397.17,400.4 2 0
github.com/Notifuse/notifuse/internal/service/workspace_service.go:401.3,401.15 1 1
github.com/Notifuse/notifuse/internal/service/workspace_service.go:401.15,403.4 1 1
github.com/Notifuse/notifuse/internal/service/workspace_service.go:406.3,414.17 3 1
github.com/Notifuse/notifuse/internal/service/workspace_service.go:414.17,417.4 2 0
github.com/Notifuse/notifuse/internal/service/workspace_service.go:420.3,420.22 1 1
github.com/Notifuse/notifuse/internal/service/workspace_service.go:425.2,439.16 5 1
github.com/Notifuse/notifuse/internal/service/workspace_service.go:439.16,442.3 2 0
github.com/Notifuse/notifuse/internal/service/workspace_service.go:445.2,448.31 2 1
github.com/Notifuse/notifuse/internal/service/workspace_service.go:448.31,450.17 2 0
github.com/Notifuse/notifuse/internal/service/workspace_service.go:450.17,453.4 1 0
github.com/Notifuse/notifuse/internal/service/workspace_service.go:456.3,456.29 1 0
github.com/Notifuse/notifuse/internal/service/workspace_service.go:460.2,460.31 1 1
github.com/Notifuse/notifuse/internal/service/workspace_service.go:464.38,467.2 1 1
github.com/Notifuse/notifuse/internal/service/workspace_service.go:470.131,473.16 2 1
github.com/Notifuse/notifuse/internal/service/workspace_service.go:473.16,475.3 1 0
github.com/Notifuse/notifuse/internal/service/workspace_service.go:477.2,478.16 2 1
github.com/Notifuse/notifuse/internal/service/workspace_service.go:478.16,481.3 2 1
github.com/Notifuse/notifuse/internal/service/workspace_service.go:484.2,485.16 2 1
github.com/Notifuse/notifuse/internal/service/workspace_service.go:485.16,488.3 2 1
github.com/Notifuse/notifuse/internal/service/workspace_service.go:490.2,490.21 1 1
