mode: set
github.com/Notifuse/notifuse/internal/domain/mocks/mock_auth_repository.go:28.73,32.2 3 0
github.com/Notifuse/notifuse/internal/domain/mocks/mock_auth_repository.go:35.71,37.2 1 0
github.com/Notifuse/notifuse/internal/domain/mocks/mock_auth_repository.go:40.106,46.2 5 0
github.com/Notifuse/notifuse/internal/domain/mocks/mock_auth_repository.go:49.101,52.2 2 0
github.com/Notifuse/notifuse/internal/domain/mocks/mock_auth_repository.go:55.99,61.2 5 0
github.com/Notifuse/notifuse/internal/domain/mocks/mock_auth_repository.go:64.92,67.2 2 0
github.com/Notifuse/notifuse/internal/domain/mocks/mock_auth_service.go:29.67,33.2 3 0
github.com/Notifuse/notifuse/internal/domain/mocks/mock_auth_service.go:36.65,38.2 1 0
github.com/Notifuse/notifuse/internal/domain/mocks/mock_auth_service.go:41.113,47.2 5 0
github.com/Notifuse/notifuse/internal/domain/mocks/mock_auth_service.go:50.106,53.2 2 0
github.com/Notifuse/notifuse/internal/domain/mocks/mock_auth_service.go:56.99,62.2 5 0
github.com/Notifuse/notifuse/internal/domain/mocks/mock_auth_service.go:65.99,68.2 2 0
github.com/Notifuse/notifuse/internal/domain/mocks/mock_auth_service.go:71.100,76.2 4 0
github.com/Notifuse/notifuse/internal/domain/mocks/mock_auth_service.go:79.101,82.2 2 0
github.com/Notifuse/notifuse/internal/domain/mocks/mock_auth_service.go:85.92,90.2 4 0
github.com/Notifuse/notifuse/internal/domain/mocks/mock_auth_service.go:93.95,96.2 2 0
github.com/Notifuse/notifuse/internal/domain/mocks/mock_auth_service.go:99.72,104.2 4 0
github.com/Notifuse/notifuse/internal/domain/mocks/mock_auth_service.go:107.69,110.2 2 0
github.com/Notifuse/notifuse/internal/domain/mocks/mock_auth_service.go:113.108,119.2 5 0
github.com/Notifuse/notifuse/internal/domain/mocks/mock_auth_service.go:122.101,125.2 2 0
github.com/Notifuse/notifuse/internal/domain/mocks/mock_contact_list_service.go:27.81,31.2 3 0
github.com/Notifuse/notifuse/internal/domain/mocks/mock_contact_list_service.go:34.79,36.2 1 0
github.com/Notifuse/notifuse/internal/domain/mocks/mock_contact_list_service.go:39.118,44.2 4 0
github.com/Notifuse/notifuse/internal/domain/mocks/mock_contact_list_service.go:47.107,50.2 2 0
github.com/Notifuse/notifuse/internal/domain/mocks/mock_contact_list_service.go:53.130,59.2 5 0
github.com/Notifuse/notifuse/internal/domain/mocks/mock_contact_list_service.go:62.116,65.2 2 0
github.com/Notifuse/notifuse/internal/domain/mocks/mock_contact_list_service.go:68.126,74.2 5 0
github.com/Notifuse/notifuse/internal/domain/mocks/mock_contact_list_service.go:77.110,80.2 2 0
github.com/Notifuse/notifuse/internal/domain/mocks/mock_contact_list_service.go:83.122,89.2 5 0
github.com/Notifuse/notifuse/internal/domain/mocks/mock_contact_list_service.go:92.106,95.2 2 0
github.com/Notifuse/notifuse/internal/domain/mocks/mock_contact_list_service.go:98.109,103.2 4 0
github.com/Notifuse/notifuse/internal/domain/mocks/mock_contact_list_service.go:106.118,109.2 2 0
github.com/Notifuse/notifuse/internal/domain/mocks/mock_contact_list_service.go:112.142,117.2 4 0
github.com/Notifuse/notifuse/internal/domain/mocks/mock_contact_list_service.go:120.126,123.2 2 0
github.com/Notifuse/notifuse/internal/domain/mocks/mock_contact_repository.go:27.79,31.2 3 0
github.com/Notifuse/notifuse/internal/domain/mocks/mock_contact_repository.go:34.77,36.2 1 0
github.com/Notifuse/notifuse/internal/domain/mocks/mock_contact_repository.go:39.118,44.2 4 0
github.com/Notifuse/notifuse/internal/domain/mocks/mock_contact_repository.go:47.109,50.2 2 0
github.com/Notifuse/notifuse/internal/domain/mocks/mock_contact_repository.go:53.94,58.2 4 0
github.com/Notifuse/notifuse/internal/domain/mocks/mock_contact_repository.go:61.103,64.2 2 0
github.com/Notifuse/notifuse/internal/domain/mocks/mock_contact_repository.go:67.117,73.2 5 0
github.com/Notifuse/notifuse/internal/domain/mocks/mock_contact_repository.go:76.107,79.2 2 0
github.com/Notifuse/notifuse/internal/domain/mocks/mock_contact_repository.go:82.122,88.2 5 0
github.com/Notifuse/notifuse/internal/domain/mocks/mock_contact_repository.go:91.112,94.2 2 0
github.com/Notifuse/notifuse/internal/domain/mocks/mock_contact_repository.go:97.137,103.2 5 0
github.com/Notifuse/notifuse/internal/domain/mocks/mock_contact_repository.go:106.95,109.2 2 0
github.com/Notifuse/notifuse/internal/domain/mocks/mock_contact_repository.go:112.118,118.2 5 0
github.com/Notifuse/notifuse/internal/domain/mocks/mock_contact_repository.go:121.103,124.2 2 0
github.com/Notifuse/notifuse/internal/domain/mocks/mock_contact_service.go:27.73,31.2 3 0
github.com/Notifuse/notifuse/internal/domain/mocks/mock_contact_service.go:34.71,36.2 1 0
github.com/Notifuse/notifuse/internal/domain/mocks/mock_contact_service.go:39.115,44.2 4 0
github.com/Notifuse/notifuse/internal/domain/mocks/mock_contact_service.go:47.106,50.2 2 0
github.com/Notifuse/notifuse/internal/domain/mocks/mock_contact_service.go:53.91,58.2 4 0
github.com/Notifuse/notifuse/internal/domain/mocks/mock_contact_service.go:61.100,64.2 2 0
github.com/Notifuse/notifuse/internal/domain/mocks/mock_contact_service.go:67.114,73.2 5 0
github.com/Notifuse/notifuse/internal/domain/mocks/mock_contact_service.go:76.104,79.2 2 0
github.com/Notifuse/notifuse/internal/domain/mocks/mock_contact_service.go:82.119,88.2 5 0
github.com/Notifuse/notifuse/internal/domain/mocks/mock_contact_service.go:91.109,94.2 2 0
github.com/Notifuse/notifuse/internal/domain/mocks/mock_contact_service.go:97.134,103.2 5 0
github.com/Notifuse/notifuse/internal/domain/mocks/mock_contact_service.go:106.92,109.2 2 0
github.com/Notifuse/notifuse/internal/domain/mocks/mock_contact_service.go:112.115,118.2 5 0
github.com/Notifuse/notifuse/internal/domain/mocks/mock_contact_service.go:121.100,124.2 2 0
github.com/Notifuse/notifuse/internal/domain/mocks/mock_list_repository.go:27.73,31.2 3 0
github.com/Notifuse/notifuse/internal/domain/mocks/mock_list_repository.go:34.71,36.2 1 0
github.com/Notifuse/notifuse/internal/domain/mocks/mock_list_repository.go:39.101,44.2 4 0
github.com/Notifuse/notifuse/internal/domain/mocks/mock_list_repository.go:47.97,50.2 2 0
github.com/Notifuse/notifuse/internal/domain/mocks/mock_list_repository.go:53.88,58.2 4 0
github.com/Notifuse/notifuse/internal/domain/mocks/mock_list_repository.go:61.97,64.2 2 0
github.com/Notifuse/notifuse/internal/domain/mocks/mock_list_repository.go:67.105,73.2 5 0
github.com/Notifuse/notifuse/internal/domain/mocks/mock_list_repository.go:76.98,79.2 2 0
github.com/Notifuse/notifuse/internal/domain/mocks/mock_list_repository.go:82.98,88.2 5 0
github.com/Notifuse/notifuse/internal/domain/mocks/mock_list_repository.go:91.89,94.2 2 0
github.com/Notifuse/notifuse/internal/domain/mocks/mock_list_repository.go:97.101,102.2 4 0
github.com/Notifuse/notifuse/internal/domain/mocks/mock_list_repository.go:105.97,108.2 2 0
github.com/Notifuse/notifuse/internal/domain/mocks/mock_list_service.go:27.67,31.2 3 0
github.com/Notifuse/notifuse/internal/domain/mocks/mock_list_service.go:34.65,36.2 1 0
github.com/Notifuse/notifuse/internal/domain/mocks/mock_list_service.go:39.98,44.2 4 0
github.com/Notifuse/notifuse/internal/domain/mocks/mock_list_service.go:47.94,50.2 2 0
github.com/Notifuse/notifuse/internal/domain/mocks/mock_list_service.go:53.85,58.2 4 0
github.com/Notifuse/notifuse/internal/domain/mocks/mock_list_service.go:61.94,64.2 2 0
github.com/Notifuse/notifuse/internal/domain/mocks/mock_list_service.go:67.102,73.2 5 0
github.com/Notifuse/notifuse/internal/domain/mocks/mock_list_service.go:76.95,79.2 2 0
github.com/Notifuse/notifuse/internal/domain/mocks/mock_list_service.go:82.95,88.2 5 0
github.com/Notifuse/notifuse/internal/domain/mocks/mock_list_service.go:91.86,94.2 2 0
github.com/Notifuse/notifuse/internal/domain/mocks/mock_list_service.go:97.98,102.2 4 0
github.com/Notifuse/notifuse/internal/domain/mocks/mock_list_service.go:105.94,108.2 2 0
github.com/Notifuse/notifuse/internal/domain/mocks/mock_user_service.go:27.85,31.2 3 0
github.com/Notifuse/notifuse/internal/domain/mocks/mock_user_service.go:34.83,36.2 1 0
github.com/Notifuse/notifuse/internal/domain/mocks/mock_user_service.go:39.108,45.2 5 0
github.com/Notifuse/notifuse/internal/domain/mocks/mock_user_service.go:48.101,51.2 2 0
github.com/Notifuse/notifuse/internal/domain/mocks/mock_user_service.go:54.105,60.2 5 0
github.com/Notifuse/notifuse/internal/domain/mocks/mock_user_service.go:63.98,66.2 2 0
github.com/Notifuse/notifuse/internal/domain/mocks/mock_user_service.go:69.106,75.2 5 0
github.com/Notifuse/notifuse/internal/domain/mocks/mock_user_service.go:78.93,81.2 2 0
github.com/Notifuse/notifuse/internal/domain/mocks/mock_user_service.go:84.128,90.2 5 0
github.com/Notifuse/notifuse/internal/domain/mocks/mock_user_service.go:93.97,96.2 2 0
github.com/Notifuse/notifuse/internal/domain/mocks/mock_user_service.go:99.117,105.2 5 0
github.com/Notifuse/notifuse/internal/domain/mocks/mock_user_service.go:108.110,111.2 2 0
github.com/Notifuse/notifuse/internal/domain/mocks/mock_workspace_repository.go:28.83,32.2 3 0
github.com/Notifuse/notifuse/internal/domain/mocks/mock_workspace_repository.go:35.81,37.2 1 0
github.com/Notifuse/notifuse/internal/domain/mocks/mock_workspace_repository.go:40.110,45.2 4 0
github.com/Notifuse/notifuse/internal/domain/mocks/mock_workspace_repository.go:48.104,51.2 2 0
github.com/Notifuse/notifuse/internal/domain/mocks/mock_workspace_repository.go:54.94,59.2 4 0
github.com/Notifuse/notifuse/internal/domain/mocks/mock_workspace_repository.go:62.92,65.2 2 0
github.com/Notifuse/notifuse/internal/domain/mocks/mock_workspace_repository.go:68.91,73.2 4 0
github.com/Notifuse/notifuse/internal/domain/mocks/mock_workspace_repository.go:76.100,79.2 2 0
github.com/Notifuse/notifuse/internal/domain/mocks/mock_workspace_repository.go:82.114,87.2 4 0
github.com/Notifuse/notifuse/internal/domain/mocks/mock_workspace_repository.go:90.102,93.2 2 0
github.com/Notifuse/notifuse/internal/domain/mocks/mock_workspace_repository.go:96.83,101.2 4 0
github.com/Notifuse/notifuse/internal/domain/mocks/mock_workspace_repository.go:104.92,107.2 2 0
github.com/Notifuse/notifuse/internal/domain/mocks/mock_workspace_repository.go:110.91,115.2 4 0
github.com/Notifuse/notifuse/internal/domain/mocks/mock_workspace_repository.go:118.100,121.2 2 0
github.com/Notifuse/notifuse/internal/domain/mocks/mock_workspace_repository.go:124.105,130.2 5 0
github.com/Notifuse/notifuse/internal/domain/mocks/mock_workspace_repository.go:133.93,136.2 2 0
github.com/Notifuse/notifuse/internal/domain/mocks/mock_workspace_repository.go:139.101,145.2 5 0
github.com/Notifuse/notifuse/internal/domain/mocks/mock_workspace_repository.go:148.99,151.2 2 0
github.com/Notifuse/notifuse/internal/domain/mocks/mock_workspace_repository.go:154.134,160.2 5 0
github.com/Notifuse/notifuse/internal/domain/mocks/mock_workspace_repository.go:163.112,166.2 2 0
github.com/Notifuse/notifuse/internal/domain/mocks/mock_workspace_repository.go:169.125,175.2 5 0
github.com/Notifuse/notifuse/internal/domain/mocks/mock_workspace_repository.go:178.103,181.2 2 0
github.com/Notifuse/notifuse/internal/domain/mocks/mock_workspace_repository.go:184.124,190.2 5 0
github.com/Notifuse/notifuse/internal/domain/mocks/mock_workspace_repository.go:193.108,196.2 2 0
github.com/Notifuse/notifuse/internal/domain/mocks/mock_workspace_repository.go:199.121,205.2 5 0
github.com/Notifuse/notifuse/internal/domain/mocks/mock_workspace_repository.go:208.103,211.2 2 0
github.com/Notifuse/notifuse/internal/domain/mocks/mock_workspace_repository.go:214.139,220.2 5 0
github.com/Notifuse/notifuse/internal/domain/mocks/mock_workspace_repository.go:223.112,226.2 2 0
github.com/Notifuse/notifuse/internal/domain/mocks/mock_workspace_repository.go:229.112,235.2 5 0
github.com/Notifuse/notifuse/internal/domain/mocks/mock_workspace_repository.go:238.113,241.2 2 0
github.com/Notifuse/notifuse/internal/domain/mocks/mock_workspace_repository.go:244.91,250.2 5 0
github.com/Notifuse/notifuse/internal/domain/mocks/mock_workspace_repository.go:253.84,256.2 2 0
github.com/Notifuse/notifuse/internal/domain/mocks/mock_workspace_repository.go:259.106,264.2 4 0
github.com/Notifuse/notifuse/internal/domain/mocks/mock_workspace_repository.go:267.115,270.2 2 0
github.com/Notifuse/notifuse/internal/domain/mocks/mock_workspace_repository.go:273.94,278.2 4 0
github.com/Notifuse/notifuse/internal/domain/mocks/mock_workspace_repository.go:281.92,284.2 2 0
github.com/Notifuse/notifuse/internal/domain/mocks/mock_workspace_service.go:27.95,31.2 3 0
github.com/Notifuse/notifuse/internal/domain/mocks/mock_workspace_service.go:34.93,36.2 1 0
github.com/Notifuse/notifuse/internal/domain/mocks/mock_workspace_service.go:39.113,44.2 4 0
github.com/Notifuse/notifuse/internal/domain/mocks/mock_workspace_service.go:47.122,50.2 2 0
github.com/Notifuse/notifuse/internal/domain/mocks/mock_workspace_service.go:53.149,59.2 5 0
github.com/Notifuse/notifuse/internal/domain/mocks/mock_workspace_service.go:62.137,65.2 2 0
github.com/Notifuse/notifuse/internal/domain/mocks/mock_workspace_service.go:68.98,73.2 4 0
github.com/Notifuse/notifuse/internal/domain/mocks/mock_workspace_service.go:76.107,79.2 2 0
github.com/Notifuse/notifuse/internal/domain/mocks/mock_workspace_service.go:82.116,88.2 5 0
github.com/Notifuse/notifuse/internal/domain/mocks/mock_workspace_service.go:91.104,94.2 2 0
github.com/Notifuse/notifuse/internal/domain/mocks/mock_workspace_service.go:97.147,103.2 5 0
github.com/Notifuse/notifuse/internal/domain/mocks/mock_workspace_service.go:106.120,109.2 2 0
github.com/Notifuse/notifuse/internal/domain/mocks/mock_workspace_service.go:112.140,119.2 6 0
github.com/Notifuse/notifuse/internal/domain/mocks/mock_workspace_service.go:122.110,125.2 2 0
github.com/Notifuse/notifuse/internal/domain/mocks/mock_workspace_service.go:128.107,134.2 5 0
github.com/Notifuse/notifuse/internal/domain/mocks/mock_workspace_service.go:137.100,140.2 2 0
github.com/Notifuse/notifuse/internal/domain/mocks/mock_workspace_service.go:143.112,148.2 4 0
github.com/Notifuse/notifuse/internal/domain/mocks/mock_workspace_service.go:151.121,154.2 2 0
github.com/Notifuse/notifuse/internal/domain/mocks/mock_workspace_service.go:157.112,162.2 4 0
github.com/Notifuse/notifuse/internal/domain/mocks/mock_workspace_service.go:165.121,168.2 2 0
github.com/Notifuse/notifuse/internal/domain/mocks/mock_workspace_service.go:171.149,177.2 5 0
github.com/Notifuse/notifuse/internal/domain/mocks/mock_workspace_service.go:180.137,183.2 2 0
github.com/Notifuse/notifuse/internal/domain/contact.go:75.38,76.52 1 1
github.com/Notifuse/notifuse/internal/domain/contact.go:76.52,78.3 1 1
github.com/Notifuse/notifuse/internal/domain/contact.go:79.2,79.13 1 1
github.com/Notifuse/notifuse/internal/domain/contact.go:83.36,85.19 1 1
github.com/Notifuse/notifuse/internal/domain/contact.go:85.19,87.3 1 1
github.com/Notifuse/notifuse/internal/domain/contact.go:89.2,89.28 1 1
github.com/Notifuse/notifuse/internal/domain/contact.go:89.28,91.3 1 1
github.com/Notifuse/notifuse/internal/domain/contact.go:93.2,93.12 1 1
github.com/Notifuse/notifuse/internal/domain/contact.go:148.22,189.16 2 1
github.com/Notifuse/notifuse/internal/domain/contact.go:189.16,191.3 1 1
github.com/Notifuse/notifuse/internal/domain/contact.go:193.2,324.67 2 1
github.com/Notifuse/notifuse/internal/domain/contact.go:324.67,326.64 2 1
github.com/Notifuse/notifuse/internal/domain/contact.go:326.64,328.4 1 1
github.com/Notifuse/notifuse/internal/domain/contact.go:330.2,330.67 1 1
github.com/Notifuse/notifuse/internal/domain/contact.go:330.67,332.64 2 1
github.com/Notifuse/notifuse/internal/domain/contact.go:332.64,334.4 1 1
github.com/Notifuse/notifuse/internal/domain/contact.go:336.2,336.67 1 1
github.com/Notifuse/notifuse/internal/domain/contact.go:336.67,338.64 2 1
github.com/Notifuse/notifuse/internal/domain/contact.go:338.64,340.4 1 1
github.com/Notifuse/notifuse/internal/domain/contact.go:342.2,342.67 1 1
github.com/Notifuse/notifuse/internal/domain/contact.go:342.67,344.64 2 1
github.com/Notifuse/notifuse/internal/domain/contact.go:344.64,346.4 1 1
github.com/Notifuse/notifuse/internal/domain/contact.go:348.2,348.67 1 1
github.com/Notifuse/notifuse/internal/domain/contact.go:348.67,350.64 2 1
github.com/Notifuse/notifuse/internal/domain/contact.go:350.64,352.4 1 1
github.com/Notifuse/notifuse/internal/domain/contact.go:355.2,355.15 1 1
github.com/Notifuse/notifuse/internal/domain/contact.go:376.82,387.16 9 1
github.com/Notifuse/notifuse/internal/domain/contact.go:387.16,389.3 1 1
github.com/Notifuse/notifuse/internal/domain/contact.go:390.2,393.57 2 1
github.com/Notifuse/notifuse/internal/domain/contact.go:393.57,395.3 1 1
github.com/Notifuse/notifuse/internal/domain/contact.go:397.2,397.12 1 1
github.com/Notifuse/notifuse/internal/domain/contact.go:407.47,408.25 1 1
github.com/Notifuse/notifuse/internal/domain/contact.go:408.25,410.3 1 1
github.com/Notifuse/notifuse/internal/domain/contact.go:413.2,413.18 1 1
github.com/Notifuse/notifuse/internal/domain/contact.go:413.18,415.3 1 1
github.com/Notifuse/notifuse/internal/domain/contact.go:418.2,418.19 1 1
github.com/Notifuse/notifuse/internal/domain/contact.go:418.19,420.3 1 1
github.com/Notifuse/notifuse/internal/domain/contact.go:422.2,422.12 1 1
github.com/Notifuse/notifuse/internal/domain/contact.go:441.49,442.25 1 1
github.com/Notifuse/notifuse/internal/domain/contact.go:442.25,444.3 1 1
github.com/Notifuse/notifuse/internal/domain/contact.go:445.2,445.19 1 1
github.com/Notifuse/notifuse/internal/domain/contact.go:445.19,447.3 1 1
github.com/Notifuse/notifuse/internal/domain/contact.go:448.2,448.35 1 1
github.com/Notifuse/notifuse/internal/domain/contact.go:448.35,450.3 1 1
github.com/Notifuse/notifuse/internal/domain/contact.go:451.2,451.12 1 1
github.com/Notifuse/notifuse/internal/domain/contact.go:460.102,461.25 1 1
github.com/Notifuse/notifuse/internal/domain/contact.go:461.25,463.3 1 1
github.com/Notifuse/notifuse/internal/domain/contact.go:466.2,467.27 2 1
github.com/Notifuse/notifuse/internal/domain/contact.go:467.27,469.3 1 1
github.com/Notifuse/notifuse/internal/domain/contact.go:471.2,472.29 2 1
github.com/Notifuse/notifuse/internal/domain/contact.go:472.29,474.3 1 1
github.com/Notifuse/notifuse/internal/domain/contact.go:477.2,478.44 2 1
github.com/Notifuse/notifuse/internal/domain/contact.go:478.44,480.17 2 1
github.com/Notifuse/notifuse/internal/domain/contact.go:480.17,482.4 1 1
github.com/Notifuse/notifuse/internal/domain/contact.go:483.3,483.39 1 1
github.com/Notifuse/notifuse/internal/domain/contact.go:485.2,485.37 1 1
github.com/Notifuse/notifuse/internal/domain/contact.go:493.93,494.25 1 1
github.com/Notifuse/notifuse/internal/domain/contact.go:494.25,496.3 1 1
github.com/Notifuse/notifuse/internal/domain/contact.go:497.2,498.26 2 1
github.com/Notifuse/notifuse/internal/domain/contact.go:498.26,500.3 1 0
github.com/Notifuse/notifuse/internal/domain/contact.go:501.2,502.16 2 1
github.com/Notifuse/notifuse/internal/domain/contact.go:502.16,504.3 1 1
github.com/Notifuse/notifuse/internal/domain/contact.go:505.2,505.36 1 1
github.com/Notifuse/notifuse/internal/domain/contact.go:555.45,557.2 1 1
github.com/Notifuse/notifuse/internal/domain/contact.go:561.51,564.26 2 1
github.com/Notifuse/notifuse/internal/domain/contact.go:565.14,566.35 1 1
github.com/Notifuse/notifuse/internal/domain/contact.go:567.20,568.17 1 1
github.com/Notifuse/notifuse/internal/domain/contact.go:569.14,570.30 1 1
github.com/Notifuse/notifuse/internal/domain/contact.go:571.10,572.60 1 1
github.com/Notifuse/notifuse/internal/domain/contact.go:576.2,577.17 2 1
github.com/Notifuse/notifuse/internal/domain/contact.go:577.17,579.3 1 1
github.com/Notifuse/notifuse/internal/domain/contact.go:582.2,582.26 1 1
github.com/Notifuse/notifuse/internal/domain/contact.go:582.26,584.3 1 1
github.com/Notifuse/notifuse/internal/domain/contact.go:587.2,592.92 2 1
github.com/Notifuse/notifuse/internal/domain/contact.go:592.92,594.3 1 1
github.com/Notifuse/notifuse/internal/domain/contact.go:595.2,595.87 1 1
github.com/Notifuse/notifuse/internal/domain/contact.go:595.87,597.3 1 0
github.com/Notifuse/notifuse/internal/domain/contact.go:598.2,598.87 1 1
github.com/Notifuse/notifuse/internal/domain/contact.go:598.87,600.3 1 0
github.com/Notifuse/notifuse/internal/domain/contact.go:601.2,601.90 1 1
github.com/Notifuse/notifuse/internal/domain/contact.go:601.90,603.3 1 0
github.com/Notifuse/notifuse/internal/domain/contact.go:604.2,604.88 1 1
github.com/Notifuse/notifuse/internal/domain/contact.go:604.88,606.3 1 0
github.com/Notifuse/notifuse/internal/domain/contact.go:607.2,607.81 1 1
github.com/Notifuse/notifuse/internal/domain/contact.go:607.81,609.3 1 0
github.com/Notifuse/notifuse/internal/domain/contact.go:610.2,610.97 1 1
github.com/Notifuse/notifuse/internal/domain/contact.go:610.97,612.3 1 0
github.com/Notifuse/notifuse/internal/domain/contact.go:613.2,613.97 1 1
github.com/Notifuse/notifuse/internal/domain/contact.go:613.97,615.3 1 0
github.com/Notifuse/notifuse/internal/domain/contact.go:616.2,616.85 1 1
github.com/Notifuse/notifuse/internal/domain/contact.go:616.85,618.3 1 0
github.com/Notifuse/notifuse/internal/domain/contact.go:619.2,619.87 1 1
github.com/Notifuse/notifuse/internal/domain/contact.go:619.87,621.3 1 0
github.com/Notifuse/notifuse/internal/domain/contact.go:622.2,622.81 1 1
github.com/Notifuse/notifuse/internal/domain/contact.go:622.81,624.3 1 0
github.com/Notifuse/notifuse/internal/domain/contact.go:625.2,625.88 1 1
github.com/Notifuse/notifuse/internal/domain/contact.go:625.88,627.3 1 0
github.com/Notifuse/notifuse/internal/domain/contact.go:630.2,630.99 1 1
github.com/Notifuse/notifuse/internal/domain/contact.go:630.99,632.3 1 0
github.com/Notifuse/notifuse/internal/domain/contact.go:633.2,633.99 1 1
github.com/Notifuse/notifuse/internal/domain/contact.go:633.99,635.3 1 0
github.com/Notifuse/notifuse/internal/domain/contact.go:636.2,636.99 1 1
github.com/Notifuse/notifuse/internal/domain/contact.go:636.99,638.3 1 0
github.com/Notifuse/notifuse/internal/domain/contact.go:639.2,639.99 1 1
github.com/Notifuse/notifuse/internal/domain/contact.go:639.99,641.3 1 0
github.com/Notifuse/notifuse/internal/domain/contact.go:642.2,642.99 1 1
github.com/Notifuse/notifuse/internal/domain/contact.go:642.99,644.3 1 0
github.com/Notifuse/notifuse/internal/domain/contact.go:647.2,647.97 1 1
github.com/Notifuse/notifuse/internal/domain/contact.go:647.97,649.3 1 1
github.com/Notifuse/notifuse/internal/domain/contact.go:650.2,650.93 1 1
github.com/Notifuse/notifuse/internal/domain/contact.go:650.93,652.3 1 0
github.com/Notifuse/notifuse/internal/domain/contact.go:655.2,655.98 1 1
github.com/Notifuse/notifuse/internal/domain/contact.go:655.98,657.3 1 0
github.com/Notifuse/notifuse/internal/domain/contact.go:658.2,658.98 1 1
github.com/Notifuse/notifuse/internal/domain/contact.go:658.98,660.3 1 0
github.com/Notifuse/notifuse/internal/domain/contact.go:661.2,661.98 1 1
github.com/Notifuse/notifuse/internal/domain/contact.go:661.98,663.3 1 0
github.com/Notifuse/notifuse/internal/domain/contact.go:664.2,664.98 1 1
github.com/Notifuse/notifuse/internal/domain/contact.go:664.98,666.3 1 0
github.com/Notifuse/notifuse/internal/domain/contact.go:667.2,667.98 1 1
github.com/Notifuse/notifuse/internal/domain/contact.go:667.98,669.3 1 0
github.com/Notifuse/notifuse/internal/domain/contact.go:672.2,672.93 1 1
github.com/Notifuse/notifuse/internal/domain/contact.go:672.93,674.3 1 1
github.com/Notifuse/notifuse/internal/domain/contact.go:677.2,677.101 1 1
github.com/Notifuse/notifuse/internal/domain/contact.go:677.101,679.3 1 0
github.com/Notifuse/notifuse/internal/domain/contact.go:680.2,680.101 1 1
github.com/Notifuse/notifuse/internal/domain/contact.go:680.101,682.3 1 0
github.com/Notifuse/notifuse/internal/domain/contact.go:683.2,683.101 1 1
github.com/Notifuse/notifuse/internal/domain/contact.go:683.101,685.3 1 0
github.com/Notifuse/notifuse/internal/domain/contact.go:686.2,686.101 1 1
github.com/Notifuse/notifuse/internal/domain/contact.go:686.101,688.3 1 0
github.com/Notifuse/notifuse/internal/domain/contact.go:689.2,689.101 1 1
github.com/Notifuse/notifuse/internal/domain/contact.go:689.101,691.3 1 0
github.com/Notifuse/notifuse/internal/domain/contact.go:694.2,694.26 1 1
github.com/Notifuse/notifuse/internal/domain/contact.go:694.26,696.53 2 1
github.com/Notifuse/notifuse/internal/domain/contact.go:696.53,698.32 1 1
github.com/Notifuse/notifuse/internal/domain/contact.go:698.32,700.14 1 1
github.com/Notifuse/notifuse/internal/domain/contact.go:701.12,702.66 1 1
github.com/Notifuse/notifuse/internal/domain/contact.go:703.12,704.66 1 1
github.com/Notifuse/notifuse/internal/domain/contact.go:705.12,706.66 1 1
github.com/Notifuse/notifuse/internal/domain/contact.go:707.12,708.66 1 1
github.com/Notifuse/notifuse/internal/domain/contact.go:709.12,710.66 1 1
github.com/Notifuse/notifuse/internal/domain/contact.go:712.5,712.13 1 1
github.com/Notifuse/notifuse/internal/domain/contact.go:716.4,716.45 1 1
github.com/Notifuse/notifuse/internal/domain/contact.go:716.45,718.5 1 1
github.com/Notifuse/notifuse/internal/domain/contact.go:721.4,721.13 1 1
github.com/Notifuse/notifuse/internal/domain/contact.go:722.11,723.76 1 1
github.com/Notifuse/notifuse/internal/domain/contact.go:724.11,725.76 1 1
github.com/Notifuse/notifuse/internal/domain/contact.go:726.11,727.76 1 0
github.com/Notifuse/notifuse/internal/domain/contact.go:728.11,729.76 1 0
github.com/Notifuse/notifuse/internal/domain/contact.go:730.11,731.76 1 0
github.com/Notifuse/notifuse/internal/domain/contact.go:736.2,736.21 1 1
github.com/Notifuse/notifuse/internal/domain/contact.go:740.92,741.48 1 1
github.com/Notifuse/notifuse/internal/domain/contact.go:741.48,742.31 1 1
github.com/Notifuse/notifuse/internal/domain/contact.go:742.31,744.4 1 1
github.com/Notifuse/notifuse/internal/domain/contact.go:744.9,744.40 1 1
github.com/Notifuse/notifuse/internal/domain/contact.go:744.40,746.4 1 1
github.com/Notifuse/notifuse/internal/domain/contact.go:746.9,748.4 1 1
github.com/Notifuse/notifuse/internal/domain/contact.go:750.2,750.12 1 1
github.com/Notifuse/notifuse/internal/domain/contact.go:753.92,754.48 1 1
github.com/Notifuse/notifuse/internal/domain/contact.go:754.48,755.31 1 1
github.com/Notifuse/notifuse/internal/domain/contact.go:755.31,757.4 1 1
github.com/Notifuse/notifuse/internal/domain/contact.go:757.9,757.40 1 1
github.com/Notifuse/notifuse/internal/domain/contact.go:757.40,759.4 1 1
github.com/Notifuse/notifuse/internal/domain/contact.go:759.9,761.4 1 1
github.com/Notifuse/notifuse/internal/domain/contact.go:763.2,763.12 1 1
github.com/Notifuse/notifuse/internal/domain/contact.go:766.88,767.48 1 1
github.com/Notifuse/notifuse/internal/domain/contact.go:767.48,768.31 1 1
github.com/Notifuse/notifuse/internal/domain/contact.go:768.31,770.4 1 1
github.com/Notifuse/notifuse/internal/domain/contact.go:770.9,770.40 1 1
github.com/Notifuse/notifuse/internal/domain/contact.go:770.40,772.18 2 1
github.com/Notifuse/notifuse/internal/domain/contact.go:772.18,774.5 1 1
github.com/Notifuse/notifuse/internal/domain/contact.go:775.4,775.51 1 1
github.com/Notifuse/notifuse/internal/domain/contact.go:776.9,778.4 1 0
github.com/Notifuse/notifuse/internal/domain/contact.go:780.2,780.12 1 1
github.com/Notifuse/notifuse/internal/domain/contact.go:784.41,785.18 1 1
github.com/Notifuse/notifuse/internal/domain/contact.go:785.18,787.3 1 1
github.com/Notifuse/notifuse/internal/domain/contact.go:790.2,790.23 1 1
github.com/Notifuse/notifuse/internal/domain/contact.go:790.23,792.3 1 1
github.com/Notifuse/notifuse/internal/domain/contact.go:795.2,795.29 1 1
github.com/Notifuse/notifuse/internal/domain/contact.go:795.29,797.3 1 0
github.com/Notifuse/notifuse/internal/domain/contact.go:798.2,798.27 1 1
github.com/Notifuse/notifuse/internal/domain/contact.go:798.27,800.3 1 0
github.com/Notifuse/notifuse/internal/domain/contact.go:801.2,801.27 1 1
github.com/Notifuse/notifuse/internal/domain/contact.go:801.27,803.3 1 0
github.com/Notifuse/notifuse/internal/domain/contact.go:804.2,804.28 1 1
github.com/Notifuse/notifuse/internal/domain/contact.go:804.28,806.3 1 1
github.com/Notifuse/notifuse/internal/domain/contact.go:807.2,807.27 1 1
github.com/Notifuse/notifuse/internal/domain/contact.go:807.27,809.3 1 0
github.com/Notifuse/notifuse/internal/domain/contact.go:810.2,810.24 1 1
github.com/Notifuse/notifuse/internal/domain/contact.go:810.24,812.3 1 0
github.com/Notifuse/notifuse/internal/domain/contact.go:813.2,813.31 1 1
github.com/Notifuse/notifuse/internal/domain/contact.go:813.31,815.3 1 1
github.com/Notifuse/notifuse/internal/domain/contact.go:816.2,816.31 1 1
github.com/Notifuse/notifuse/internal/domain/contact.go:816.31,818.3 1 0
github.com/Notifuse/notifuse/internal/domain/contact.go:819.2,819.26 1 1
github.com/Notifuse/notifuse/internal/domain/contact.go:819.26,821.3 1 1
github.com/Notifuse/notifuse/internal/domain/contact.go:822.2,822.27 1 1
github.com/Notifuse/notifuse/internal/domain/contact.go:822.27,824.3 1 0
github.com/Notifuse/notifuse/internal/domain/contact.go:825.2,825.24 1 1
github.com/Notifuse/notifuse/internal/domain/contact.go:825.24,827.3 1 0
github.com/Notifuse/notifuse/internal/domain/contact.go:828.2,828.27 1 1
github.com/Notifuse/notifuse/internal/domain/contact.go:828.27,830.3 1 0
github.com/Notifuse/notifuse/internal/domain/contact.go:833.2,833.32 1 1
github.com/Notifuse/notifuse/internal/domain/contact.go:833.32,835.3 1 1
github.com/Notifuse/notifuse/internal/domain/contact.go:836.2,836.30 1 1
github.com/Notifuse/notifuse/internal/domain/contact.go:836.30,838.3 1 1
github.com/Notifuse/notifuse/internal/domain/contact.go:839.2,839.30 1 1
github.com/Notifuse/notifuse/internal/domain/contact.go:839.30,841.3 1 1
github.com/Notifuse/notifuse/internal/domain/contact.go:844.2,844.32 1 1
github.com/Notifuse/notifuse/internal/domain/contact.go:844.32,846.3 1 1
github.com/Notifuse/notifuse/internal/domain/contact.go:847.2,847.32 1 1
github.com/Notifuse/notifuse/internal/domain/contact.go:847.32,849.3 1 1
github.com/Notifuse/notifuse/internal/domain/contact.go:850.2,850.32 1 1
github.com/Notifuse/notifuse/internal/domain/contact.go:850.32,852.3 1 1
github.com/Notifuse/notifuse/internal/domain/contact.go:853.2,853.32 1 1
github.com/Notifuse/notifuse/internal/domain/contact.go:853.32,855.3 1 1
github.com/Notifuse/notifuse/internal/domain/contact.go:856.2,856.32 1 1
github.com/Notifuse/notifuse/internal/domain/contact.go:856.32,858.3 1 1
github.com/Notifuse/notifuse/internal/domain/contact.go:861.2,861.32 1 1
github.com/Notifuse/notifuse/internal/domain/contact.go:861.32,863.3 1 1
github.com/Notifuse/notifuse/internal/domain/contact.go:864.2,864.32 1 1
github.com/Notifuse/notifuse/internal/domain/contact.go:864.32,866.3 1 1
github.com/Notifuse/notifuse/internal/domain/contact.go:867.2,867.32 1 1
github.com/Notifuse/notifuse/internal/domain/contact.go:867.32,869.3 1 1
github.com/Notifuse/notifuse/internal/domain/contact.go:870.2,870.32 1 1
github.com/Notifuse/notifuse/internal/domain/contact.go:870.32,872.3 1 1
github.com/Notifuse/notifuse/internal/domain/contact.go:873.2,873.32 1 1
github.com/Notifuse/notifuse/internal/domain/contact.go:873.32,875.3 1 1
github.com/Notifuse/notifuse/internal/domain/contact.go:878.2,878.34 1 1
github.com/Notifuse/notifuse/internal/domain/contact.go:878.34,880.3 1 1
github.com/Notifuse/notifuse/internal/domain/contact.go:881.2,881.34 1 1
github.com/Notifuse/notifuse/internal/domain/contact.go:881.34,883.3 1 1
github.com/Notifuse/notifuse/internal/domain/contact.go:884.2,884.34 1 1
github.com/Notifuse/notifuse/internal/domain/contact.go:884.34,886.3 1 1
github.com/Notifuse/notifuse/internal/domain/contact.go:887.2,887.34 1 1
github.com/Notifuse/notifuse/internal/domain/contact.go:887.34,889.3 1 1
github.com/Notifuse/notifuse/internal/domain/contact.go:890.2,890.34 1 1
github.com/Notifuse/notifuse/internal/domain/contact.go:890.34,892.3 1 1
github.com/Notifuse/notifuse/internal/domain/contact.go:895.2,895.30 1 1
github.com/Notifuse/notifuse/internal/domain/contact.go:895.30,897.3 1 1
github.com/Notifuse/notifuse/internal/domain/contact.go:898.2,898.30 1 1
github.com/Notifuse/notifuse/internal/domain/contact.go:898.30,900.3 1 1
github.com/Notifuse/notifuse/internal/domain/contact.go:901.2,901.30 1 1
github.com/Notifuse/notifuse/internal/domain/contact.go:901.30,903.3 1 1
github.com/Notifuse/notifuse/internal/domain/contact.go:904.2,904.30 1 1
github.com/Notifuse/notifuse/internal/domain/contact.go:904.30,906.3 1 1
github.com/Notifuse/notifuse/internal/domain/contact.go:907.2,907.30 1 1
github.com/Notifuse/notifuse/internal/domain/contact.go:907.30,909.3 1 1
github.com/Notifuse/notifuse/internal/domain/contact.go:912.2,912.31 1 1
github.com/Notifuse/notifuse/internal/domain/contact.go:912.31,914.3 1 1
github.com/Notifuse/notifuse/internal/domain/contact.go:915.2,915.31 1 1
github.com/Notifuse/notifuse/internal/domain/contact.go:915.31,917.3 1 1
github.com/Notifuse/notifuse/internal/domain/contact_list.go:40.41,42.20 1 1
github.com/Notifuse/notifuse/internal/domain/contact_list.go:42.20,44.3 1 1
github.com/Notifuse/notifuse/internal/domain/contact_list.go:45.2,45.21 1 1
github.com/Notifuse/notifuse/internal/domain/contact_list.go:45.21,47.3 1 1
github.com/Notifuse/notifuse/internal/domain/contact_list.go:48.2,48.21 1 1
github.com/Notifuse/notifuse/internal/domain/contact_list.go:48.21,50.3 1 1
github.com/Notifuse/notifuse/internal/domain/contact_list.go:53.2,53.58 1 1
github.com/Notifuse/notifuse/internal/domain/contact_list.go:53.58,55.3 1 1
github.com/Notifuse/notifuse/internal/domain/contact_list.go:56.2,56.12 1 1
github.com/Notifuse/notifuse/internal/domain/contact_list.go:71.26,79.16 2 1
github.com/Notifuse/notifuse/internal/domain/contact_list.go:79.16,81.3 1 1
github.com/Notifuse/notifuse/internal/domain/contact_list.go:83.2,91.16 2 1
github.com/Notifuse/notifuse/internal/domain/contact_list.go:102.104,103.57 1 1
github.com/Notifuse/notifuse/internal/domain/contact_list.go:103.57,105.3 1 1
github.com/Notifuse/notifuse/internal/domain/contact_list.go:106.2,110.23 1 1
github.com/Notifuse/notifuse/internal/domain/contact_list.go:119.83,124.57 4 1
github.com/Notifuse/notifuse/internal/domain/contact_list.go:124.57,126.3 1 1
github.com/Notifuse/notifuse/internal/domain/contact_list.go:128.2,128.12 1 1
github.com/Notifuse/notifuse/internal/domain/contact_list.go:136.86,140.57 3 1
github.com/Notifuse/notifuse/internal/domain/contact_list.go:140.57,142.3 1 1
github.com/Notifuse/notifuse/internal/domain/contact_list.go:144.2,144.12 1 1
github.com/Notifuse/notifuse/internal/domain/contact_list.go:152.86,156.57 3 1
github.com/Notifuse/notifuse/internal/domain/contact_list.go:156.57,158.3 1 1
github.com/Notifuse/notifuse/internal/domain/contact_list.go:160.2,160.12 1 1
github.com/Notifuse/notifuse/internal/domain/contact_list.go:170.104,171.57 1 1
github.com/Notifuse/notifuse/internal/domain/contact_list.go:171.57,173.3 1 1
github.com/Notifuse/notifuse/internal/domain/contact_list.go:174.2,178.8 1 1
github.com/Notifuse/notifuse/internal/domain/contact_list.go:187.63,188.57 1 1
github.com/Notifuse/notifuse/internal/domain/contact_list.go:188.57,190.3 1 1
github.com/Notifuse/notifuse/internal/domain/contact_list.go:191.2,191.12 1 1
github.com/Notifuse/notifuse/internal/domain/contact_list.go:240.49,242.2 1 1
github.com/Notifuse/notifuse/internal/domain/list.go:28.33,29.57 1 1
github.com/Notifuse/notifuse/internal/domain/list.go:29.57,31.3 1 1
github.com/Notifuse/notifuse/internal/domain/list.go:32.2,32.12 1 1
github.com/Notifuse/notifuse/internal/domain/list.go:50.19,61.16 2 1
github.com/Notifuse/notifuse/internal/domain/list.go:61.16,63.3 1 1
github.com/Notifuse/notifuse/internal/domain/list.go:65.2,76.15 2 1
github.com/Notifuse/notifuse/internal/domain/list.go:90.84,92.57 1 1
github.com/Notifuse/notifuse/internal/domain/list.go:92.57,94.3 1 1
github.com/Notifuse/notifuse/internal/domain/list.go:96.2,103.23 1 1
github.com/Notifuse/notifuse/internal/domain/list.go:110.77,113.57 2 1
github.com/Notifuse/notifuse/internal/domain/list.go:113.57,115.3 1 1
github.com/Notifuse/notifuse/internal/domain/list.go:116.2,116.12 1 1
github.com/Notifuse/notifuse/internal/domain/list.go:124.76,128.57 3 1
github.com/Notifuse/notifuse/internal/domain/list.go:128.57,130.3 1 1
github.com/Notifuse/notifuse/internal/domain/list.go:131.2,131.12 1 1
github.com/Notifuse/notifuse/internal/domain/list.go:144.84,145.57 1 1
github.com/Notifuse/notifuse/internal/domain/list.go:145.57,147.3 1 1
github.com/Notifuse/notifuse/internal/domain/list.go:149.2,156.23 1 1
github.com/Notifuse/notifuse/internal/domain/list.go:164.72,165.57 1 1
github.com/Notifuse/notifuse/internal/domain/list.go:165.57,167.3 1 1
github.com/Notifuse/notifuse/internal/domain/list.go:168.2,168.27 1 1
github.com/Notifuse/notifuse/internal/domain/list.go:211.42,213.2 1 1
github.com/Notifuse/notifuse/internal/domain/nullable_json.go:20.55,21.18 1 1
github.com/Notifuse/notifuse/internal/domain/nullable_json.go:21.18,25.3 3 1
github.com/Notifuse/notifuse/internal/domain/nullable_json.go:28.2,28.27 1 1
github.com/Notifuse/notifuse/internal/domain/nullable_json.go:29.14,30.18 1 1
github.com/Notifuse/notifuse/internal/domain/nullable_json.go:30.18,34.4 3 1
github.com/Notifuse/notifuse/internal/domain/nullable_json.go:35.3,36.50 2 1
github.com/Notifuse/notifuse/internal/domain/nullable_json.go:36.50,38.4 1 1
github.com/Notifuse/notifuse/internal/domain/nullable_json.go:39.3,41.13 3 1
github.com/Notifuse/notifuse/internal/domain/nullable_json.go:42.14,43.14 1 1
github.com/Notifuse/notifuse/internal/domain/nullable_json.go:43.14,47.4 3 1
github.com/Notifuse/notifuse/internal/domain/nullable_json.go:48.3,49.58 2 1
github.com/Notifuse/notifuse/internal/domain/nullable_json.go:49.58,51.4 1 0
github.com/Notifuse/notifuse/internal/domain/nullable_json.go:52.3,54.13 3 1
github.com/Notifuse/notifuse/internal/domain/nullable_json.go:55.10,56.58 1 1
github.com/Notifuse/notifuse/internal/domain/nullable_json.go:62.54,63.33 1 1
github.com/Notifuse/notifuse/internal/domain/nullable_json.go:63.33,65.3 1 1
github.com/Notifuse/notifuse/internal/domain/nullable_json.go:67.2,67.30 1 1
github.com/Notifuse/notifuse/internal/domain/nullable_json.go:72.54,73.33 1 1
github.com/Notifuse/notifuse/internal/domain/nullable_json.go:73.33,75.3 1 1
github.com/Notifuse/notifuse/internal/domain/nullable_json.go:76.2,76.30 1 1
github.com/Notifuse/notifuse/internal/domain/nullable_json.go:81.58,83.28 1 1
github.com/Notifuse/notifuse/internal/domain/nullable_json.go:83.28,87.3 3 1
github.com/Notifuse/notifuse/internal/domain/nullable_json.go:89.2,90.53 2 1
github.com/Notifuse/notifuse/internal/domain/nullable_json.go:90.53,92.3 1 0
github.com/Notifuse/notifuse/internal/domain/nullable_json.go:94.2,96.12 3 1
github.com/Notifuse/notifuse/internal/domain/nullables.go:18.56,19.15 1 1
github.com/Notifuse/notifuse/internal/domain/nullables.go:19.15,21.3 1 1
github.com/Notifuse/notifuse/internal/domain/nullables.go:22.2,22.23 1 1
github.com/Notifuse/notifuse/internal/domain/nullables.go:26.57,27.18 1 1
github.com/Notifuse/notifuse/internal/domain/nullables.go:27.18,31.3 3 1
github.com/Notifuse/notifuse/internal/domain/nullables.go:33.2,33.27 1 1
github.com/Notifuse/notifuse/internal/domain/nullables.go:34.14,37.13 3 1
github.com/Notifuse/notifuse/internal/domain/nullables.go:38.14,41.13 3 1
github.com/Notifuse/notifuse/internal/domain/nullables.go:42.10,43.65 1 1
github.com/Notifuse/notifuse/internal/domain/nullables.go:48.56,49.15 1 1
github.com/Notifuse/notifuse/internal/domain/nullables.go:49.15,51.3 1 1
github.com/Notifuse/notifuse/internal/domain/nullables.go:52.2,52.43 1 1
github.com/Notifuse/notifuse/internal/domain/nullables.go:56.60,58.28 1 1
github.com/Notifuse/notifuse/internal/domain/nullables.go:58.28,62.3 3 1
github.com/Notifuse/notifuse/internal/domain/nullables.go:65.2,66.51 2 1
github.com/Notifuse/notifuse/internal/domain/nullables.go:66.51,70.3 3 1
github.com/Notifuse/notifuse/internal/domain/nullables.go:73.2,77.51 2 0
github.com/Notifuse/notifuse/internal/domain/nullables.go:77.51,79.3 1 0
github.com/Notifuse/notifuse/internal/domain/nullables.go:80.2,82.12 3 0
github.com/Notifuse/notifuse/internal/domain/nullables.go:92.57,93.15 1 1
github.com/Notifuse/notifuse/internal/domain/nullables.go:93.15,95.3 1 1
github.com/Notifuse/notifuse/internal/domain/nullables.go:96.2,96.24 1 1
github.com/Notifuse/notifuse/internal/domain/nullables.go:100.58,101.18 1 1
github.com/Notifuse/notifuse/internal/domain/nullables.go:101.18,105.3 3 1
github.com/Notifuse/notifuse/internal/domain/nullables.go:107.2,107.27 1 1
github.com/Notifuse/notifuse/internal/domain/nullables.go:108.15,111.13 3 1
github.com/Notifuse/notifuse/internal/domain/nullables.go:112.13,115.13 3 1
github.com/Notifuse/notifuse/internal/domain/nullables.go:116.14,119.35 2 1
github.com/Notifuse/notifuse/internal/domain/nullables.go:119.35,121.4 1 0
github.com/Notifuse/notifuse/internal/domain/nullables.go:122.3,124.13 3 1
github.com/Notifuse/notifuse/internal/domain/nullables.go:125.10,126.66 1 1
github.com/Notifuse/notifuse/internal/domain/nullables.go:131.57,132.15 1 1
github.com/Notifuse/notifuse/internal/domain/nullables.go:132.15,134.3 1 1
github.com/Notifuse/notifuse/internal/domain/nullables.go:135.2,135.51 1 1
github.com/Notifuse/notifuse/internal/domain/nullables.go:139.61,141.28 1 1
github.com/Notifuse/notifuse/internal/domain/nullables.go:141.28,145.3 3 1
github.com/Notifuse/notifuse/internal/domain/nullables.go:148.2,149.49 2 1
github.com/Notifuse/notifuse/internal/domain/nullables.go:149.49,153.3 3 1
github.com/Notifuse/notifuse/internal/domain/nullables.go:156.2,160.51 2 0
github.com/Notifuse/notifuse/internal/domain/nullables.go:160.51,162.3 1 0
github.com/Notifuse/notifuse/internal/domain/nullables.go:163.2,165.12 3 0
github.com/Notifuse/notifuse/internal/domain/nullables.go:175.54,176.15 1 1
github.com/Notifuse/notifuse/internal/domain/nullables.go:176.15,178.3 1 1
github.com/Notifuse/notifuse/internal/domain/nullables.go:179.2,179.21 1 1
github.com/Notifuse/notifuse/internal/domain/nullables.go:183.55,184.18 1 1
github.com/Notifuse/notifuse/internal/domain/nullables.go:184.18,188.3 3 1
github.com/Notifuse/notifuse/internal/domain/nullables.go:190.2,190.27 1 1
github.com/Notifuse/notifuse/internal/domain/nullables.go:191.17,194.13 3 1
github.com/Notifuse/notifuse/internal/domain/nullables.go:195.10,196.63 1 1
github.com/Notifuse/notifuse/internal/domain/nullables.go:201.54,202.15 1 1
github.com/Notifuse/notifuse/internal/domain/nullables.go:202.15,204.3 1 1
github.com/Notifuse/notifuse/internal/domain/nullables.go:205.2,205.71 1 1
github.com/Notifuse/notifuse/internal/domain/nullables.go:209.58,211.28 1 1
github.com/Notifuse/notifuse/internal/domain/nullables.go:211.28,215.3 3 1
github.com/Notifuse/notifuse/internal/domain/nullables.go:218.2,219.51 2 1
github.com/Notifuse/notifuse/internal/domain/nullables.go:219.51,222.17 2 1
github.com/Notifuse/notifuse/internal/domain/nullables.go:222.17,224.4 1 1
github.com/Notifuse/notifuse/internal/domain/nullables.go:225.3,227.13 3 1
github.com/Notifuse/notifuse/internal/domain/nullables.go:231.2,235.51 2 0
github.com/Notifuse/notifuse/internal/domain/nullables.go:235.51,237.3 1 0
github.com/Notifuse/notifuse/internal/domain/nullables.go:238.2,240.12 3 0
github.com/Notifuse/notifuse/internal/domain/timezones.go:432.44,433.31 1 1
github.com/Notifuse/notifuse/internal/domain/timezones.go:433.31,434.21 1 1
github.com/Notifuse/notifuse/internal/domain/timezones.go:434.21,436.4 1 1
github.com/Notifuse/notifuse/internal/domain/timezones.go:438.2,438.14 1 1
github.com/Notifuse/notifuse/internal/domain/user.go:82.42,84.2 1 1
github.com/Notifuse/notifuse/internal/domain/user.go:91.45,93.2 1 1
github.com/Notifuse/notifuse/internal/domain/workspace.go:33.38,35.79 1 1
github.com/Notifuse/notifuse/internal/domain/workspace.go:35.79,37.3 1 1
github.com/Notifuse/notifuse/internal/domain/workspace.go:40.2,40.57 1 1
github.com/Notifuse/notifuse/internal/domain/workspace.go:40.57,42.3 1 1
github.com/Notifuse/notifuse/internal/domain/workspace.go:45.2,45.67 1 1
github.com/Notifuse/notifuse/internal/domain/workspace.go:45.67,47.3 1 0
github.com/Notifuse/notifuse/internal/domain/workspace.go:49.2,49.12 1 1
github.com/Notifuse/notifuse/internal/domain/workspace.go:64.24,72.16 2 1
github.com/Notifuse/notifuse/internal/domain/workspace.go:72.16,74.3 1 1
github.com/Notifuse/notifuse/internal/domain/workspace.go:76.2,83.66 2 1
github.com/Notifuse/notifuse/internal/domain/workspace.go:83.66,85.3 1 1
github.com/Notifuse/notifuse/internal/domain/workspace.go:87.2,87.15 1 1
github.com/Notifuse/notifuse/internal/domain/workspace.go:106.43,107.58 1 1
github.com/Notifuse/notifuse/internal/domain/workspace.go:107.58,109.3 1 1
github.com/Notifuse/notifuse/internal/domain/workspace.go:110.2,110.12 1 1
github.com/Notifuse/notifuse/internal/domain/workspace.go:155.42,157.2 1 1
github.com/Notifuse/notifuse/internal/domain/workspace.go:180.51,182.79 1 1
github.com/Notifuse/notifuse/internal/domain/workspace.go:182.79,184.3 1 1
github.com/Notifuse/notifuse/internal/domain/workspace.go:186.2,186.57 1 1
github.com/Notifuse/notifuse/internal/domain/workspace.go:186.57,188.3 1 1
github.com/Notifuse/notifuse/internal/domain/workspace.go:191.2,191.67 1 1
github.com/Notifuse/notifuse/internal/domain/workspace.go:191.67,193.3 1 0
github.com/Notifuse/notifuse/internal/domain/workspace.go:195.2,195.12 1 1
github.com/Notifuse/notifuse/internal/domain/workspace.go:219.51,221.79 1 1
github.com/Notifuse/notifuse/internal/domain/workspace.go:221.79,223.3 1 1
github.com/Notifuse/notifuse/internal/domain/workspace.go:225.2,225.57 1 1
github.com/Notifuse/notifuse/internal/domain/workspace.go:225.57,227.3 1 1
github.com/Notifuse/notifuse/internal/domain/workspace.go:228.2,228.12 1 1
github.com/Notifuse/notifuse/internal/domain/workspace.go:235.51,236.57 1 1
github.com/Notifuse/notifuse/internal/domain/workspace.go:236.57,238.3 1 1
github.com/Notifuse/notifuse/internal/domain/workspace.go:239.2,239.12 1 1
github.com/Notifuse/notifuse/internal/domain/workspace.go:247.48,248.57 1 1
github.com/Notifuse/notifuse/internal/domain/workspace.go:248.57,250.3 1 1
github.com/Notifuse/notifuse/internal/domain/workspace.go:251.2,251.12 1 1
