mode: set
github.com/Notifuse/notifuse/internal/service/auth.go:34.66,36.16 2 0
github.com/Notifuse/notifuse/internal/service/auth.go:36.16,37.24 1 0
github.com/Notifuse/notifuse/internal/service/auth.go:37.24,39.4 1 0
github.com/Notifuse/notifuse/internal/service/auth.go:40.3,40.18 1 0
github.com/Notifuse/notifuse/internal/service/auth.go:43.2,44.16 2 0
github.com/Notifuse/notifuse/internal/service/auth.go:44.16,45.24 1 0
github.com/Notifuse/notifuse/internal/service/auth.go:45.24,47.4 1 0
github.com/Notifuse/notifuse/internal/service/auth.go:48.3,48.18 1 0
github.com/Notifuse/notifuse/internal/service/auth.go:51.2,56.8 1 0
github.com/Notifuse/notifuse/internal/service/auth.go:60.110,64.26 2 0
github.com/Notifuse/notifuse/internal/service/auth.go:64.26,67.3 2 0
github.com/Notifuse/notifuse/internal/service/auth.go:68.2,68.16 1 0
github.com/Notifuse/notifuse/internal/service/auth.go:68.16,71.3 2 0
github.com/Notifuse/notifuse/internal/service/auth.go:74.2,74.34 1 0
github.com/Notifuse/notifuse/internal/service/auth.go:74.34,77.3 2 0
github.com/Notifuse/notifuse/internal/service/auth.go:80.2,82.26 2 0
github.com/Notifuse/notifuse/internal/service/auth.go:82.26,85.3 2 0
github.com/Notifuse/notifuse/internal/service/auth.go:86.2,86.16 1 0
github.com/Notifuse/notifuse/internal/service/auth.go:86.16,89.3 2 0
github.com/Notifuse/notifuse/internal/service/auth.go:91.2,91.18 1 0
github.com/Notifuse/notifuse/internal/service/auth.go:95.106,105.21 9 0
github.com/Notifuse/notifuse/internal/service/auth.go:105.21,107.3 1 0
github.com/Notifuse/notifuse/internal/service/auth.go:109.2,109.18 1 0
github.com/Notifuse/notifuse/internal/service/auth.go:113.68,115.2 1 0
github.com/Notifuse/notifuse/internal/service/auth.go:118.94,128.21 9 0
github.com/Notifuse/notifuse/internal/service/auth.go:128.21,130.3 1 0
github.com/Notifuse/notifuse/internal/service/auth.go:132.2,132.18 1 0
github.com/Notifuse/notifuse/internal/service/auth.go:136.93,139.16 2 0
github.com/Notifuse/notifuse/internal/service/auth.go:139.16,140.36 1 0
github.com/Notifuse/notifuse/internal/service/auth.go:140.36,142.4 1 0
github.com/Notifuse/notifuse/internal/service/auth.go:143.3,144.18 2 0
github.com/Notifuse/notifuse/internal/service/auth.go:146.2,146.18 1 0
github.com/Notifuse/notifuse/internal/service/mocks.go:17.119,19.24 2 0
github.com/Notifuse/notifuse/internal/service/mocks.go:19.24,21.3 1 0
github.com/Notifuse/notifuse/internal/service/mocks.go:22.2,22.48 1 0
github.com/Notifuse/notifuse/internal/service/mocks.go:25.100,27.24 2 0
github.com/Notifuse/notifuse/internal/service/mocks.go:27.24,29.3 1 0
github.com/Notifuse/notifuse/internal/service/mocks.go:30.2,30.50 1 0
github.com/Notifuse/notifuse/internal/service/mocks.go:38.40,40.2 1 0
github.com/Notifuse/notifuse/internal/service/mocks.go:42.39,44.2 1 0
github.com/Notifuse/notifuse/internal/service/mocks.go:46.39,48.2 1 0
github.com/Notifuse/notifuse/internal/service/mocks.go:50.40,52.2 1 1
github.com/Notifuse/notifuse/internal/service/mocks.go:54.40,56.2 1 0
github.com/Notifuse/notifuse/internal/service/mocks.go:58.77,60.24 2 1
github.com/Notifuse/notifuse/internal/service/mocks.go:60.24,62.3 1 0
github.com/Notifuse/notifuse/internal/service/mocks.go:63.2,63.36 1 1
github.com/Notifuse/notifuse/internal/service/mocks.go:66.78,68.24 2 0
github.com/Notifuse/notifuse/internal/service/mocks.go:68.24,70.3 1 0
github.com/Notifuse/notifuse/internal/service/mocks.go:71.2,71.36 1 0
github.com/Notifuse/notifuse/internal/service/user.go:36.66,45.2 1 0
github.com/Notifuse/notifuse/internal/service/user.go:74.86,77.16 2 0
github.com/Notifuse/notifuse/internal/service/user.go:77.16,78.50 1 0
github.com/Notifuse/notifuse/internal/service/user.go:78.50,81.4 2 0
github.com/Notifuse/notifuse/internal/service/user.go:84.3,90.54 2 0
github.com/Notifuse/notifuse/internal/service/user.go:90.54,93.4 2 0
github.com/Notifuse/notifuse/internal/service/user.go:97.2,111.59 5 0
github.com/Notifuse/notifuse/internal/service/user.go:111.59,114.3 2 0
github.com/Notifuse/notifuse/internal/service/user.go:118.2,118.21 1 0
github.com/Notifuse/notifuse/internal/service/user.go:118.21,120.3 1 0
github.com/Notifuse/notifuse/internal/service/user.go:123.2,123.70 1 0
github.com/Notifuse/notifuse/internal/service/user.go:123.70,126.3 2 0
github.com/Notifuse/notifuse/internal/service/user.go:128.2,128.16 1 0
github.com/Notifuse/notifuse/internal/service/user.go:131.101,134.16 2 0
github.com/Notifuse/notifuse/internal/service/user.go:134.16,137.3 2 0
github.com/Notifuse/notifuse/internal/service/user.go:140.2,141.16 2 0
github.com/Notifuse/notifuse/internal/service/user.go:141.16,144.3 2 0
github.com/Notifuse/notifuse/internal/service/user.go:147.2,148.35 2 0
github.com/Notifuse/notifuse/internal/service/user.go:148.35,149.38 1 0
github.com/Notifuse/notifuse/internal/service/user.go:149.38,151.9 2 0
github.com/Notifuse/notifuse/internal/service/user.go:155.2,155.28 1 0
github.com/Notifuse/notifuse/internal/service/user.go:155.28,158.3 2 0
github.com/Notifuse/notifuse/internal/service/user.go:161.2,161.56 1 0
github.com/Notifuse/notifuse/internal/service/user.go:161.56,164.3 2 0
github.com/Notifuse/notifuse/internal/service/user.go:167.2,170.67 3 0
github.com/Notifuse/notifuse/internal/service/user.go:170.67,173.3 2 0
github.com/Notifuse/notifuse/internal/service/user.go:176.2,182.8 2 0
github.com/Notifuse/notifuse/internal/service/user.go:185.50,189.16 3 0
github.com/Notifuse/notifuse/internal/service/user.go:189.16,192.3 2 0
github.com/Notifuse/notifuse/internal/service/user.go:195.2,197.37 3 0
github.com/Notifuse/notifuse/internal/service/user.go:201.26,204.2 1 0
github.com/Notifuse/notifuse/internal/service/user.go:207.117,210.16 2 0
github.com/Notifuse/notifuse/internal/service/user.go:210.16,213.3 2 0
github.com/Notifuse/notifuse/internal/service/user.go:216.2,216.30 1 0
github.com/Notifuse/notifuse/internal/service/user.go:216.30,219.3 2 0
github.com/Notifuse/notifuse/internal/service/user.go:222.2,222.41 1 0
github.com/Notifuse/notifuse/internal/service/user.go:222.41,225.3 2 0
github.com/Notifuse/notifuse/internal/service/user.go:228.2,229.16 2 0
github.com/Notifuse/notifuse/internal/service/user.go:229.16,232.3 2 0
github.com/Notifuse/notifuse/internal/service/user.go:234.2,234.18 1 0
github.com/Notifuse/notifuse/internal/service/user.go:238.93,240.16 2 1
github.com/Notifuse/notifuse/internal/service/user.go:240.16,243.3 2 0
github.com/Notifuse/notifuse/internal/service/user.go:244.2,244.18 1 1
github.com/Notifuse/notifuse/internal/service/user.go:248.95,250.16 2 1
github.com/Notifuse/notifuse/internal/service/user.go:250.16,253.3 2 1
github.com/Notifuse/notifuse/internal/service/user.go:254.2,254.18 1 1
github.com/Notifuse/notifuse/internal/service/workspace.go:37.21,46.2 1 1
github.com/Notifuse/notifuse/internal/service/workspace.go:49.108,51.16 2 0
github.com/Notifuse/notifuse/internal/service/workspace.go:51.16,54.3 2 0
github.com/Notifuse/notifuse/internal/service/workspace.go:57.2,57.30 1 0
github.com/Notifuse/notifuse/internal/service/workspace.go:57.30,59.3 1 0
github.com/Notifuse/notifuse/internal/service/workspace.go:61.2,62.36 2 0
github.com/Notifuse/notifuse/internal/service/workspace.go:62.36,64.17 2 0
github.com/Notifuse/notifuse/internal/service/workspace.go:64.17,67.4 2 0
github.com/Notifuse/notifuse/internal/service/workspace.go:68.3,68.45 1 0
github.com/Notifuse/notifuse/internal/service/workspace.go:71.2,71.24 1 0
github.com/Notifuse/notifuse/internal/service/workspace.go:75.115,78.16 2 0
github.com/Notifuse/notifuse/internal/service/workspace.go:78.16,81.3 2 0
github.com/Notifuse/notifuse/internal/service/workspace.go:83.2,84.16 2 0
github.com/Notifuse/notifuse/internal/service/workspace.go:84.16,87.3 2 0
github.com/Notifuse/notifuse/internal/service/workspace.go:89.2,89.23 1 0
github.com/Notifuse/notifuse/internal/service/workspace.go:93.201,107.45 2 0
github.com/Notifuse/notifuse/internal/service/workspace.go:107.45,110.3 2 0
github.com/Notifuse/notifuse/internal/service/workspace.go:112.2,112.54 1 0
github.com/Notifuse/notifuse/internal/service/workspace.go:112.54,115.3 2 0
github.com/Notifuse/notifuse/internal/service/workspace.go:118.2,126.49 2 0
github.com/Notifuse/notifuse/internal/service/workspace.go:126.49,129.3 2 0
github.com/Notifuse/notifuse/internal/service/workspace.go:131.2,131.70 1 0
github.com/Notifuse/notifuse/internal/service/workspace.go:131.70,134.3 2 0
github.com/Notifuse/notifuse/internal/service/workspace.go:136.2,136.23 1 0
github.com/Notifuse/notifuse/internal/service/workspace.go:140.200,143.16 2 0
github.com/Notifuse/notifuse/internal/service/workspace.go:143.16,146.3 2 0
github.com/Notifuse/notifuse/internal/service/workspace.go:148.2,148.35 1 0
github.com/Notifuse/notifuse/internal/service/workspace.go:148.35,151.3 2 0
github.com/Notifuse/notifuse/internal/service/workspace.go:153.2,165.45 2 0
github.com/Notifuse/notifuse/internal/service/workspace.go:165.45,168.3 2 0
github.com/Notifuse/notifuse/internal/service/workspace.go:170.2,170.54 1 0
github.com/Notifuse/notifuse/internal/service/workspace.go:170.54,173.3 2 0
github.com/Notifuse/notifuse/internal/service/workspace.go:175.2,175.23 1 0
github.com/Notifuse/notifuse/internal/service/workspace.go:179.97,182.16 2 0
github.com/Notifuse/notifuse/internal/service/workspace.go:182.16,185.3 2 0
github.com/Notifuse/notifuse/internal/service/workspace.go:187.2,187.35 1 0
github.com/Notifuse/notifuse/internal/service/workspace.go:187.35,190.3 2 0
github.com/Notifuse/notifuse/internal/service/workspace.go:192.2,192.47 1 0
github.com/Notifuse/notifuse/internal/service/workspace.go:192.47,195.3 2 0
github.com/Notifuse/notifuse/internal/service/workspace.go:197.2,197.12 1 0
github.com/Notifuse/notifuse/internal/service/workspace.go:201.142,204.16 2 0
github.com/Notifuse/notifuse/internal/service/workspace.go:204.16,207.3 2 0
github.com/Notifuse/notifuse/internal/service/workspace.go:209.2,209.40 1 0
github.com/Notifuse/notifuse/internal/service/workspace.go:209.40,212.3 2 0
github.com/Notifuse/notifuse/internal/service/workspace.go:214.2,222.49 2 0
github.com/Notifuse/notifuse/internal/service/workspace.go:222.49,225.3 2 0
github.com/Notifuse/notifuse/internal/service/workspace.go:227.2,227.70 1 0
github.com/Notifuse/notifuse/internal/service/workspace.go:227.70,230.3 2 0
github.com/Notifuse/notifuse/internal/service/workspace.go:232.2,232.12 1 0
github.com/Notifuse/notifuse/internal/service/workspace.go:236.134,239.16 2 0
github.com/Notifuse/notifuse/internal/service/workspace.go:239.16,242.3 2 0
github.com/Notifuse/notifuse/internal/service/workspace.go:244.2,244.40 1 0
github.com/Notifuse/notifuse/internal/service/workspace.go:244.40,247.3 2 0
github.com/Notifuse/notifuse/internal/service/workspace.go:250.2,250.27 1 0
github.com/Notifuse/notifuse/internal/service/workspace.go:250.27,253.3 2 0
github.com/Notifuse/notifuse/internal/service/workspace.go:255.2,255.81 1 0
github.com/Notifuse/notifuse/internal/service/workspace.go:255.81,258.3 2 0
github.com/Notifuse/notifuse/internal/service/workspace.go:260.2,260.12 1 0
github.com/Notifuse/notifuse/internal/service/workspace.go:264.135,267.16 2 0
github.com/Notifuse/notifuse/internal/service/workspace.go:267.16,270.3 2 0
github.com/Notifuse/notifuse/internal/service/workspace.go:272.2,272.43 1 0
github.com/Notifuse/notifuse/internal/service/workspace.go:272.43,275.3 2 0
github.com/Notifuse/notifuse/internal/service/workspace.go:278.2,279.16 2 0
github.com/Notifuse/notifuse/internal/service/workspace.go:279.16,282.3 2 0
github.com/Notifuse/notifuse/internal/service/workspace.go:284.2,284.40 1 0
github.com/Notifuse/notifuse/internal/service/workspace.go:284.40,287.3 2 0
github.com/Notifuse/notifuse/internal/service/workspace.go:290.2,292.74 3 0
github.com/Notifuse/notifuse/internal/service/workspace.go:292.74,295.3 2 0
github.com/Notifuse/notifuse/internal/service/workspace.go:298.2,300.78 3 0
github.com/Notifuse/notifuse/internal/service/workspace.go:300.78,303.3 2 0
github.com/Notifuse/notifuse/internal/service/workspace.go:305.2,305.12 1 0
github.com/Notifuse/notifuse/internal/service/workspace.go:309.145,311.26 1 1
github.com/Notifuse/notifuse/internal/service/workspace.go:311.26,313.3 1 1
github.com/Notifuse/notifuse/internal/service/workspace.go:316.2,317.16 2 1
github.com/Notifuse/notifuse/internal/service/workspace.go:317.16,320.3 2 0
github.com/Notifuse/notifuse/internal/service/workspace.go:321.2,321.22 1 1
github.com/Notifuse/notifuse/internal/service/workspace.go:321.22,323.3 1 0
github.com/Notifuse/notifuse/internal/service/workspace.go:326.2,327.16 2 1
github.com/Notifuse/notifuse/internal/service/workspace.go:327.16,330.3 2 0
github.com/Notifuse/notifuse/internal/service/workspace.go:331.2,331.15 1 1
github.com/Notifuse/notifuse/internal/service/workspace.go:331.15,333.3 1 1
github.com/Notifuse/notifuse/internal/service/workspace.go:336.2,337.16 2 1
github.com/Notifuse/notifuse/internal/service/workspace.go:337.16,340.3 2 0
github.com/Notifuse/notifuse/internal/service/workspace.go:341.2,342.23 2 1
github.com/Notifuse/notifuse/internal/service/workspace.go:342.23,344.3 1 0
github.com/Notifuse/notifuse/internal/service/workspace.go:347.2,348.31 2 1
github.com/Notifuse/notifuse/internal/service/workspace.go:348.31,351.17 2 1
github.com/Notifuse/notifuse/internal/service/workspace.go:351.17,354.4 2 1
github.com/Notifuse/notifuse/internal/service/workspace.go:355.3,355.15 1 1
github.com/Notifuse/notifuse/internal/service/workspace.go:355.15,357.4 1 1
github.com/Notifuse/notifuse/internal/service/workspace.go:360.3,368.17 3 1
github.com/Notifuse/notifuse/internal/service/workspace.go:368.17,371.4 2 1
github.com/Notifuse/notifuse/internal/service/workspace.go:374.3,374.22 1 1
github.com/Notifuse/notifuse/internal/service/workspace.go:379.2,393.16 5 1
github.com/Notifuse/notifuse/internal/service/workspace.go:393.16,396.3 2 1
github.com/Notifuse/notifuse/internal/service/workspace.go:399.2,402.31 2 1
github.com/Notifuse/notifuse/internal/service/workspace.go:402.31,404.17 2 1
github.com/Notifuse/notifuse/internal/service/workspace.go:404.17,407.4 1 1
github.com/Notifuse/notifuse/internal/service/workspace.go:410.3,410.29 1 1
github.com/Notifuse/notifuse/internal/service/workspace.go:414.2,414.31 1 1
github.com/Notifuse/notifuse/internal/service/workspace.go:418.38,421.2 1 1
github.com/Notifuse/notifuse/internal/service/workspace.go:424.151,427.16 2 0
github.com/Notifuse/notifuse/internal/service/workspace.go:427.16,430.3 2 0
github.com/Notifuse/notifuse/internal/service/workspace.go:433.2,434.16 2 0
github.com/Notifuse/notifuse/internal/service/workspace.go:434.16,437.3 2 0
github.com/Notifuse/notifuse/internal/service/workspace.go:439.2,439.21 1 0
