mode: set
github.com/Notifuse/notifuse/cmd/api/app.go:54.39,55.22 1 1
github.com/Notifuse/notifuse/cmd/api/app.go:55.22,57.3 1 1
github.com/Notifuse/notifuse/cmd/api/app.go:61.48,62.22 1 1
github.com/Notifuse/notifuse/cmd/api/app.go:62.22,64.3 1 1
github.com/Notifuse/notifuse/cmd/api/app.go:68.49,69.22 1 1
github.com/Notifuse/notifuse/cmd/api/app.go:69.22,71.3 1 1
github.com/Notifuse/notifuse/cmd/api/app.go:75.57,83.27 2 1
github.com/Notifuse/notifuse/cmd/api/app.go:83.27,85.3 1 1
github.com/Notifuse/notifuse/cmd/api/app.go:87.2,87.12 1 1
github.com/Notifuse/notifuse/cmd/api/app.go:91.30,93.80 1 0
github.com/Notifuse/notifuse/cmd/api/app.go:93.80,95.3 1 0
github.com/Notifuse/notifuse/cmd/api/app.go:96.2,100.16 3 0
github.com/Notifuse/notifuse/cmd/api/app.go:100.16,102.3 1 0
github.com/Notifuse/notifuse/cmd/api/app.go:105.2,105.34 1 0
github.com/Notifuse/notifuse/cmd/api/app.go:105.34,108.3 2 0
github.com/Notifuse/notifuse/cmd/api/app.go:111.2,111.76 1 0
github.com/Notifuse/notifuse/cmd/api/app.go:111.76,114.3 2 0
github.com/Notifuse/notifuse/cmd/api/app.go:117.2,122.12 5 0
github.com/Notifuse/notifuse/cmd/api/app.go:126.34,128.21 1 1
github.com/Notifuse/notifuse/cmd/api/app.go:128.21,130.3 1 1
github.com/Notifuse/notifuse/cmd/api/app.go:132.2,132.30 1 1
github.com/Notifuse/notifuse/cmd/api/app.go:132.30,136.3 2 1
github.com/Notifuse/notifuse/cmd/api/app.go:136.8,148.3 2 0
github.com/Notifuse/notifuse/cmd/api/app.go:150.2,150.12 1 1
github.com/Notifuse/notifuse/cmd/api/app.go:154.40,155.17 1 1
github.com/Notifuse/notifuse/cmd/api/app.go:155.17,157.3 1 0
github.com/Notifuse/notifuse/cmd/api/app.go:159.2,166.12 7 1
github.com/Notifuse/notifuse/cmd/api/app.go:170.36,180.16 3 1
github.com/Notifuse/notifuse/cmd/api/app.go:180.16,182.3 1 0
github.com/Notifuse/notifuse/cmd/api/app.go:185.2,193.16 2 1
github.com/Notifuse/notifuse/cmd/api/app.go:193.16,195.3 1 0
github.com/Notifuse/notifuse/cmd/api/app.go:198.2,211.12 5 1
github.com/Notifuse/notifuse/cmd/api/app.go:215.36,248.2 17 1
github.com/Notifuse/notifuse/cmd/api/app.go:251.29,264.33 5 1
github.com/Notifuse/notifuse/cmd/api/app.go:264.33,267.3 2 0
github.com/Notifuse/notifuse/cmd/api/app.go:269.2,269.34 1 1
github.com/Notifuse/notifuse/cmd/api/app.go:273.51,274.21 1 1
github.com/Notifuse/notifuse/cmd/api/app.go:274.21,276.3 1 1
github.com/Notifuse/notifuse/cmd/api/app.go:279.2,279.17 1 1
github.com/Notifuse/notifuse/cmd/api/app.go:279.17,281.3 1 1
github.com/Notifuse/notifuse/cmd/api/app.go:283.2,283.12 1 1
github.com/Notifuse/notifuse/cmd/api/app.go:287.34,288.35 1 0
github.com/Notifuse/notifuse/cmd/api/app.go:288.35,290.3 1 0
github.com/Notifuse/notifuse/cmd/api/app.go:292.2,292.39 1 0
github.com/Notifuse/notifuse/cmd/api/app.go:292.39,294.3 1 0
github.com/Notifuse/notifuse/cmd/api/app.go:296.2,296.45 1 0
github.com/Notifuse/notifuse/cmd/api/app.go:296.45,298.3 1 0
github.com/Notifuse/notifuse/cmd/api/app.go:300.2,300.41 1 0
github.com/Notifuse/notifuse/cmd/api/app.go:300.41,302.3 1 0
github.com/Notifuse/notifuse/cmd/api/app.go:304.2,304.41 1 0
github.com/Notifuse/notifuse/cmd/api/app.go:304.41,306.3 1 0
github.com/Notifuse/notifuse/cmd/api/app.go:308.2,308.12 1 0
github.com/Notifuse/notifuse/cmd/api/main.go:24.67,29.41 2 0
github.com/Notifuse/notifuse/cmd/api/main.go:29.41,32.3 2 0
github.com/Notifuse/notifuse/cmd/api/main.go:35.2,40.12 4 0
github.com/Notifuse/notifuse/cmd/api/main.go:40.12,43.3 2 0
github.com/Notifuse/notifuse/cmd/api/main.go:46.2,46.9 1 0
github.com/Notifuse/notifuse/cmd/api/main.go:47.28,48.17 1 0
github.com/Notifuse/notifuse/cmd/api/main.go:48.17,50.4 1 0
github.com/Notifuse/notifuse/cmd/api/main.go:51.3,51.13 1 0
github.com/Notifuse/notifuse/cmd/api/main.go:52.25,60.43 4 0
github.com/Notifuse/notifuse/cmd/api/main.go:60.43,63.4 2 0
github.com/Notifuse/notifuse/cmd/api/main.go:65.3,66.13 2 0
github.com/Notifuse/notifuse/cmd/api/main.go:70.13,73.16 2 0
github.com/Notifuse/notifuse/cmd/api/main.go:73.16,75.3 1 0
github.com/Notifuse/notifuse/cmd/api/main.go:78.2,82.50 3 0
github.com/Notifuse/notifuse/cmd/api/main.go:82.50,84.3 1 0
github.com/Notifuse/notifuse/cmd/api/test_keys.go:31.48,33.16 2 1
github.com/Notifuse/notifuse/cmd/api/test_keys.go:33.16,35.3 1 0
github.com/Notifuse/notifuse/cmd/api/test_keys.go:37.2,38.16 2 1
github.com/Notifuse/notifuse/cmd/api/test_keys.go:38.16,40.3 1 0
github.com/Notifuse/notifuse/cmd/api/test_keys.go:42.2,47.8 1 1
github.com/Notifuse/notifuse/cmd/api/test_keys.go:51.51,53.16 2 1
github.com/Notifuse/notifuse/cmd/api/test_keys.go:53.16,55.3 1 0
github.com/Notifuse/notifuse/cmd/api/test_keys.go:57.2,65.8 3 1
github.com/Notifuse/notifuse/cmd/api/test_keys.go:69.64,74.16 3 1
github.com/Notifuse/notifuse/cmd/api/test_keys.go:74.16,76.3 1 0
github.com/Notifuse/notifuse/cmd/api/test_keys.go:78.2,79.16 2 1
github.com/Notifuse/notifuse/cmd/api/test_keys.go:79.16,81.3 1 0
github.com/Notifuse/notifuse/cmd/api/test_keys.go:83.2,83.12 1 1
github.com/Notifuse/notifuse/cmd/api/test_keys.go:87.63,89.16 2 1
github.com/Notifuse/notifuse/cmd/api/test_keys.go:89.16,91.3 1 0
github.com/Notifuse/notifuse/cmd/api/test_keys.go:93.2,96.29 3 1
github.com/Notifuse/notifuse/cmd/api/test_keys.go:96.29,97.53 1 1
github.com/Notifuse/notifuse/cmd/api/test_keys.go:97.53,99.4 1 1
github.com/Notifuse/notifuse/cmd/api/test_keys.go:99.9,99.59 1 1
github.com/Notifuse/notifuse/cmd/api/test_keys.go:99.59,101.4 1 1
github.com/Notifuse/notifuse/cmd/api/test_keys.go:104.2,104.47 1 1
github.com/Notifuse/notifuse/cmd/api/test_keys.go:104.47,106.3 1 0
github.com/Notifuse/notifuse/cmd/api/test_keys.go:108.2,109.16 2 1
github.com/Notifuse/notifuse/cmd/api/test_keys.go:109.16,111.3 1 0
github.com/Notifuse/notifuse/cmd/api/test_keys.go:113.2,114.16 2 1
github.com/Notifuse/notifuse/cmd/api/test_keys.go:114.16,116.3 1 0
github.com/Notifuse/notifuse/cmd/api/test_keys.go:118.2,123.8 1 1
github.com/Notifuse/notifuse/cmd/api/test_keys.go:127.35,129.2 1 1
github.com/Notifuse/notifuse/cmd/api/test_keys.go:133.41,136.16 2 1
github.com/Notifuse/notifuse/cmd/api/test_keys.go:136.16,138.3 1 1
github.com/Notifuse/notifuse/cmd/api/test_keys.go:141.2,143.16 3 0
github.com/Notifuse/notifuse/cmd/api/test_keys.go:143.16,145.3 1 0
github.com/Notifuse/notifuse/cmd/api/test_keys.go:148.2,149.16 2 0
github.com/Notifuse/notifuse/cmd/api/test_keys.go:149.16,151.3 1 0
github.com/Notifuse/notifuse/cmd/api/test_keys.go:154.2,156.18 2 0
github.com/Notifuse/notifuse/cmd/api/test_keys.go:160.48,162.16 2 1
github.com/Notifuse/notifuse/cmd/api/test_keys.go:162.16,164.3 1 0
github.com/Notifuse/notifuse/cmd/api/test_keys.go:166.2,174.20 2 1
