mode: set
github.com/Notifuse/notifuse/cmd/api/app.go:54.39,55.22 1 1
github.com/Notifuse/notifuse/cmd/api/app.go:55.22,57.3 1 1
github.com/Notifuse/notifuse/cmd/api/app.go:61.48,62.22 1 1
github.com/Notifuse/notifuse/cmd/api/app.go:62.22,64.3 1 1
github.com/Notifuse/notifuse/cmd/api/app.go:68.49,69.22 1 1
github.com/Notifuse/notifuse/cmd/api/app.go:69.22,71.3 1 1
github.com/Notifuse/notifuse/cmd/api/app.go:75.57,83.27 2 1
github.com/Notifuse/notifuse/cmd/api/app.go:83.27,85.3 1 1
github.com/Notifuse/notifuse/cmd/api/app.go:87.2,87.12 1 1
github.com/Notifuse/notifuse/cmd/api/app.go:91.30,93.80 1 0
github.com/Notifuse/notifuse/cmd/api/app.go:93.80,95.3 1 0
github.com/Notifuse/notifuse/cmd/api/app.go:96.2,100.16 3 0
github.com/Notifuse/notifuse/cmd/api/app.go:100.16,102.3 1 0
github.com/Notifuse/notifuse/cmd/api/app.go:105.2,105.34 1 0
github.com/Notifuse/notifuse/cmd/api/app.go:105.34,108.3 2 0
github.com/Notifuse/notifuse/cmd/api/app.go:111.2,111.76 1 0
github.com/Notifuse/notifuse/cmd/api/app.go:111.76,114.3 2 0
github.com/Notifuse/notifuse/cmd/api/app.go:117.2,122.12 5 0
github.com/Notifuse/notifuse/cmd/api/app.go:126.34,128.21 1 1
github.com/Notifuse/notifuse/cmd/api/app.go:128.21,130.3 1 1
github.com/Notifuse/notifuse/cmd/api/app.go:132.2,132.30 1 1
github.com/Notifuse/notifuse/cmd/api/app.go:132.30,136.3 2 1
github.com/Notifuse/notifuse/cmd/api/app.go:136.8,148.3 2 0
github.com/Notifuse/notifuse/cmd/api/app.go:150.2,150.12 1 1
github.com/Notifuse/notifuse/cmd/api/app.go:154.40,155.17 1 1
github.com/Notifuse/notifuse/cmd/api/app.go:155.17,157.3 1 0
github.com/Notifuse/notifuse/cmd/api/app.go:159.2,166.12 7 1
github.com/Notifuse/notifuse/cmd/api/app.go:170.36,180.16 3 0
github.com/Notifuse/notifuse/cmd/api/app.go:180.16,182.3 1 0
github.com/Notifuse/notifuse/cmd/api/app.go:185.2,193.16 2 0
github.com/Notifuse/notifuse/cmd/api/app.go:193.16,195.3 1 0
github.com/Notifuse/notifuse/cmd/api/app.go:198.2,211.12 5 0
github.com/Notifuse/notifuse/cmd/api/app.go:215.36,248.2 17 0
github.com/Notifuse/notifuse/cmd/api/app.go:251.29,264.33 5 1
github.com/Notifuse/notifuse/cmd/api/app.go:264.33,267.3 2 0
github.com/Notifuse/notifuse/cmd/api/app.go:269.2,269.34 1 1
github.com/Notifuse/notifuse/cmd/api/app.go:273.51,274.21 1 1
github.com/Notifuse/notifuse/cmd/api/app.go:274.21,276.3 1 1
github.com/Notifuse/notifuse/cmd/api/app.go:279.2,279.17 1 1
github.com/Notifuse/notifuse/cmd/api/app.go:279.17,281.3 1 1
github.com/Notifuse/notifuse/cmd/api/app.go:283.2,283.12 1 1
github.com/Notifuse/notifuse/cmd/api/app.go:287.34,288.35 1 0
github.com/Notifuse/notifuse/cmd/api/app.go:288.35,290.3 1 0
github.com/Notifuse/notifuse/cmd/api/app.go:292.2,292.39 1 0
github.com/Notifuse/notifuse/cmd/api/app.go:292.39,294.3 1 0
github.com/Notifuse/notifuse/cmd/api/app.go:296.2,296.45 1 0
github.com/Notifuse/notifuse/cmd/api/app.go:296.45,298.3 1 0
github.com/Notifuse/notifuse/cmd/api/app.go:300.2,300.41 1 0
github.com/Notifuse/notifuse/cmd/api/app.go:300.41,302.3 1 0
github.com/Notifuse/notifuse/cmd/api/app.go:304.2,304.41 1 0
github.com/Notifuse/notifuse/cmd/api/app.go:304.41,306.3 1 0
github.com/Notifuse/notifuse/cmd/api/app.go:308.2,308.12 1 0
github.com/Notifuse/notifuse/cmd/api/main.go:20.13,23.16 2 0
github.com/Notifuse/notifuse/cmd/api/main.go:23.16,25.3 1 0
github.com/Notifuse/notifuse/cmd/api/main.go:28.2,35.41 4 0
github.com/Notifuse/notifuse/cmd/api/main.go:35.41,39.3 3 0
github.com/Notifuse/notifuse/cmd/api/main.go:42.2,47.12 4 0
github.com/Notifuse/notifuse/cmd/api/main.go:47.12,50.3 2 0
github.com/Notifuse/notifuse/cmd/api/main.go:53.2,53.9 1 0
github.com/Notifuse/notifuse/cmd/api/main.go:54.28,55.17 1 0
github.com/Notifuse/notifuse/cmd/api/main.go:55.17,57.4 1 0
github.com/Notifuse/notifuse/cmd/api/main.go:58.25,66.43 4 0
github.com/Notifuse/notifuse/cmd/api/main.go:66.43,69.4 2 0
github.com/Notifuse/notifuse/cmd/api/main.go:71.3,71.48 1 0
