mode: set
notifuse/server/cmd/api/main.go:24.63,28.2 2 1
notifuse/server/cmd/api/main.go:30.13,33.16 2 0
notifuse/server/cmd/api/main.go:33.16,35.3 1 0
notifuse/server/cmd/api/main.go:38.2,43.16 4 0
notifuse/server/cmd/api/main.go:43.16,45.3 1 0
notifuse/server/cmd/api/main.go:46.2,49.40 2 0
notifuse/server/cmd/api/main.go:49.40,51.3 1 0
notifuse/server/cmd/api/main.go:54.2,54.77 1 0
notifuse/server/cmd/api/main.go:54.77,56.3 1 0
notifuse/server/cmd/api/main.go:59.2,77.16 9 0
notifuse/server/cmd/api/main.go:77.16,79.3 1 0
notifuse/server/cmd/api/main.go:82.2,89.16 4 0
notifuse/server/cmd/api/main.go:89.16,91.3 1 0
notifuse/server/cmd/api/main.go:93.2,112.28 13 0
notifuse/server/cmd/api/main.go:112.28,115.3 2 0
notifuse/server/cmd/api/main.go:115.8,117.3 1 0
notifuse/server/cmd/api/main.go:119.2,119.16 1 0
notifuse/server/cmd/api/main.go:119.16,121.3 1 0
