mode: set
notifuse/server/cmd/keygen/main.go:12.13,27.43 8 0
notifuse/server/cmd/keygen/main.go:27.43,31.41 4 0
notifuse/server/cmd/keygen/main.go:31.41,33.18 2 0
notifuse/server/cmd/keygen/main.go:33.18,35.5 1 0
notifuse/server/cmd/keygen/main.go:38.4,41.18 3 0
notifuse/server/cmd/keygen/main.go:41.18,43.5 1 0
notifuse/server/cmd/keygen/main.go:44.4,44.50 1 0
notifuse/server/cmd/keygen/main.go:46.8,50.3 3 0
notifuse/server/cmd/keygen/main.go:53.69,60.31 5 0
notifuse/server/cmd/keygen/main.go:60.31,61.19 1 0
notifuse/server/cmd/keygen/main.go:61.19,64.4 2 0
notifuse/server/cmd/keygen/main.go:64.9,66.4 1 0
notifuse/server/cmd/keygen/main.go:68.2,68.19 1 0
notifuse/server/cmd/keygen/main.go:68.19,70.3 1 0
notifuse/server/cmd/keygen/main.go:73.2,73.29 1 0
notifuse/server/cmd/keygen/main.go:73.29,74.21 1 0
notifuse/server/cmd/keygen/main.go:74.21,76.12 2 0
notifuse/server/cmd/keygen/main.go:79.3,79.21 1 0
notifuse/server/cmd/keygen/main.go:79.21,81.12 2 0
notifuse/server/cmd/keygen/main.go:84.3,84.59 1 0
notifuse/server/cmd/keygen/main.go:84.59,87.4 2 0
notifuse/server/cmd/keygen/main.go:87.9,87.65 1 0
notifuse/server/cmd/keygen/main.go:87.65,90.4 2 0
notifuse/server/cmd/keygen/main.go:90.9,92.4 1 0
notifuse/server/cmd/keygen/main.go:96.2,96.19 1 0
notifuse/server/cmd/keygen/main.go:96.19,98.3 1 0
notifuse/server/cmd/keygen/main.go:99.2,99.18 1 0
notifuse/server/cmd/keygen/main.go:99.18,101.3 1 0
notifuse/server/cmd/keygen/main.go:103.2,103.15 1 0
notifuse/server/config/config.go:54.30,56.2 1 0
notifuse/server/config/config.go:59.57,74.24 11 0
notifuse/server/config/config.go:74.24,79.17 4 0
notifuse/server/config/config.go:79.17,81.4 1 0
notifuse/server/config/config.go:83.3,86.42 3 0
notifuse/server/config/config.go:86.42,89.57 2 0
notifuse/server/config/config.go:89.57,91.5 1 0
notifuse/server/config/config.go:96.2,104.28 5 0
notifuse/server/config/config.go:104.28,106.3 1 0
notifuse/server/config/config.go:107.2,107.27 1 0
notifuse/server/config/config.go:107.27,109.3 1 0
notifuse/server/config/config.go:112.2,113.16 2 0
notifuse/server/config/config.go:113.16,115.3 1 0
notifuse/server/config/config.go:117.2,118.16 2 0
notifuse/server/config/config.go:118.16,120.3 1 0
notifuse/server/config/config.go:122.2,148.20 2 0
notifuse/server/config/config.go:152.39,154.2 1 0
notifuse/server/cmd/api/main.go:24.63,28.2 2 0
notifuse/server/cmd/api/main.go:30.13,33.16 2 0
notifuse/server/cmd/api/main.go:33.16,35.3 1 0
notifuse/server/cmd/api/main.go:38.2,43.16 4 0
notifuse/server/cmd/api/main.go:43.16,45.3 1 0
notifuse/server/cmd/api/main.go:46.2,49.40 2 0
notifuse/server/cmd/api/main.go:49.40,51.3 1 0
notifuse/server/cmd/api/main.go:54.2,54.77 1 0
notifuse/server/cmd/api/main.go:54.77,56.3 1 0
notifuse/server/cmd/api/main.go:59.2,77.16 9 0
notifuse/server/cmd/api/main.go:77.16,79.3 1 0
notifuse/server/cmd/api/main.go:82.2,89.16 4 0
notifuse/server/cmd/api/main.go:89.16,91.3 1 0
notifuse/server/cmd/api/main.go:93.2,112.28 13 0
notifuse/server/cmd/api/main.go:112.28,115.3 2 0
notifuse/server/cmd/api/main.go:115.8,117.3 1 0
notifuse/server/cmd/api/main.go:119.2,119.16 1 0
notifuse/server/cmd/api/main.go:119.16,121.3 1 0
notifuse/server/pkg/logger/logger.go:22.25,27.2 2 0
notifuse/server/pkg/logger/logger.go:29.43,31.2 1 0
notifuse/server/pkg/logger/logger.go:33.42,35.2 1 0
notifuse/server/pkg/logger/logger.go:37.42,39.2 1 0
notifuse/server/pkg/logger/logger.go:41.43,43.2 1 0
notifuse/server/pkg/logger/logger.go:45.43,47.2 1 0
notifuse/server/pkg/logger/logger.go:49.73,53.2 1 0
notifuse/server/config/config.go:54.30,56.2 1 0
notifuse/server/config/config.go:59.57,74.24 11 0
notifuse/server/config/config.go:74.24,79.17 4 0
notifuse/server/config/config.go:79.17,81.4 1 0
notifuse/server/config/config.go:83.3,86.42 3 0
notifuse/server/config/config.go:86.42,89.57 2 0
notifuse/server/config/config.go:89.57,91.5 1 0
notifuse/server/config/config.go:96.2,104.28 5 0
notifuse/server/config/config.go:104.28,106.3 1 0
notifuse/server/config/config.go:107.2,107.27 1 0
notifuse/server/config/config.go:107.27,109.3 1 0
notifuse/server/config/config.go:112.2,113.16 2 0
notifuse/server/config/config.go:113.16,115.3 1 0
notifuse/server/config/config.go:117.2,118.16 2 0
notifuse/server/config/config.go:118.16,120.3 1 0
notifuse/server/config/config.go:122.2,148.20 2 0
notifuse/server/config/config.go:152.39,154.2 1 0
notifuse/server/internal/database/init.go:15.61,17.48 1 1
notifuse/server/internal/database/init.go:17.48,18.43 1 1
notifuse/server/internal/database/init.go:18.43,20.4 1 1
notifuse/server/internal/database/init.go:24.2,24.21 1 1
notifuse/server/internal/database/init.go:24.21,28.17 3 1
notifuse/server/internal/database/init.go:28.17,30.4 1 1
notifuse/server/internal/database/init.go:32.3,32.14 1 1
notifuse/server/internal/database/init.go:32.14,53.18 4 1
notifuse/server/internal/database/init.go:53.18,55.5 1 1
notifuse/server/internal/database/init.go:59.2,59.12 1 1
notifuse/server/internal/database/init.go:63.38,65.51 1 1
notifuse/server/internal/database/init.go:65.51,67.43 2 1
notifuse/server/internal/database/init.go:67.43,69.4 1 1
notifuse/server/internal/database/init.go:71.2,71.12 1 1
notifuse/server/internal/database/utils.go:12.54,20.2 1 1
notifuse/server/internal/database/utils.go:23.77,34.2 3 1
notifuse/server/internal/database/utils.go:37.90,40.16 3 0
notifuse/server/internal/database/utils.go:40.16,42.3 1 0
notifuse/server/internal/database/utils.go:45.2,45.34 1 0
notifuse/server/internal/database/utils.go:45.34,48.3 2 0
notifuse/server/internal/database/utils.go:51.2,54.16 3 0
notifuse/server/internal/domain/timezones.go:432.44,433.31 1 1
notifuse/server/internal/domain/timezones.go:433.31,434.21 1 1
notifuse/server/internal/domain/timezones.go:434.21,436.4 1 1
notifuse/server/internal/domain/timezones.go:438.2,438.14 1 1
notifuse/server/internal/domain/user.go:58.42,60.2 1 1
notifuse/server/internal/domain/user.go:67.45,69.2 1 1
notifuse/server/internal/domain/workspace.go:29.38,31.79 1 1
notifuse/server/internal/domain/workspace.go:31.79,33.3 1 1
notifuse/server/internal/domain/workspace.go:36.2,36.57 1 1
notifuse/server/internal/domain/workspace.go:36.57,38.3 1 1
notifuse/server/internal/domain/workspace.go:41.2,41.67 1 1
notifuse/server/internal/domain/workspace.go:41.67,43.3 1 0
notifuse/server/internal/domain/workspace.go:45.2,45.12 1 1
notifuse/server/internal/domain/workspace.go:60.24,68.16 2 1
notifuse/server/internal/domain/workspace.go:68.16,70.3 1 1
notifuse/server/internal/domain/workspace.go:72.2,79.66 2 1
notifuse/server/internal/domain/workspace.go:79.66,81.3 1 1
notifuse/server/internal/domain/workspace.go:83.2,83.15 1 1
notifuse/server/internal/domain/workspace.go:96.43,97.58 1 1
notifuse/server/internal/domain/workspace.go:97.58,99.3 1 1
notifuse/server/internal/domain/workspace.go:100.2,100.12 1 1
notifuse/server/internal/domain/workspace.go:128.42,130.2 1 1
notifuse/server/config/config.go:54.30,56.2 1 0
notifuse/server/config/config.go:59.57,74.24 11 0
notifuse/server/config/config.go:74.24,79.17 4 0
notifuse/server/config/config.go:79.17,81.4 1 0
notifuse/server/config/config.go:83.3,86.42 3 0
notifuse/server/config/config.go:86.42,89.57 2 0
notifuse/server/config/config.go:89.57,91.5 1 0
notifuse/server/config/config.go:96.2,104.28 5 0
notifuse/server/config/config.go:104.28,106.3 1 0
notifuse/server/config/config.go:107.2,107.27 1 0
notifuse/server/config/config.go:107.27,109.3 1 0
notifuse/server/config/config.go:112.2,113.16 2 0
notifuse/server/config/config.go:113.16,115.3 1 0
notifuse/server/config/config.go:117.2,118.16 2 0
notifuse/server/config/config.go:118.16,120.3 1 0
notifuse/server/config/config.go:122.2,148.20 2 0
notifuse/server/config/config.go:152.39,154.2 1 1
notifuse/server/internal/http/favicon_handler.go:23.42,25.2 1 1
notifuse/server/internal/http/favicon_handler.go:27.80,28.33 1 1
notifuse/server/internal/http/favicon_handler.go:28.33,31.3 2 1
notifuse/server/internal/http/favicon_handler.go:33.2,34.61 2 1
notifuse/server/internal/http/favicon_handler.go:34.61,37.3 2 1
notifuse/server/internal/http/favicon_handler.go:39.2,39.19 1 1
notifuse/server/internal/http/favicon_handler.go:39.19,42.3 2 1
notifuse/server/internal/http/favicon_handler.go:45.2,46.16 2 1
notifuse/server/internal/http/favicon_handler.go:46.16,49.3 2 1
notifuse/server/internal/http/favicon_handler.go:52.2,53.16 2 0
notifuse/server/internal/http/favicon_handler.go:53.16,56.3 2 0
notifuse/server/internal/http/favicon_handler.go:57.2,61.16 3 0
notifuse/server/internal/http/favicon_handler.go:61.16,64.3 2 0
notifuse/server/internal/http/favicon_handler.go:67.2,67.64 1 0
notifuse/server/internal/http/favicon_handler.go:67.64,70.3 2 0
notifuse/server/internal/http/favicon_handler.go:73.2,73.62 1 0
notifuse/server/internal/http/favicon_handler.go:73.62,76.3 2 0
notifuse/server/internal/http/favicon_handler.go:79.2,79.68 1 0
notifuse/server/internal/http/favicon_handler.go:79.68,82.3 2 0
notifuse/server/internal/http/favicon_handler.go:85.2,85.58 1 0
notifuse/server/internal/http/favicon_handler.go:85.58,88.3 2 0
notifuse/server/internal/http/favicon_handler.go:90.2,90.56 1 0
notifuse/server/internal/http/favicon_handler.go:93.73,95.82 2 1
notifuse/server/internal/http/favicon_handler.go:95.82,96.45 1 1
notifuse/server/internal/http/favicon_handler.go:96.45,97.65 1 1
notifuse/server/internal/http/favicon_handler.go:97.65,100.5 2 1
notifuse/server/internal/http/favicon_handler.go:103.2,103.16 1 1
notifuse/server/internal/http/favicon_handler.go:106.71,108.74 2 1
notifuse/server/internal/http/favicon_handler.go:108.74,109.45 1 1
notifuse/server/internal/http/favicon_handler.go:109.45,111.18 2 1
notifuse/server/internal/http/favicon_handler.go:111.18,113.5 1 0
notifuse/server/internal/http/favicon_handler.go:115.4,116.18 2 1
notifuse/server/internal/http/favicon_handler.go:116.18,118.5 1 0
notifuse/server/internal/http/favicon_handler.go:119.4,128.71 3 1
notifuse/server/internal/http/favicon_handler.go:128.71,130.5 1 1
notifuse/server/internal/http/favicon_handler.go:132.4,132.31 1 1
notifuse/server/internal/http/favicon_handler.go:132.31,135.45 2 1
notifuse/server/internal/http/favicon_handler.go:135.45,136.40 1 1
notifuse/server/internal/http/favicon_handler.go:136.40,138.7 1 1
notifuse/server/internal/http/favicon_handler.go:141.5,141.77 1 1
notifuse/server/internal/http/favicon_handler.go:141.77,143.6 1 1
notifuse/server/internal/http/favicon_handler.go:147.2,147.16 1 1
notifuse/server/internal/http/favicon_handler.go:150.77,152.97 2 1
notifuse/server/internal/http/favicon_handler.go:152.97,153.45 1 1
notifuse/server/internal/http/favicon_handler.go:153.45,154.65 1 1
notifuse/server/internal/http/favicon_handler.go:154.65,157.5 2 1
notifuse/server/internal/http/favicon_handler.go:160.2,160.16 1 1
notifuse/server/internal/http/favicon_handler.go:163.49,166.52 3 1
notifuse/server/internal/http/favicon_handler.go:166.52,168.3 1 1
notifuse/server/internal/http/favicon_handler.go:169.2,169.11 1 1
notifuse/server/internal/http/favicon_handler.go:172.64,173.79 1 1
notifuse/server/internal/http/favicon_handler.go:173.79,175.3 1 1
notifuse/server/internal/http/favicon_handler.go:176.2,177.34 2 1
notifuse/server/internal/http/root_handler.go:10.36,12.2 1 1
notifuse/server/internal/http/root_handler.go:14.70,19.2 2 1
notifuse/server/internal/http/root_handler.go:21.58,23.2 1 1
notifuse/server/internal/http/user_handler.go:24.180,31.2 1 1
notifuse/server/internal/http/user_handler.go:33.70,35.63 2 1
notifuse/server/internal/http/user_handler.go:35.63,38.3 2 1
notifuse/server/internal/http/user_handler.go:41.2,41.30 1 1
notifuse/server/internal/http/user_handler.go:41.30,43.17 2 1
notifuse/server/internal/http/user_handler.go:43.17,46.4 2 1
notifuse/server/internal/http/user_handler.go:48.3,53.9 3 1
notifuse/server/internal/http/user_handler.go:56.2,56.65 1 1
notifuse/server/internal/http/user_handler.go:56.65,59.3 2 1
notifuse/server/internal/http/user_handler.go:61.2,64.4 2 1
notifuse/server/internal/http/user_handler.go:67.74,69.63 2 1
notifuse/server/internal/http/user_handler.go:69.63,72.3 2 0
notifuse/server/internal/http/user_handler.go:74.2,75.16 2 1
notifuse/server/internal/http/user_handler.go:75.16,78.3 2 1
notifuse/server/internal/http/user_handler.go:80.2,81.37 2 1
notifuse/server/internal/http/user_handler.go:85.78,88.28 2 1
notifuse/server/internal/http/user_handler.go:88.28,91.3 2 1
notifuse/server/internal/http/user_handler.go:94.2,95.16 2 1
notifuse/server/internal/http/user_handler.go:95.16,98.3 2 1
notifuse/server/internal/http/user_handler.go:101.2,102.16 2 1
notifuse/server/internal/http/user_handler.go:102.16,105.3 2 1
notifuse/server/internal/http/user_handler.go:108.2,114.37 3 1
notifuse/server/internal/http/user_handler.go:117.58,125.8 4 1
notifuse/server/internal/http/user_handler.go:125.8,132.3 3 1
notifuse/server/internal/http/utils.go:11.76,17.2 3 1
notifuse/server/internal/http/workspace_handler.go:28.173,34.2 1 1
notifuse/server/internal/http/workspace_handler.go:65.66,69.2 3 1
notifuse/server/internal/http/workspace_handler.go:71.68,73.2 1 1
notifuse/server/internal/http/workspace_handler.go:76.63,87.2 7 1
notifuse/server/internal/http/workspace_handler.go:89.79,90.32 1 1
notifuse/server/internal/http/workspace_handler.go:90.32,93.3 2 0
notifuse/server/internal/http/workspace_handler.go:95.2,98.16 3 1
notifuse/server/internal/http/workspace_handler.go:98.16,101.3 2 0
notifuse/server/internal/http/workspace_handler.go:103.2,103.41 1 1
notifuse/server/internal/http/workspace_handler.go:106.78,107.32 1 1
notifuse/server/internal/http/workspace_handler.go:107.32,110.3 2 0
notifuse/server/internal/http/workspace_handler.go:112.2,116.23 3 1
notifuse/server/internal/http/workspace_handler.go:116.23,119.3 2 0
notifuse/server/internal/http/workspace_handler.go:121.2,122.16 2 1
notifuse/server/internal/http/workspace_handler.go:122.16,125.3 2 0
notifuse/server/internal/http/workspace_handler.go:126.2,126.22 1 1
notifuse/server/internal/http/workspace_handler.go:126.22,129.3 2 0
notifuse/server/internal/http/workspace_handler.go:131.2,131.40 1 1
notifuse/server/internal/http/workspace_handler.go:134.81,135.33 1 1
notifuse/server/internal/http/workspace_handler.go:135.33,138.3 2 0
notifuse/server/internal/http/workspace_handler.go:140.2,143.61 3 1
notifuse/server/internal/http/workspace_handler.go:143.61,146.3 2 0
notifuse/server/internal/http/workspace_handler.go:149.2,149.18 1 1
notifuse/server/internal/http/workspace_handler.go:149.18,152.3 2 0
notifuse/server/internal/http/workspace_handler.go:154.2,155.16 2 1
notifuse/server/internal/http/workspace_handler.go:155.16,158.3 2 0
notifuse/server/internal/http/workspace_handler.go:160.2,160.45 1 1
notifuse/server/internal/http/workspace_handler.go:163.81,164.33 1 1
notifuse/server/internal/http/workspace_handler.go:164.33,167.3 2 0
notifuse/server/internal/http/workspace_handler.go:169.2,172.61 3 1
notifuse/server/internal/http/workspace_handler.go:172.61,175.3 2 0
notifuse/server/internal/http/workspace_handler.go:177.2,178.16 2 1
notifuse/server/internal/http/workspace_handler.go:178.16,181.3 2 0
notifuse/server/internal/http/workspace_handler.go:182.2,182.22 1 1
notifuse/server/internal/http/workspace_handler.go:182.22,185.3 2 0
notifuse/server/internal/http/workspace_handler.go:187.2,187.40 1 1
notifuse/server/internal/http/workspace_handler.go:190.81,191.33 1 1
notifuse/server/internal/http/workspace_handler.go:191.33,194.3 2 0
notifuse/server/internal/http/workspace_handler.go:196.2,199.61 3 1
notifuse/server/internal/http/workspace_handler.go:199.61,202.3 2 0
notifuse/server/internal/http/workspace_handler.go:204.2,205.16 2 1
notifuse/server/internal/http/workspace_handler.go:205.16,208.3 2 0
notifuse/server/internal/http/workspace_handler.go:210.2,210.69 1 1
notifuse/server/pkg/logger/logger.go:22.25,27.2 2 0
notifuse/server/pkg/logger/logger.go:29.43,31.2 1 0
notifuse/server/pkg/logger/logger.go:33.42,35.2 1 0
notifuse/server/pkg/logger/logger.go:37.42,39.2 1 0
notifuse/server/pkg/logger/logger.go:41.43,43.2 1 0
notifuse/server/pkg/logger/logger.go:45.43,47.2 1 0
notifuse/server/pkg/logger/logger.go:49.73,53.2 1 0
notifuse/server/config/config.go:54.30,56.2 1 0
notifuse/server/config/config.go:59.57,74.24 11 1
notifuse/server/config/config.go:74.24,79.17 4 1
notifuse/server/config/config.go:79.17,81.4 1 0
notifuse/server/config/config.go:83.3,86.42 3 1
notifuse/server/config/config.go:86.42,89.57 2 0
notifuse/server/config/config.go:89.57,91.5 1 0
notifuse/server/config/config.go:96.2,104.28 5 1
notifuse/server/config/config.go:104.28,106.3 1 0
notifuse/server/config/config.go:107.2,107.27 1 1
notifuse/server/config/config.go:107.27,109.3 1 0
notifuse/server/config/config.go:112.2,113.16 2 1
notifuse/server/config/config.go:113.16,115.3 1 0
notifuse/server/config/config.go:117.2,118.16 2 1
notifuse/server/config/config.go:118.16,120.3 1 0
notifuse/server/config/config.go:122.2,148.20 2 1
notifuse/server/config/config.go:152.39,154.2 1 0
notifuse/server/internal/service/auth.go:22.84,27.2 1 1
notifuse/server/internal/service/auth.go:30.110,34.26 2 1
notifuse/server/internal/service/auth.go:34.26,37.3 2 1
notifuse/server/internal/service/auth.go:38.2,38.16 1 1
notifuse/server/internal/service/auth.go:38.16,41.3 2 1
notifuse/server/internal/service/auth.go:44.2,44.34 1 1
notifuse/server/internal/service/auth.go:44.34,47.3 2 1
notifuse/server/internal/service/auth.go:50.2,52.26 2 1
notifuse/server/internal/service/auth.go:52.26,55.3 2 1
notifuse/server/internal/service/auth.go:56.2,56.16 1 1
notifuse/server/internal/service/auth.go:56.16,59.3 2 1
notifuse/server/internal/service/auth.go:61.2,61.18 1 1
notifuse/server/internal/service/user.go:37.66,39.16 2 1
notifuse/server/internal/service/user.go:39.16,40.24 1 0
notifuse/server/internal/service/user.go:40.24,42.4 1 0
notifuse/server/internal/service/user.go:43.3,43.64 1 0
notifuse/server/internal/service/user.go:46.2,47.16 2 1
notifuse/server/internal/service/user.go:47.16,48.24 1 0
notifuse/server/internal/service/user.go:48.24,50.4 1 0
notifuse/server/internal/service/user.go:51.3,51.63 1 0
notifuse/server/internal/service/user.go:54.2,61.8 1 1
notifuse/server/internal/service/user.go:91.76,94.16 2 1
notifuse/server/internal/service/user.go:94.16,95.50 1 1
notifuse/server/internal/service/user.go:95.50,98.4 2 0
notifuse/server/internal/service/user.go:101.3,107.54 2 1
notifuse/server/internal/service/user.go:107.54,110.4 2 0
notifuse/server/internal/service/user.go:114.2,128.59 5 1
notifuse/server/internal/service/user.go:128.59,131.3 2 0
notifuse/server/internal/service/user.go:134.2,134.70 1 1
notifuse/server/internal/service/user.go:134.70,137.3 2 0
notifuse/server/internal/service/user.go:139.2,139.12 1 1
notifuse/server/internal/service/user.go:142.101,145.16 2 1
notifuse/server/internal/service/user.go:145.16,148.3 2 0
notifuse/server/internal/service/user.go:151.2,152.16 2 1
notifuse/server/internal/service/user.go:152.16,155.3 2 0
notifuse/server/internal/service/user.go:158.2,159.35 2 1
notifuse/server/internal/service/user.go:159.35,160.38 1 1
notifuse/server/internal/service/user.go:160.38,162.9 2 1
notifuse/server/internal/service/user.go:166.2,166.28 1 1
notifuse/server/internal/service/user.go:166.28,169.3 2 1
notifuse/server/internal/service/user.go:172.2,172.56 1 1
notifuse/server/internal/service/user.go:172.56,175.3 2 1
notifuse/server/internal/service/user.go:178.2,181.67 3 1
notifuse/server/internal/service/user.go:181.67,184.3 2 0
notifuse/server/internal/service/user.go:187.2,193.8 2 1
notifuse/server/internal/service/user.go:196.50,200.16 3 1
notifuse/server/internal/service/user.go:200.16,203.3 2 0
notifuse/server/internal/service/user.go:206.2,208.37 3 1
notifuse/server/internal/service/user.go:212.26,214.2 1 1
notifuse/server/internal/service/user.go:216.106,226.21 9 1
notifuse/server/internal/service/user.go:226.21,228.3 1 0
notifuse/server/internal/service/user.go:230.2,230.18 1 1
notifuse/server/internal/service/user.go:234.117,237.16 2 1
notifuse/server/internal/service/user.go:237.16,240.3 2 1
notifuse/server/internal/service/user.go:243.2,243.30 1 1
notifuse/server/internal/service/user.go:243.30,246.3 2 1
notifuse/server/internal/service/user.go:249.2,249.41 1 1
notifuse/server/internal/service/user.go:249.41,252.3 2 1
notifuse/server/internal/service/user.go:255.2,256.16 2 1
notifuse/server/internal/service/user.go:256.16,259.3 2 1
notifuse/server/internal/service/user.go:261.2,261.18 1 1
notifuse/server/internal/service/user.go:265.89,269.16 2 1
notifuse/server/internal/service/user.go:269.16,270.50 1 1
notifuse/server/internal/service/user.go:270.50,273.4 2 1
notifuse/server/internal/service/user.go:276.3,282.54 2 1
notifuse/server/internal/service/user.go:282.54,285.4 2 0
notifuse/server/internal/service/user.go:289.2,297.59 3 1
notifuse/server/internal/service/user.go:297.59,300.3 2 1
notifuse/server/internal/service/user.go:303.2,304.19 2 1
notifuse/server/internal/service/user.go:308.93,310.16 2 1
notifuse/server/internal/service/user.go:310.16,313.3 2 1
notifuse/server/internal/service/user.go:314.2,314.18 1 1
notifuse/server/internal/service/workspace.go:16.99,21.2 1 1
notifuse/server/internal/service/workspace.go:24.108,26.16 2 1
notifuse/server/internal/service/workspace.go:26.16,29.3 2 1
notifuse/server/internal/service/workspace.go:32.2,32.30 1 1
notifuse/server/internal/service/workspace.go:32.30,34.3 1 1
notifuse/server/internal/service/workspace.go:36.2,37.36 2 1
notifuse/server/internal/service/workspace.go:37.36,39.17 2 1
notifuse/server/internal/service/workspace.go:39.17,42.4 2 1
notifuse/server/internal/service/workspace.go:43.3,43.45 1 1
notifuse/server/internal/service/workspace.go:46.2,46.24 1 1
notifuse/server/internal/service/workspace.go:50.115,53.16 2 1
notifuse/server/internal/service/workspace.go:53.16,56.3 2 1
notifuse/server/internal/service/workspace.go:58.2,59.16 2 1
notifuse/server/internal/service/workspace.go:59.16,62.3 2 1
notifuse/server/internal/service/workspace.go:64.2,64.23 1 1
notifuse/server/internal/service/workspace.go:68.184,81.45 2 1
notifuse/server/internal/service/workspace.go:81.45,84.3 2 1
notifuse/server/internal/service/workspace.go:86.2,86.54 1 1
notifuse/server/internal/service/workspace.go:86.54,89.3 2 1
notifuse/server/internal/service/workspace.go:92.2,100.49 2 1
notifuse/server/internal/service/workspace.go:100.49,103.3 2 0
notifuse/server/internal/service/workspace.go:105.2,105.70 1 1
notifuse/server/internal/service/workspace.go:105.70,108.3 2 1
notifuse/server/internal/service/workspace.go:110.2,110.23 1 1
notifuse/server/internal/service/workspace.go:114.183,117.16 2 1
notifuse/server/internal/service/workspace.go:117.16,120.3 2 1
notifuse/server/internal/service/workspace.go:122.2,122.35 1 1
notifuse/server/internal/service/workspace.go:122.35,125.3 2 1
notifuse/server/internal/service/workspace.go:127.2,138.45 2 1
notifuse/server/internal/service/workspace.go:138.45,141.3 2 1
notifuse/server/internal/service/workspace.go:143.2,143.54 1 1
notifuse/server/internal/service/workspace.go:143.54,146.3 2 1
notifuse/server/internal/service/workspace.go:148.2,148.23 1 1
notifuse/server/internal/service/workspace.go:152.97,155.16 2 1
notifuse/server/internal/service/workspace.go:155.16,158.3 2 1
notifuse/server/internal/service/workspace.go:160.2,160.35 1 1
notifuse/server/internal/service/workspace.go:160.35,163.3 2 1
notifuse/server/internal/service/workspace.go:165.2,165.47 1 1
notifuse/server/internal/service/workspace.go:165.47,168.3 2 1
notifuse/server/internal/service/workspace.go:170.2,170.12 1 1
notifuse/server/internal/service/workspace.go:174.142,177.16 2 1
notifuse/server/internal/service/workspace.go:177.16,180.3 2 1
notifuse/server/internal/service/workspace.go:182.2,182.40 1 1
notifuse/server/internal/service/workspace.go:182.40,185.3 2 1
notifuse/server/internal/service/workspace.go:187.2,195.49 2 1
notifuse/server/internal/service/workspace.go:195.49,198.3 2 1
notifuse/server/internal/service/workspace.go:200.2,200.70 1 1
notifuse/server/internal/service/workspace.go:200.70,203.3 2 1
notifuse/server/internal/service/workspace.go:205.2,205.12 1 1
notifuse/server/internal/service/workspace.go:209.134,212.16 2 1
notifuse/server/internal/service/workspace.go:212.16,215.3 2 1
notifuse/server/internal/service/workspace.go:217.2,217.40 1 1
notifuse/server/internal/service/workspace.go:217.40,220.3 2 1
notifuse/server/internal/service/workspace.go:223.2,223.27 1 1
notifuse/server/internal/service/workspace.go:223.27,226.3 2 1
notifuse/server/internal/service/workspace.go:228.2,228.81 1 1
notifuse/server/internal/service/workspace.go:228.81,231.3 2 1
notifuse/server/internal/service/workspace.go:233.2,233.12 1 1
notifuse/server/internal/service/workspace.go:237.135,240.16 2 1
notifuse/server/internal/service/workspace.go:240.16,243.3 2 0
notifuse/server/internal/service/workspace.go:245.2,245.43 1 1
notifuse/server/internal/service/workspace.go:245.43,248.3 2 1
notifuse/server/internal/service/workspace.go:251.2,252.16 2 1
notifuse/server/internal/service/workspace.go:252.16,255.3 2 1
notifuse/server/internal/service/workspace.go:257.2,257.40 1 1
notifuse/server/internal/service/workspace.go:257.40,260.3 2 1
notifuse/server/internal/service/workspace.go:263.2,265.74 3 1
notifuse/server/internal/service/workspace.go:265.74,268.3 2 1
notifuse/server/internal/service/workspace.go:271.2,273.78 3 1
notifuse/server/internal/service/workspace.go:273.78,276.3 2 1
notifuse/server/internal/service/workspace.go:278.2,278.12 1 1
notifuse/server/pkg/logger/logger.go:22.25,27.2 2 0
notifuse/server/pkg/logger/logger.go:29.43,31.2 1 0
notifuse/server/pkg/logger/logger.go:33.42,35.2 1 0
notifuse/server/pkg/logger/logger.go:37.42,39.2 1 0
notifuse/server/pkg/logger/logger.go:41.43,43.2 1 0
notifuse/server/pkg/logger/logger.go:45.43,47.2 1 0
notifuse/server/pkg/logger/logger.go:49.73,53.2 1 0
notifuse/server/config/config.go:54.30,56.2 1 0
notifuse/server/config/config.go:59.57,74.24 11 0
notifuse/server/config/config.go:74.24,79.17 4 0
notifuse/server/config/config.go:79.17,81.4 1 0
notifuse/server/config/config.go:83.3,86.42 3 0
notifuse/server/config/config.go:86.42,89.57 2 0
notifuse/server/config/config.go:89.57,91.5 1 0
notifuse/server/config/config.go:96.2,104.28 5 0
notifuse/server/config/config.go:104.28,106.3 1 0
notifuse/server/config/config.go:107.2,107.27 1 0
notifuse/server/config/config.go:107.27,109.3 1 0
notifuse/server/config/config.go:112.2,113.16 2 0
notifuse/server/config/config.go:113.16,115.3 1 0
notifuse/server/config/config.go:117.2,118.16 2 0
notifuse/server/config/config.go:118.16,120.3 1 0
notifuse/server/config/config.go:122.2,148.20 2 0
notifuse/server/config/config.go:152.39,154.2 1 0
notifuse/server/internal/repository/auth_repository.go:18.80,23.2 1 1
notifuse/server/internal/repository/auth_repository.go:26.118,33.16 3 1
notifuse/server/internal/repository/auth_repository.go:33.16,35.3 1 1
notifuse/server/internal/repository/auth_repository.go:37.2,37.24 1 1
notifuse/server/internal/repository/auth_repository.go:41.99,48.16 3 1
notifuse/server/internal/repository/auth_repository.go:48.16,50.3 1 1
notifuse/server/internal/repository/auth_repository.go:52.2,52.19 1 1
notifuse/server/internal/repository/mock_helper.go:12.67,16.20 3 1
notifuse/server/internal/repository/mock_helper.go:16.20,18.3 1 1
notifuse/server/internal/repository/mock_helper.go:20.2,20.26 1 1
notifuse/server/internal/repository/user_postgres.go:19.58,21.2 1 1
notifuse/server/internal/repository/user_postgres.go:23.83,24.19 1 1
notifuse/server/internal/repository/user_postgres.go:24.19,26.3 1 0
notifuse/server/internal/repository/user_postgres.go:27.2,42.16 6 1
notifuse/server/internal/repository/user_postgres.go:42.16,44.3 1 1
notifuse/server/internal/repository/user_postgres.go:45.2,45.12 1 1
notifuse/server/internal/repository/user_postgres.go:48.98,62.26 4 1
notifuse/server/internal/repository/user_postgres.go:62.26,64.3 1 1
notifuse/server/internal/repository/user_postgres.go:65.2,65.16 1 1
notifuse/server/internal/repository/user_postgres.go:65.16,67.3 1 1
notifuse/server/internal/repository/user_postgres.go:68.2,68.19 1 1
notifuse/server/internal/repository/user_postgres.go:71.92,85.26 4 1
notifuse/server/internal/repository/user_postgres.go:85.26,87.3 1 1
notifuse/server/internal/repository/user_postgres.go:88.2,88.16 1 1
notifuse/server/internal/repository/user_postgres.go:88.16,90.3 1 0
notifuse/server/internal/repository/user_postgres.go:91.2,91.19 1 1
notifuse/server/internal/repository/user_postgres.go:94.92,95.22 1 1
notifuse/server/internal/repository/user_postgres.go:95.22,97.3 1 0
notifuse/server/internal/repository/user_postgres.go:98.2,100.40 3 1
notifuse/server/internal/repository/user_postgres.go:100.40,102.3 1 1
notifuse/server/internal/repository/user_postgres.go:104.2,119.16 3 1
notifuse/server/internal/repository/user_postgres.go:119.16,121.3 1 0
notifuse/server/internal/repository/user_postgres.go:122.2,122.12 1 1
notifuse/server/internal/repository/user_postgres.go:125.98,141.26 4 1
notifuse/server/internal/repository/user_postgres.go:141.26,143.3 1 1
notifuse/server/internal/repository/user_postgres.go:144.2,144.16 1 1
notifuse/server/internal/repository/user_postgres.go:144.16,146.3 1 0
notifuse/server/internal/repository/user_postgres.go:147.2,147.22 1 1
notifuse/server/internal/repository/user_postgres.go:150.78,153.16 3 1
notifuse/server/internal/repository/user_postgres.go:153.16,155.3 1 0
notifuse/server/internal/repository/user_postgres.go:156.2,157.16 2 1
notifuse/server/internal/repository/user_postgres.go:157.16,159.3 1 0
notifuse/server/internal/repository/user_postgres.go:160.2,160.15 1 1
notifuse/server/internal/repository/user_postgres.go:160.15,162.3 1 1
notifuse/server/internal/repository/user_postgres.go:163.2,163.12 1 1
notifuse/server/internal/repository/user_postgres.go:166.109,174.16 3 1
notifuse/server/internal/repository/user_postgres.go:174.16,176.3 1 0
notifuse/server/internal/repository/user_postgres.go:177.2,180.18 3 1
notifuse/server/internal/repository/user_postgres.go:180.18,190.17 3 1
notifuse/server/internal/repository/user_postgres.go:190.17,192.4 1 0
notifuse/server/internal/repository/user_postgres.go:193.3,193.40 1 1
notifuse/server/internal/repository/user_postgres.go:195.2,195.29 1 1
notifuse/server/internal/repository/user_postgres.go:198.92,212.16 3 1
notifuse/server/internal/repository/user_postgres.go:212.16,214.3 1 0
notifuse/server/internal/repository/user_postgres.go:216.2,217.16 2 1
notifuse/server/internal/repository/user_postgres.go:217.16,219.3 1 0
notifuse/server/internal/repository/user_postgres.go:220.2,220.15 1 1
notifuse/server/internal/repository/user_postgres.go:220.15,222.3 1 1
notifuse/server/internal/repository/user_postgres.go:223.2,223.12 1 1
notifuse/server/internal/repository/workspace_postgres.go:27.107,32.2 1 1
notifuse/server/internal/repository/workspace_postgres.go:35.100,39.16 4 1
notifuse/server/internal/repository/workspace_postgres.go:39.16,42.3 2 0
notifuse/server/internal/repository/workspace_postgres.go:43.2,43.20 1 1
notifuse/server/internal/repository/workspace_postgres.go:46.94,47.24 1 1
notifuse/server/internal/repository/workspace_postgres.go:47.24,49.3 1 0
notifuse/server/internal/repository/workspace_postgres.go:52.2,52.45 1 1
notifuse/server/internal/repository/workspace_postgres.go:52.45,54.3 1 0
notifuse/server/internal/repository/workspace_postgres.go:57.2,58.16 2 1
notifuse/server/internal/repository/workspace_postgres.go:58.16,60.3 1 0
notifuse/server/internal/repository/workspace_postgres.go:61.2,61.12 1 1
notifuse/server/internal/repository/workspace_postgres.go:61.12,63.3 1 0
notifuse/server/internal/repository/workspace_postgres.go:65.2,71.16 5 1
notifuse/server/internal/repository/workspace_postgres.go:71.16,73.3 1 0
notifuse/server/internal/repository/workspace_postgres.go:75.2,86.16 3 1
notifuse/server/internal/repository/workspace_postgres.go:86.16,88.3 1 0
notifuse/server/internal/repository/workspace_postgres.go:91.2,91.44 1 1
notifuse/server/internal/repository/workspace_postgres.go:94.98,101.26 3 1
notifuse/server/internal/repository/workspace_postgres.go:101.26,103.3 1 0
notifuse/server/internal/repository/workspace_postgres.go:104.2,104.16 1 1
notifuse/server/internal/repository/workspace_postgres.go:104.16,106.3 1 1
notifuse/server/internal/repository/workspace_postgres.go:107.2,107.23 1 1
notifuse/server/internal/repository/workspace_postgres.go:110.86,117.16 3 1
notifuse/server/internal/repository/workspace_postgres.go:117.16,119.3 1 0
notifuse/server/internal/repository/workspace_postgres.go:120.2,123.18 3 1
notifuse/server/internal/repository/workspace_postgres.go:123.18,125.17 2 1
notifuse/server/internal/repository/workspace_postgres.go:125.17,127.4 1 0
notifuse/server/internal/repository/workspace_postgres.go:128.3,128.45 1 1
notifuse/server/internal/repository/workspace_postgres.go:130.2,130.31 1 1
notifuse/server/internal/repository/workspace_postgres.go:133.94,137.45 2 1
notifuse/server/internal/repository/workspace_postgres.go:137.45,139.3 1 0
notifuse/server/internal/repository/workspace_postgres.go:142.2,143.16 2 1
notifuse/server/internal/repository/workspace_postgres.go:143.16,145.3 1 0
notifuse/server/internal/repository/workspace_postgres.go:147.2,158.16 3 1
notifuse/server/internal/repository/workspace_postgres.go:158.16,160.3 1 0
notifuse/server/internal/repository/workspace_postgres.go:161.2,162.16 2 1
notifuse/server/internal/repository/workspace_postgres.go:162.16,164.3 1 0
notifuse/server/internal/repository/workspace_postgres.go:165.2,165.15 1 1
notifuse/server/internal/repository/workspace_postgres.go:165.15,167.3 1 1
notifuse/server/internal/repository/workspace_postgres.go:168.2,168.12 1 1
notifuse/server/internal/repository/workspace_postgres.go:171.76,173.50 1 1
notifuse/server/internal/repository/workspace_postgres.go:173.50,175.3 1 0
notifuse/server/internal/repository/workspace_postgres.go:178.2,180.16 3 1
notifuse/server/internal/repository/workspace_postgres.go:180.16,182.3 1 1
notifuse/server/internal/repository/workspace_postgres.go:183.2,184.16 2 0
notifuse/server/internal/repository/workspace_postgres.go:184.16,186.3 1 0
notifuse/server/internal/repository/workspace_postgres.go:187.2,187.15 1 0
notifuse/server/internal/repository/workspace_postgres.go:187.15,189.3 1 0
notifuse/server/internal/repository/workspace_postgres.go:190.2,190.12 1 0
notifuse/server/internal/repository/workspace_postgres.go:193.103,195.53 1 1
notifuse/server/internal/repository/workspace_postgres.go:195.53,198.45 2 0
notifuse/server/internal/repository/workspace_postgres.go:198.45,200.4 1 0
notifuse/server/internal/repository/workspace_postgres.go:202.3,202.36 1 0
notifuse/server/internal/repository/workspace_postgres.go:206.2,207.16 2 1
notifuse/server/internal/repository/workspace_postgres.go:207.16,209.3 1 1
notifuse/server/internal/repository/workspace_postgres.go:212.2,213.16 2 0
notifuse/server/internal/repository/workspace_postgres.go:216.93,223.16 4 1
notifuse/server/internal/repository/workspace_postgres.go:223.16,225.3 1 1
notifuse/server/internal/repository/workspace_postgres.go:228.2,229.16 2 1
notifuse/server/internal/repository/workspace_postgres.go:229.16,231.3 1 1
notifuse/server/internal/repository/workspace_postgres.go:232.2,244.16 3 0
notifuse/server/internal/repository/workspace_postgres.go:244.16,246.3 1 0
notifuse/server/internal/repository/workspace_postgres.go:248.2,248.12 1 0
notifuse/server/internal/repository/workspace_postgres.go:251.93,261.16 5 1
notifuse/server/internal/repository/workspace_postgres.go:261.16,263.3 1 1
notifuse/server/internal/repository/workspace_postgres.go:265.2,265.12 1 1
notifuse/server/internal/repository/workspace_postgres.go:268.114,282.16 3 1
notifuse/server/internal/repository/workspace_postgres.go:282.16,284.3 1 0
notifuse/server/internal/repository/workspace_postgres.go:285.2,285.12 1 1
notifuse/server/internal/repository/workspace_postgres.go:288.117,291.16 3 1
notifuse/server/internal/repository/workspace_postgres.go:291.16,293.3 1 0
notifuse/server/internal/repository/workspace_postgres.go:294.2,295.16 2 1
notifuse/server/internal/repository/workspace_postgres.go:295.16,297.3 1 0
notifuse/server/internal/repository/workspace_postgres.go:298.2,298.15 1 1
notifuse/server/internal/repository/workspace_postgres.go:298.15,300.3 1 1
notifuse/server/internal/repository/workspace_postgres.go:301.2,301.12 1 1
notifuse/server/internal/repository/workspace_postgres.go:304.118,311.16 3 1
notifuse/server/internal/repository/workspace_postgres.go:311.16,313.3 1 0
notifuse/server/internal/repository/workspace_postgres.go:314.2,317.18 3 1
notifuse/server/internal/repository/workspace_postgres.go:317.18,320.17 3 1
notifuse/server/internal/repository/workspace_postgres.go:320.17,322.4 1 0
notifuse/server/internal/repository/workspace_postgres.go:323.3,323.47 1 1
notifuse/server/internal/repository/workspace_postgres.go:325.2,325.35 1 1
notifuse/server/internal/repository/workspace_postgres.go:328.123,335.16 3 1
notifuse/server/internal/repository/workspace_postgres.go:335.16,337.3 1 0
notifuse/server/internal/repository/workspace_postgres.go:338.2,341.18 3 1
notifuse/server/internal/repository/workspace_postgres.go:341.18,344.17 3 1
notifuse/server/internal/repository/workspace_postgres.go:344.17,346.4 1 0
notifuse/server/internal/repository/workspace_postgres.go:347.3,347.47 1 1
notifuse/server/internal/repository/workspace_postgres.go:349.2,349.35 1 1
notifuse/server/internal/repository/workspace_postgres.go:352.135,362.26 4 1
notifuse/server/internal/repository/workspace_postgres.go:362.26,364.3 1 0
notifuse/server/internal/repository/workspace_postgres.go:365.2,365.16 1 1
notifuse/server/internal/repository/workspace_postgres.go:365.16,367.3 1 1
notifuse/server/internal/repository/workspace_postgres.go:368.2,368.17 1 1
notifuse/server/pkg/logger/logger.go:22.25,27.2 2 0
notifuse/server/pkg/logger/logger.go:29.43,31.2 1 0
notifuse/server/pkg/logger/logger.go:33.42,35.2 1 0
notifuse/server/pkg/logger/logger.go:37.42,39.2 1 0
notifuse/server/pkg/logger/logger.go:41.43,43.2 1 0
notifuse/server/pkg/logger/logger.go:45.43,47.2 1 0
notifuse/server/pkg/logger/logger.go:49.73,53.2 1 0
notifuse/server/internal/http/middleware/auth.go:40.76,44.2 1 1
notifuse/server/internal/http/middleware/auth.go:47.101,48.46 1 1
notifuse/server/internal/http/middleware/auth.go:48.46,49.72 1 1
notifuse/server/internal/http/middleware/auth.go:49.72,52.24 2 1
notifuse/server/internal/http/middleware/auth.go:52.24,55.5 2 1
notifuse/server/internal/http/middleware/auth.go:58.4,59.47 2 1
notifuse/server/internal/http/middleware/auth.go:59.47,62.5 2 1
notifuse/server/internal/http/middleware/auth.go:64.4,72.18 5 1
notifuse/server/internal/http/middleware/auth.go:72.18,75.5 2 1
notifuse/server/internal/http/middleware/auth.go:78.4,79.18 2 1
notifuse/server/internal/http/middleware/auth.go:79.18,82.5 2 1
notifuse/server/internal/http/middleware/auth.go:85.4,86.18 2 1
notifuse/server/internal/http/middleware/auth.go:86.18,89.5 2 1
notifuse/server/internal/http/middleware/auth.go:92.4,93.18 2 1
notifuse/server/internal/http/middleware/auth.go:93.18,94.16 1 1
notifuse/server/internal/http/middleware/auth.go:95.36,96.63 1 1
notifuse/server/internal/http/middleware/auth.go:97.34,98.62 1 1
notifuse/server/internal/http/middleware/auth.go:99.13,100.76 1 1
notifuse/server/internal/http/middleware/auth.go:102.5,102.11 1 1
notifuse/server/internal/http/middleware/auth.go:106.4,112.41 3 1
notifuse/server/internal/http/middleware/cors.go:9.53,10.71 1 1
notifuse/server/internal/http/middleware/cors.go:10.71,13.24 2 1
notifuse/server/internal/http/middleware/cors.go:13.24,15.4 1 1
notifuse/server/internal/http/middleware/cors.go:16.3,28.28 5 1
notifuse/server/internal/http/middleware/cors.go:28.28,31.4 2 1
notifuse/server/internal/http/middleware/cors.go:33.3,33.23 1 1
notifuse/server/pkg/logger/logger.go:22.25,27.2 2 0
notifuse/server/pkg/logger/logger.go:29.43,31.2 1 0
notifuse/server/pkg/logger/logger.go:33.42,35.2 1 0
notifuse/server/pkg/logger/logger.go:37.42,39.2 1 0
notifuse/server/pkg/logger/logger.go:41.43,43.2 1 0
notifuse/server/pkg/logger/logger.go:45.43,47.2 1 0
notifuse/server/pkg/logger/logger.go:49.73,53.2 1 0
