mode: set
notifuse/server/internal/http/favicon_handler.go:23.42,25.2 1 1
notifuse/server/internal/http/favicon_handler.go:27.80,28.33 1 1
notifuse/server/internal/http/favicon_handler.go:28.33,31.3 2 1
notifuse/server/internal/http/favicon_handler.go:33.2,34.61 2 1
notifuse/server/internal/http/favicon_handler.go:34.61,37.3 2 1
notifuse/server/internal/http/favicon_handler.go:39.2,39.19 1 1
notifuse/server/internal/http/favicon_handler.go:39.19,42.3 2 1
notifuse/server/internal/http/favicon_handler.go:45.2,46.16 2 1
notifuse/server/internal/http/favicon_handler.go:46.16,49.3 2 1
notifuse/server/internal/http/favicon_handler.go:52.2,53.16 2 0
notifuse/server/internal/http/favicon_handler.go:53.16,56.3 2 0
notifuse/server/internal/http/favicon_handler.go:57.2,61.16 3 0
notifuse/server/internal/http/favicon_handler.go:61.16,64.3 2 0
notifuse/server/internal/http/favicon_handler.go:67.2,67.64 1 0
notifuse/server/internal/http/favicon_handler.go:67.64,70.3 2 0
notifuse/server/internal/http/favicon_handler.go:73.2,73.62 1 0
notifuse/server/internal/http/favicon_handler.go:73.62,76.3 2 0
notifuse/server/internal/http/favicon_handler.go:79.2,79.68 1 0
notifuse/server/internal/http/favicon_handler.go:79.68,82.3 2 0
notifuse/server/internal/http/favicon_handler.go:85.2,85.58 1 0
notifuse/server/internal/http/favicon_handler.go:85.58,88.3 2 0
notifuse/server/internal/http/favicon_handler.go:90.2,90.56 1 0
notifuse/server/internal/http/favicon_handler.go:93.73,95.82 2 1
notifuse/server/internal/http/favicon_handler.go:95.82,96.45 1 1
notifuse/server/internal/http/favicon_handler.go:96.45,97.65 1 1
notifuse/server/internal/http/favicon_handler.go:97.65,100.5 2 1
notifuse/server/internal/http/favicon_handler.go:103.2,103.16 1 1
notifuse/server/internal/http/favicon_handler.go:106.71,108.74 2 1
notifuse/server/internal/http/favicon_handler.go:108.74,109.45 1 1
notifuse/server/internal/http/favicon_handler.go:109.45,111.18 2 1
notifuse/server/internal/http/favicon_handler.go:111.18,113.5 1 0
notifuse/server/internal/http/favicon_handler.go:115.4,116.18 2 1
notifuse/server/internal/http/favicon_handler.go:116.18,118.5 1 0
notifuse/server/internal/http/favicon_handler.go:119.4,128.71 3 1
notifuse/server/internal/http/favicon_handler.go:128.71,130.5 1 1
notifuse/server/internal/http/favicon_handler.go:132.4,132.31 1 1
notifuse/server/internal/http/favicon_handler.go:132.31,135.45 2 1
notifuse/server/internal/http/favicon_handler.go:135.45,136.40 1 1
notifuse/server/internal/http/favicon_handler.go:136.40,138.7 1 1
notifuse/server/internal/http/favicon_handler.go:141.5,141.77 1 1
notifuse/server/internal/http/favicon_handler.go:141.77,143.6 1 1
notifuse/server/internal/http/favicon_handler.go:147.2,147.16 1 1
notifuse/server/internal/http/favicon_handler.go:150.77,152.97 2 1
notifuse/server/internal/http/favicon_handler.go:152.97,153.45 1 1
notifuse/server/internal/http/favicon_handler.go:153.45,154.65 1 1
notifuse/server/internal/http/favicon_handler.go:154.65,157.5 2 1
notifuse/server/internal/http/favicon_handler.go:160.2,160.16 1 1
notifuse/server/internal/http/favicon_handler.go:163.49,166.52 3 1
notifuse/server/internal/http/favicon_handler.go:166.52,168.3 1 1
notifuse/server/internal/http/favicon_handler.go:169.2,169.11 1 1
notifuse/server/internal/http/favicon_handler.go:172.64,173.79 1 1
notifuse/server/internal/http/favicon_handler.go:173.79,175.3 1 1
notifuse/server/internal/http/favicon_handler.go:176.2,177.34 2 1
notifuse/server/internal/http/root_handler.go:10.36,12.2 1 1
notifuse/server/internal/http/root_handler.go:14.70,19.2 2 1
notifuse/server/internal/http/root_handler.go:21.58,23.2 1 1
notifuse/server/internal/http/user_handler.go:24.180,31.2 1 1
notifuse/server/internal/http/user_handler.go:33.70,35.63 2 1
notifuse/server/internal/http/user_handler.go:35.63,38.3 2 1
notifuse/server/internal/http/user_handler.go:41.2,41.30 1 1
notifuse/server/internal/http/user_handler.go:41.30,43.17 2 1
notifuse/server/internal/http/user_handler.go:43.17,46.4 2 1
notifuse/server/internal/http/user_handler.go:48.3,53.9 3 1
notifuse/server/internal/http/user_handler.go:56.2,56.65 1 1
notifuse/server/internal/http/user_handler.go:56.65,59.3 2 1
notifuse/server/internal/http/user_handler.go:61.2,64.4 2 1
notifuse/server/internal/http/user_handler.go:67.74,69.63 2 1
notifuse/server/internal/http/user_handler.go:69.63,72.3 2 0
notifuse/server/internal/http/user_handler.go:74.2,75.16 2 1
notifuse/server/internal/http/user_handler.go:75.16,78.3 2 1
notifuse/server/internal/http/user_handler.go:80.2,81.37 2 1
notifuse/server/internal/http/user_handler.go:85.78,88.28 2 1
notifuse/server/internal/http/user_handler.go:88.28,91.3 2 1
notifuse/server/internal/http/user_handler.go:94.2,95.16 2 1
notifuse/server/internal/http/user_handler.go:95.16,98.3 2 1
notifuse/server/internal/http/user_handler.go:101.2,102.16 2 1
notifuse/server/internal/http/user_handler.go:102.16,105.3 2 1
notifuse/server/internal/http/user_handler.go:108.2,114.37 3 1
notifuse/server/internal/http/user_handler.go:117.58,125.8 4 1
notifuse/server/internal/http/user_handler.go:125.8,132.3 3 1
notifuse/server/internal/http/utils.go:11.76,17.2 3 1
notifuse/server/internal/http/workspace_handler.go:28.173,34.2 1 1
notifuse/server/internal/http/workspace_handler.go:65.66,69.2 3 1
notifuse/server/internal/http/workspace_handler.go:71.68,73.2 1 1
notifuse/server/internal/http/workspace_handler.go:76.63,87.2 7 1
notifuse/server/internal/http/workspace_handler.go:89.79,90.32 1 1
notifuse/server/internal/http/workspace_handler.go:90.32,93.3 2 0
notifuse/server/internal/http/workspace_handler.go:95.2,98.16 3 1
notifuse/server/internal/http/workspace_handler.go:98.16,101.3 2 0
notifuse/server/internal/http/workspace_handler.go:103.2,103.41 1 1
notifuse/server/internal/http/workspace_handler.go:106.78,107.32 1 1
notifuse/server/internal/http/workspace_handler.go:107.32,110.3 2 0
notifuse/server/internal/http/workspace_handler.go:112.2,116.23 3 1
notifuse/server/internal/http/workspace_handler.go:116.23,119.3 2 0
notifuse/server/internal/http/workspace_handler.go:121.2,122.16 2 1
notifuse/server/internal/http/workspace_handler.go:122.16,125.3 2 0
notifuse/server/internal/http/workspace_handler.go:126.2,126.22 1 1
notifuse/server/internal/http/workspace_handler.go:126.22,129.3 2 0
notifuse/server/internal/http/workspace_handler.go:131.2,131.40 1 1
notifuse/server/internal/http/workspace_handler.go:134.81,135.33 1 1
notifuse/server/internal/http/workspace_handler.go:135.33,138.3 2 0
notifuse/server/internal/http/workspace_handler.go:140.2,143.61 3 1
notifuse/server/internal/http/workspace_handler.go:143.61,146.3 2 0
notifuse/server/internal/http/workspace_handler.go:149.2,149.18 1 1
notifuse/server/internal/http/workspace_handler.go:149.18,152.3 2 0
notifuse/server/internal/http/workspace_handler.go:154.2,155.16 2 1
notifuse/server/internal/http/workspace_handler.go:155.16,158.3 2 0
notifuse/server/internal/http/workspace_handler.go:160.2,160.45 1 1
notifuse/server/internal/http/workspace_handler.go:163.81,164.33 1 1
notifuse/server/internal/http/workspace_handler.go:164.33,167.3 2 0
notifuse/server/internal/http/workspace_handler.go:169.2,172.61 3 1
notifuse/server/internal/http/workspace_handler.go:172.61,175.3 2 0
notifuse/server/internal/http/workspace_handler.go:177.2,178.16 2 1
notifuse/server/internal/http/workspace_handler.go:178.16,181.3 2 0
notifuse/server/internal/http/workspace_handler.go:182.2,182.22 1 1
notifuse/server/internal/http/workspace_handler.go:182.22,185.3 2 0
notifuse/server/internal/http/workspace_handler.go:187.2,187.40 1 1
notifuse/server/internal/http/workspace_handler.go:190.81,191.33 1 1
notifuse/server/internal/http/workspace_handler.go:191.33,194.3 2 0
notifuse/server/internal/http/workspace_handler.go:196.2,199.61 3 1
notifuse/server/internal/http/workspace_handler.go:199.61,202.3 2 0
notifuse/server/internal/http/workspace_handler.go:204.2,205.16 2 1
notifuse/server/internal/http/workspace_handler.go:205.16,208.3 2 0
notifuse/server/internal/http/workspace_handler.go:210.2,210.69 1 1
