mode: set
notifuse/server/cmd/keygen/main.go:12.13,27.43 8 0
notifuse/server/cmd/keygen/main.go:27.43,31.41 4 0
notifuse/server/cmd/keygen/main.go:31.41,33.18 2 0
notifuse/server/cmd/keygen/main.go:33.18,35.5 1 0
notifuse/server/cmd/keygen/main.go:38.4,41.18 3 0
notifuse/server/cmd/keygen/main.go:41.18,43.5 1 0
notifuse/server/cmd/keygen/main.go:44.4,44.50 1 0
notifuse/server/cmd/keygen/main.go:46.8,50.3 3 0
notifuse/server/cmd/keygen/main.go:53.69,60.31 5 1
notifuse/server/cmd/keygen/main.go:60.31,61.19 1 1
notifuse/server/cmd/keygen/main.go:61.19,64.4 2 1
notifuse/server/cmd/keygen/main.go:64.9,66.4 1 1
notifuse/server/cmd/keygen/main.go:68.2,68.19 1 1
notifuse/server/cmd/keygen/main.go:68.19,70.3 1 0
notifuse/server/cmd/keygen/main.go:73.2,73.29 1 1
notifuse/server/cmd/keygen/main.go:73.29,74.21 1 1
notifuse/server/cmd/keygen/main.go:74.21,76.12 2 1
notifuse/server/cmd/keygen/main.go:79.3,79.21 1 1
notifuse/server/cmd/keygen/main.go:79.21,81.12 2 1
notifuse/server/cmd/keygen/main.go:84.3,84.59 1 1
notifuse/server/cmd/keygen/main.go:84.59,87.4 2 1
notifuse/server/cmd/keygen/main.go:87.9,87.65 1 1
notifuse/server/cmd/keygen/main.go:87.65,90.4 2 1
notifuse/server/cmd/keygen/main.go:90.9,92.4 1 1
notifuse/server/cmd/keygen/main.go:96.2,96.19 1 1
notifuse/server/cmd/keygen/main.go:96.19,98.3 1 1
notifuse/server/cmd/keygen/main.go:99.2,99.18 1 1
notifuse/server/cmd/keygen/main.go:99.18,101.3 1 1
notifuse/server/cmd/keygen/main.go:103.2,103.15 1 1
