mode: set
github.com/Notifuse/notifuse/internal/service/auth_service.go:36.66,38.16 2 0
github.com/Notifuse/notifuse/internal/service/auth_service.go:38.16,39.24 1 0
github.com/Notifuse/notifuse/internal/service/auth_service.go:39.24,41.4 1 0
github.com/Notifuse/notifuse/internal/service/auth_service.go:42.3,42.18 1 0
github.com/Notifuse/notifuse/internal/service/auth_service.go:45.2,46.16 2 0
github.com/Notifuse/notifuse/internal/service/auth_service.go:46.16,47.24 1 0
github.com/Notifuse/notifuse/internal/service/auth_service.go:47.24,49.4 1 0
github.com/Notifuse/notifuse/internal/service/auth_service.go:50.3,50.18 1 0
github.com/Notifuse/notifuse/internal/service/auth_service.go:53.2,59.8 1 0
github.com/Notifuse/notifuse/internal/service/auth_service.go:61.94,64.25 2 0
github.com/Notifuse/notifuse/internal/service/auth_service.go:64.25,66.3 1 0
github.com/Notifuse/notifuse/internal/service/auth_service.go:67.2,68.28 2 0
github.com/Notifuse/notifuse/internal/service/auth_service.go:68.28,70.3 1 0
github.com/Notifuse/notifuse/internal/service/auth_service.go:71.2,71.52 1 0
github.com/Notifuse/notifuse/internal/service/auth_service.go:75.132,77.117 1 0
github.com/Notifuse/notifuse/internal/service/auth_service.go:77.117,79.3 1 0
github.com/Notifuse/notifuse/internal/service/auth_service.go:81.2,82.16 2 0
github.com/Notifuse/notifuse/internal/service/auth_service.go:82.16,84.3 1 0
github.com/Notifuse/notifuse/internal/service/auth_service.go:86.2,87.16 2 0
github.com/Notifuse/notifuse/internal/service/auth_service.go:87.16,89.3 1 0
github.com/Notifuse/notifuse/internal/service/auth_service.go:92.2,93.26 2 0
github.com/Notifuse/notifuse/internal/service/auth_service.go:97.110,101.26 2 0
github.com/Notifuse/notifuse/internal/service/auth_service.go:101.26,104.3 2 0
github.com/Notifuse/notifuse/internal/service/auth_service.go:105.2,105.16 1 0
github.com/Notifuse/notifuse/internal/service/auth_service.go:105.16,108.3 2 0
github.com/Notifuse/notifuse/internal/service/auth_service.go:111.2,111.34 1 0
github.com/Notifuse/notifuse/internal/service/auth_service.go:111.34,114.3 2 0
github.com/Notifuse/notifuse/internal/service/auth_service.go:117.2,119.26 2 0
github.com/Notifuse/notifuse/internal/service/auth_service.go:119.26,122.3 2 0
github.com/Notifuse/notifuse/internal/service/auth_service.go:123.2,123.16 1 0
github.com/Notifuse/notifuse/internal/service/auth_service.go:123.16,126.3 2 0
github.com/Notifuse/notifuse/internal/service/auth_service.go:128.2,128.18 1 0
github.com/Notifuse/notifuse/internal/service/auth_service.go:132.106,142.21 9 0
github.com/Notifuse/notifuse/internal/service/auth_service.go:142.21,144.3 1 0
github.com/Notifuse/notifuse/internal/service/auth_service.go:146.2,146.18 1 0
github.com/Notifuse/notifuse/internal/service/auth_service.go:150.68,152.2 1 0
github.com/Notifuse/notifuse/internal/service/auth_service.go:155.94,165.21 9 0
github.com/Notifuse/notifuse/internal/service/auth_service.go:165.21,167.3 1 0
github.com/Notifuse/notifuse/internal/service/auth_service.go:169.2,169.18 1 0
github.com/Notifuse/notifuse/internal/service/auth_service.go:173.93,176.16 2 0
github.com/Notifuse/notifuse/internal/service/auth_service.go:176.16,177.36 1 0
github.com/Notifuse/notifuse/internal/service/auth_service.go:177.36,179.4 1 0
github.com/Notifuse/notifuse/internal/service/auth_service.go:180.3,181.18 2 0
github.com/Notifuse/notifuse/internal/service/auth_service.go:183.2,183.18 1 0
github.com/Notifuse/notifuse/internal/service/broadcast_service.go:30.21,38.2 1 1
github.com/Notifuse/notifuse/internal/service/broadcast_service.go:41.132,44.16 2 1
github.com/Notifuse/notifuse/internal/service/broadcast_service.go:44.16,50.3 2 1
github.com/Notifuse/notifuse/internal/service/broadcast_service.go:53.2,53.24 1 1
github.com/Notifuse/notifuse/internal/service/broadcast_service.go:53.24,57.3 2 1
github.com/Notifuse/notifuse/internal/service/broadcast_service.go:60.2,66.122 5 1
github.com/Notifuse/notifuse/internal/service/broadcast_service.go:66.122,69.3 1 0
github.com/Notifuse/notifuse/internal/service/broadcast_service.go:72.2,73.16 2 1
github.com/Notifuse/notifuse/internal/service/broadcast_service.go:73.16,80.3 2 1
github.com/Notifuse/notifuse/internal/service/broadcast_service.go:82.2,87.23 2 1
github.com/Notifuse/notifuse/internal/service/broadcast_service.go:91.113,93.16 2 1
github.com/Notifuse/notifuse/internal/service/broadcast_service.go:93.16,96.3 1 1
github.com/Notifuse/notifuse/internal/service/broadcast_service.go:97.2,97.23 1 1
github.com/Notifuse/notifuse/internal/service/broadcast_service.go:101.132,104.16 2 1
github.com/Notifuse/notifuse/internal/service/broadcast_service.go:104.16,111.3 2 1
github.com/Notifuse/notifuse/internal/service/broadcast_service.go:114.2,115.16 2 1
github.com/Notifuse/notifuse/internal/service/broadcast_service.go:115.16,122.3 2 1
github.com/Notifuse/notifuse/internal/service/broadcast_service.go:125.2,129.16 3 1
github.com/Notifuse/notifuse/internal/service/broadcast_service.go:129.16,136.3 2 0
github.com/Notifuse/notifuse/internal/service/broadcast_service.go:138.2,143.30 2 1
github.com/Notifuse/notifuse/internal/service/broadcast_service.go:147.139,149.23 1 1
github.com/Notifuse/notifuse/internal/service/broadcast_service.go:149.23,151.3 1 1
github.com/Notifuse/notifuse/internal/service/broadcast_service.go:152.2,152.24 1 1
github.com/Notifuse/notifuse/internal/service/broadcast_service.go:152.24,154.3 1 1
github.com/Notifuse/notifuse/internal/service/broadcast_service.go:155.2,155.23 1 1
github.com/Notifuse/notifuse/internal/service/broadcast_service.go:155.23,157.3 1 1
github.com/Notifuse/notifuse/internal/service/broadcast_service.go:159.2,160.16 2 1
github.com/Notifuse/notifuse/internal/service/broadcast_service.go:160.16,169.3 2 1
github.com/Notifuse/notifuse/internal/service/broadcast_service.go:172.2,172.26 1 1
github.com/Notifuse/notifuse/internal/service/broadcast_service.go:172.26,173.49 1 1
github.com/Notifuse/notifuse/internal/service/broadcast_service.go:173.49,174.64 1 1
github.com/Notifuse/notifuse/internal/service/broadcast_service.go:174.64,175.35 1 1
github.com/Notifuse/notifuse/internal/service/broadcast_service.go:175.35,178.20 2 1
github.com/Notifuse/notifuse/internal/service/broadcast_service.go:178.20,186.15 2 1
github.com/Notifuse/notifuse/internal/service/broadcast_service.go:190.6,190.52 1 1
github.com/Notifuse/notifuse/internal/service/broadcast_service.go:196.2,206.22 2 1
github.com/Notifuse/notifuse/internal/service/broadcast_service.go:210.115,212.43 1 1
github.com/Notifuse/notifuse/internal/service/broadcast_service.go:212.43,219.3 2 0
github.com/Notifuse/notifuse/internal/service/broadcast_service.go:222.2,223.16 2 1
github.com/Notifuse/notifuse/internal/service/broadcast_service.go:223.16,230.3 2 0
github.com/Notifuse/notifuse/internal/service/broadcast_service.go:233.2,233.53 1 1
github.com/Notifuse/notifuse/internal/service/broadcast_service.go:233.53,242.3 3 1
github.com/Notifuse/notifuse/internal/service/broadcast_service.go:245.2,248.21 3 1
github.com/Notifuse/notifuse/internal/service/broadcast_service.go:248.21,253.3 3 1
github.com/Notifuse/notifuse/internal/service/broadcast_service.go:253.8,263.17 7 1
github.com/Notifuse/notifuse/internal/service/broadcast_service.go:263.17,270.4 2 0
github.com/Notifuse/notifuse/internal/service/broadcast_service.go:272.3,279.46 1 1
github.com/Notifuse/notifuse/internal/service/broadcast_service.go:283.2,284.16 2 1
github.com/Notifuse/notifuse/internal/service/broadcast_service.go:284.16,291.3 2 0
github.com/Notifuse/notifuse/internal/service/broadcast_service.go:293.2,293.21 1 1
github.com/Notifuse/notifuse/internal/service/broadcast_service.go:293.21,300.3 1 1
github.com/Notifuse/notifuse/internal/service/broadcast_service.go:306.2,306.12 1 1
github.com/Notifuse/notifuse/internal/service/broadcast_service.go:310.109,312.43 1 0
github.com/Notifuse/notifuse/internal/service/broadcast_service.go:312.43,319.3 2 0
github.com/Notifuse/notifuse/internal/service/broadcast_service.go:322.2,323.16 2 0
github.com/Notifuse/notifuse/internal/service/broadcast_service.go:323.16,330.3 2 0
github.com/Notifuse/notifuse/internal/service/broadcast_service.go:333.2,333.55 1 0
github.com/Notifuse/notifuse/internal/service/broadcast_service.go:333.55,342.3 3 0
github.com/Notifuse/notifuse/internal/service/broadcast_service.go:345.2,352.16 6 0
github.com/Notifuse/notifuse/internal/service/broadcast_service.go:352.16,359.3 2 0
github.com/Notifuse/notifuse/internal/service/broadcast_service.go:361.2,366.12 2 0
github.com/Notifuse/notifuse/internal/service/broadcast_service.go:370.111,372.43 1 0
github.com/Notifuse/notifuse/internal/service/broadcast_service.go:372.43,379.3 2 0
github.com/Notifuse/notifuse/internal/service/broadcast_service.go:382.2,383.16 2 0
github.com/Notifuse/notifuse/internal/service/broadcast_service.go:383.16,390.3 2 0
github.com/Notifuse/notifuse/internal/service/broadcast_service.go:393.2,393.54 1 0
github.com/Notifuse/notifuse/internal/service/broadcast_service.go:393.54,402.3 3 0
github.com/Notifuse/notifuse/internal/service/broadcast_service.go:405.2,409.36 3 0
github.com/Notifuse/notifuse/internal/service/broadcast_service.go:409.36,413.26 3 0
github.com/Notifuse/notifuse/internal/service/broadcast_service.go:413.26,420.4 2 0
github.com/Notifuse/notifuse/internal/service/broadcast_service.go:420.9,423.34 2 0
github.com/Notifuse/notifuse/internal/service/broadcast_service.go:423.34,425.5 1 0
github.com/Notifuse/notifuse/internal/service/broadcast_service.go:426.4,430.50 1 0
github.com/Notifuse/notifuse/internal/service/broadcast_service.go:432.8,435.33 2 0
github.com/Notifuse/notifuse/internal/service/broadcast_service.go:435.33,437.4 1 0
github.com/Notifuse/notifuse/internal/service/broadcast_service.go:438.3,442.49 1 0
github.com/Notifuse/notifuse/internal/service/broadcast_service.go:446.2,450.16 3 0
github.com/Notifuse/notifuse/internal/service/broadcast_service.go:450.16,457.3 2 0
github.com/Notifuse/notifuse/internal/service/broadcast_service.go:459.2,467.12 2 0
github.com/Notifuse/notifuse/internal/service/broadcast_service.go:471.111,473.43 1 1
github.com/Notifuse/notifuse/internal/service/broadcast_service.go:473.43,480.3 2 0
github.com/Notifuse/notifuse/internal/service/broadcast_service.go:483.2,484.16 2 1
github.com/Notifuse/notifuse/internal/service/broadcast_service.go:484.16,491.3 2 0
github.com/Notifuse/notifuse/internal/service/broadcast_service.go:494.2,494.109 1 1
github.com/Notifuse/notifuse/internal/service/broadcast_service.go:494.109,503.3 3 1
github.com/Notifuse/notifuse/internal/service/broadcast_service.go:506.2,513.16 6 1
github.com/Notifuse/notifuse/internal/service/broadcast_service.go:513.16,520.3 2 0
github.com/Notifuse/notifuse/internal/service/broadcast_service.go:522.2,527.12 2 1
github.com/Notifuse/notifuse/internal/service/broadcast_service.go:531.111,533.43 1 1
github.com/Notifuse/notifuse/internal/service/broadcast_service.go:533.43,540.3 2 1
github.com/Notifuse/notifuse/internal/service/broadcast_service.go:543.2,544.16 2 1
github.com/Notifuse/notifuse/internal/service/broadcast_service.go:544.16,551.3 2 1
github.com/Notifuse/notifuse/internal/service/broadcast_service.go:554.2,554.55 1 1
github.com/Notifuse/notifuse/internal/service/broadcast_service.go:554.55,563.3 3 1
github.com/Notifuse/notifuse/internal/service/broadcast_service.go:566.2,567.16 2 1
github.com/Notifuse/notifuse/internal/service/broadcast_service.go:567.16,574.3 2 1
github.com/Notifuse/notifuse/internal/service/broadcast_service.go:576.2,581.12 2 1
github.com/Notifuse/notifuse/internal/service/broadcast_service.go:585.113,587.43 1 0
github.com/Notifuse/notifuse/internal/service/broadcast_service.go:587.43,595.3 2 0
github.com/Notifuse/notifuse/internal/service/broadcast_service.go:598.2,599.16 2 0
github.com/Notifuse/notifuse/internal/service/broadcast_service.go:599.16,607.3 2 0
github.com/Notifuse/notifuse/internal/service/broadcast_service.go:610.2,611.69 2 0
github.com/Notifuse/notifuse/internal/service/broadcast_service.go:611.69,620.3 2 0
github.com/Notifuse/notifuse/internal/service/broadcast_service.go:620.8,620.30 1 0
github.com/Notifuse/notifuse/internal/service/broadcast_service.go:620.30,629.3 3 0
github.com/Notifuse/notifuse/internal/service/broadcast_service.go:632.2,633.54 2 0
github.com/Notifuse/notifuse/internal/service/broadcast_service.go:633.54,634.26 1 0
github.com/Notifuse/notifuse/internal/service/broadcast_service.go:634.26,636.9 2 0
github.com/Notifuse/notifuse/internal/service/broadcast_service.go:640.2,640.22 1 0
github.com/Notifuse/notifuse/internal/service/broadcast_service.go:640.22,650.3 3 0
github.com/Notifuse/notifuse/internal/service/broadcast_service.go:653.2,654.71 2 0
github.com/Notifuse/notifuse/internal/service/broadcast_service.go:654.71,662.3 2 0
github.com/Notifuse/notifuse/internal/service/broadcast_service.go:665.2,666.16 2 0
github.com/Notifuse/notifuse/internal/service/broadcast_service.go:666.16,674.3 2 0
github.com/Notifuse/notifuse/internal/service/broadcast_service.go:677.2,678.20 2 0
github.com/Notifuse/notifuse/internal/service/broadcast_service.go:678.20,681.17 2 0
github.com/Notifuse/notifuse/internal/service/broadcast_service.go:681.17,689.4 2 0
github.com/Notifuse/notifuse/internal/service/broadcast_service.go:691.3,700.4 1 0
github.com/Notifuse/notifuse/internal/service/broadcast_service.go:701.8,708.3 1 0
github.com/Notifuse/notifuse/internal/service/broadcast_service.go:711.2,712.16 2 0
github.com/Notifuse/notifuse/internal/service/broadcast_service.go:712.16,721.3 2 0
github.com/Notifuse/notifuse/internal/service/broadcast_service.go:723.2,723.63 1 0
github.com/Notifuse/notifuse/internal/service/broadcast_service.go:723.63,725.36 2 0
github.com/Notifuse/notifuse/internal/service/broadcast_service.go:725.36,727.4 1 0
github.com/Notifuse/notifuse/internal/service/broadcast_service.go:728.3,735.63 2 0
github.com/Notifuse/notifuse/internal/service/broadcast_service.go:739.2,749.16 2 0
github.com/Notifuse/notifuse/internal/service/broadcast_service.go:749.16,758.3 2 0
github.com/Notifuse/notifuse/internal/service/broadcast_service.go:760.2,769.12 2 0
github.com/Notifuse/notifuse/internal/service/broadcast_service.go:773.121,775.43 1 0
github.com/Notifuse/notifuse/internal/service/broadcast_service.go:775.43,783.3 2 0
github.com/Notifuse/notifuse/internal/service/broadcast_service.go:786.2,787.16 2 0
github.com/Notifuse/notifuse/internal/service/broadcast_service.go:787.16,795.3 2 0
github.com/Notifuse/notifuse/internal/service/broadcast_service.go:798.2,798.37 1 0
github.com/Notifuse/notifuse/internal/service/broadcast_service.go:798.37,806.3 3 0
github.com/Notifuse/notifuse/internal/service/broadcast_service.go:809.2,810.54 2 0
github.com/Notifuse/notifuse/internal/service/broadcast_service.go:810.54,811.34 1 0
github.com/Notifuse/notifuse/internal/service/broadcast_service.go:811.34,813.9 2 0
github.com/Notifuse/notifuse/internal/service/broadcast_service.go:817.2,817.29 1 0
github.com/Notifuse/notifuse/internal/service/broadcast_service.go:817.29,826.3 3 0
github.com/Notifuse/notifuse/internal/service/broadcast_service.go:829.2,829.59 1 0
github.com/Notifuse/notifuse/internal/service/broadcast_service.go:829.59,833.3 1 0
github.com/Notifuse/notifuse/internal/service/broadcast_service.go:836.2,844.16 7 0
github.com/Notifuse/notifuse/internal/service/broadcast_service.go:844.16,852.3 2 0
github.com/Notifuse/notifuse/internal/service/broadcast_service.go:854.2,865.12 2 0
github.com/Notifuse/notifuse/internal/service/contact_list_service.go:26.23,34.2 1 0
github.com/Notifuse/notifuse/internal/service/contact_list_service.go:36.127,40.16 3 0
github.com/Notifuse/notifuse/internal/service/contact_list_service.go:40.16,42.3 1 0
github.com/Notifuse/notifuse/internal/service/contact_list_service.go:44.2,45.16 2 0
github.com/Notifuse/notifuse/internal/service/contact_list_service.go:45.16,47.3 1 0
github.com/Notifuse/notifuse/internal/service/contact_list_service.go:50.2,51.16 2 0
github.com/Notifuse/notifuse/internal/service/contact_list_service.go:51.16,53.3 1 0
github.com/Notifuse/notifuse/internal/service/contact_list_service.go:56.2,56.24 1 0
github.com/Notifuse/notifuse/internal/service/contact_list_service.go:56.24,58.3 1 0
github.com/Notifuse/notifuse/internal/service/contact_list_service.go:60.2,64.47 4 0
github.com/Notifuse/notifuse/internal/service/contact_list_service.go:64.47,66.3 1 0
github.com/Notifuse/notifuse/internal/service/contact_list_service.go:68.2,68.79 1 0
github.com/Notifuse/notifuse/internal/service/contact_list_service.go:68.79,73.3 2 0
github.com/Notifuse/notifuse/internal/service/contact_list_service.go:75.2,75.112 1 0
github.com/Notifuse/notifuse/internal/service/contact_list_service.go:75.112,78.3 1 0
github.com/Notifuse/notifuse/internal/service/contact_list_service.go:80.2,80.12 1 0
github.com/Notifuse/notifuse/internal/service/contact_list_service.go:83.142,86.16 3 0
github.com/Notifuse/notifuse/internal/service/contact_list_service.go:86.16,88.3 1 0
github.com/Notifuse/notifuse/internal/service/contact_list_service.go:90.2,91.16 2 0
github.com/Notifuse/notifuse/internal/service/contact_list_service.go:91.16,92.56 1 0
github.com/Notifuse/notifuse/internal/service/contact_list_service.go:92.56,94.4 1 0
github.com/Notifuse/notifuse/internal/service/contact_list_service.go:95.3,98.64 2 0
github.com/Notifuse/notifuse/internal/service/contact_list_service.go:101.2,101.25 1 0
github.com/Notifuse/notifuse/internal/service/contact_list_service.go:104.137,107.16 3 0
github.com/Notifuse/notifuse/internal/service/contact_list_service.go:107.16,109.3 1 0
github.com/Notifuse/notifuse/internal/service/contact_list_service.go:112.2,113.16 2 0
github.com/Notifuse/notifuse/internal/service/contact_list_service.go:113.16,115.3 1 0
github.com/Notifuse/notifuse/internal/service/contact_list_service.go:117.2,118.16 2 0
github.com/Notifuse/notifuse/internal/service/contact_list_service.go:118.16,122.3 2 0
github.com/Notifuse/notifuse/internal/service/contact_list_service.go:124.2,124.26 1 0
github.com/Notifuse/notifuse/internal/service/contact_list_service.go:127.132,131.16 3 0
github.com/Notifuse/notifuse/internal/service/contact_list_service.go:131.16,133.3 1 0
github.com/Notifuse/notifuse/internal/service/contact_list_service.go:135.2,136.16 2 0
github.com/Notifuse/notifuse/internal/service/contact_list_service.go:136.16,138.3 1 0
github.com/Notifuse/notifuse/internal/service/contact_list_service.go:140.2,141.16 2 0
github.com/Notifuse/notifuse/internal/service/contact_list_service.go:141.16,145.3 2 0
github.com/Notifuse/notifuse/internal/service/contact_list_service.go:147.2,147.26 1 0
github.com/Notifuse/notifuse/internal/service/contact_list_service.go:150.156,154.16 3 0
github.com/Notifuse/notifuse/internal/service/contact_list_service.go:154.16,156.3 1 0
github.com/Notifuse/notifuse/internal/service/contact_list_service.go:158.2,159.16 2 0
github.com/Notifuse/notifuse/internal/service/contact_list_service.go:159.16,161.3 1 0
github.com/Notifuse/notifuse/internal/service/contact_list_service.go:163.2,163.96 1 0
github.com/Notifuse/notifuse/internal/service/contact_list_service.go:163.96,168.3 2 0
github.com/Notifuse/notifuse/internal/service/contact_list_service.go:170.2,170.12 1 0
github.com/Notifuse/notifuse/internal/service/contact_list_service.go:173.121,176.16 3 0
github.com/Notifuse/notifuse/internal/service/contact_list_service.go:176.16,178.3 1 0
github.com/Notifuse/notifuse/internal/service/contact_list_service.go:180.2,180.86 1 0
github.com/Notifuse/notifuse/internal/service/contact_list_service.go:180.86,185.3 2 0
github.com/Notifuse/notifuse/internal/service/contact_list_service.go:187.2,187.12 1 0
github.com/Notifuse/notifuse/internal/service/contact_service.go:20.167,27.2 1 0
github.com/Notifuse/notifuse/internal/service/contact_service.go:29.124,32.16 3 0
github.com/Notifuse/notifuse/internal/service/contact_service.go:32.16,34.3 1 0
github.com/Notifuse/notifuse/internal/service/contact_service.go:36.2,37.16 2 0
github.com/Notifuse/notifuse/internal/service/contact_service.go:37.16,38.57 1 0
github.com/Notifuse/notifuse/internal/service/contact_service.go:38.57,40.4 1 0
github.com/Notifuse/notifuse/internal/service/contact_service.go:41.3,42.68 2 0
github.com/Notifuse/notifuse/internal/service/contact_service.go:45.2,45.21 1 0
github.com/Notifuse/notifuse/internal/service/contact_service.go:48.134,51.16 3 0
github.com/Notifuse/notifuse/internal/service/contact_service.go:51.16,53.3 1 0
github.com/Notifuse/notifuse/internal/service/contact_service.go:55.2,56.16 2 0
github.com/Notifuse/notifuse/internal/service/contact_service.go:56.16,57.57 1 0
github.com/Notifuse/notifuse/internal/service/contact_service.go:57.57,59.4 1 0
github.com/Notifuse/notifuse/internal/service/contact_service.go:60.3,61.74 2 0
github.com/Notifuse/notifuse/internal/service/contact_service.go:64.2,64.21 1 0
github.com/Notifuse/notifuse/internal/service/contact_service.go:67.128,70.16 3 0
github.com/Notifuse/notifuse/internal/service/contact_service.go:70.16,72.3 1 0
github.com/Notifuse/notifuse/internal/service/contact_service.go:74.2,75.16 2 0
github.com/Notifuse/notifuse/internal/service/contact_service.go:75.16,78.3 2 0
github.com/Notifuse/notifuse/internal/service/contact_service.go:80.2,80.22 1 0
github.com/Notifuse/notifuse/internal/service/contact_service.go:83.101,86.16 3 0
github.com/Notifuse/notifuse/internal/service/contact_service.go:86.16,88.3 1 0
github.com/Notifuse/notifuse/internal/service/contact_service.go:90.2,90.70 1 0
github.com/Notifuse/notifuse/internal/service/contact_service.go:90.70,93.3 2 0
github.com/Notifuse/notifuse/internal/service/contact_service.go:95.2,95.12 1 0
github.com/Notifuse/notifuse/internal/service/contact_service.go:98.151,105.16 4 0
github.com/Notifuse/notifuse/internal/service/contact_service.go:105.16,108.3 2 0
github.com/Notifuse/notifuse/internal/service/contact_service.go:111.2,111.35 1 0
github.com/Notifuse/notifuse/internal/service/contact_service.go:111.35,114.33 2 0
github.com/Notifuse/notifuse/internal/service/contact_service.go:114.33,116.4 1 0
github.com/Notifuse/notifuse/internal/service/contact_service.go:117.3,125.44 3 0
github.com/Notifuse/notifuse/internal/service/contact_service.go:125.44,129.12 4 0
github.com/Notifuse/notifuse/internal/service/contact_service.go:132.3,133.17 2 0
github.com/Notifuse/notifuse/internal/service/contact_service.go:133.17,137.12 4 0
github.com/Notifuse/notifuse/internal/service/contact_service.go:140.3,140.13 1 0
github.com/Notifuse/notifuse/internal/service/contact_service.go:140.13,142.4 1 0
github.com/Notifuse/notifuse/internal/service/contact_service.go:144.3,144.63 1 0
github.com/Notifuse/notifuse/internal/service/contact_service.go:147.2,147.17 1 0
github.com/Notifuse/notifuse/internal/service/contact_service.go:150.136,158.16 4 0
github.com/Notifuse/notifuse/internal/service/contact_service.go:158.16,163.3 4 0
github.com/Notifuse/notifuse/internal/service/contact_service.go:165.2,165.43 1 0
github.com/Notifuse/notifuse/internal/service/contact_service.go:165.43,170.3 4 0
github.com/Notifuse/notifuse/internal/service/contact_service.go:173.2,173.32 1 0
github.com/Notifuse/notifuse/internal/service/contact_service.go:173.32,175.3 1 0
github.com/Notifuse/notifuse/internal/service/contact_service.go:178.2,181.16 3 0
github.com/Notifuse/notifuse/internal/service/contact_service.go:181.16,186.3 4 0
github.com/Notifuse/notifuse/internal/service/contact_service.go:188.2,188.12 1 0
github.com/Notifuse/notifuse/internal/service/contact_service.go:188.12,190.3 1 0
github.com/Notifuse/notifuse/internal/service/contact_service.go:192.2,192.18 1 0
github.com/Notifuse/notifuse/internal/service/email_service.go:40.17,50.2 1 0
github.com/Notifuse/notifuse/internal/service/email_service.go:53.64,55.2 1 0
github.com/Notifuse/notifuse/internal/service/email_service.go:58.76,64.2 2 0
github.com/Notifuse/notifuse/internal/service/email_service.go:67.131,71.16 3 0
github.com/Notifuse/notifuse/internal/service/email_service.go:71.16,73.3 1 0
github.com/Notifuse/notifuse/internal/service/email_service.go:76.2,76.55 1 0
github.com/Notifuse/notifuse/internal/service/email_service.go:76.55,78.3 1 0
github.com/Notifuse/notifuse/internal/service/email_service.go:81.2,85.136 3 0
github.com/Notifuse/notifuse/internal/service/email_service.go:89.147,93.16 3 0
github.com/Notifuse/notifuse/internal/service/email_service.go:93.16,95.3 1 0
github.com/Notifuse/notifuse/internal/service/email_service.go:98.2,99.16 2 0
github.com/Notifuse/notifuse/internal/service/email_service.go:99.16,101.3 1 0
github.com/Notifuse/notifuse/internal/service/email_service.go:104.2,105.16 2 0
github.com/Notifuse/notifuse/internal/service/email_service.go:105.16,107.3 1 0
github.com/Notifuse/notifuse/internal/service/email_service.go:110.2,111.33 2 0
github.com/Notifuse/notifuse/internal/service/email_service.go:111.33,113.3 1 0
github.com/Notifuse/notifuse/internal/service/email_service.go:113.8,113.44 1 0
github.com/Notifuse/notifuse/internal/service/email_service.go:113.44,115.3 1 0
github.com/Notifuse/notifuse/internal/service/email_service.go:115.8,117.3 1 0
github.com/Notifuse/notifuse/internal/service/email_service.go:120.2,120.30 1 0
github.com/Notifuse/notifuse/internal/service/email_service.go:120.30,122.3 1 0
github.com/Notifuse/notifuse/internal/service/email_service.go:125.2,126.60 2 0
github.com/Notifuse/notifuse/internal/service/email_service.go:126.60,128.3 1 0
github.com/Notifuse/notifuse/internal/service/email_service.go:128.8,135.3 1 0
github.com/Notifuse/notifuse/internal/service/email_service.go:138.2,141.27 3 0
github.com/Notifuse/notifuse/internal/service/email_service.go:141.27,142.35 1 0
github.com/Notifuse/notifuse/internal/service/email_service.go:142.35,144.4 1 0
github.com/Notifuse/notifuse/internal/service/email_service.go:144.9,146.4 1 0
github.com/Notifuse/notifuse/internal/service/email_service.go:149.3,150.17 2 0
github.com/Notifuse/notifuse/internal/service/email_service.go:150.17,152.4 1 0
github.com/Notifuse/notifuse/internal/service/email_service.go:154.3,154.58 1 0
github.com/Notifuse/notifuse/internal/service/email_service.go:154.58,156.34 2 0
github.com/Notifuse/notifuse/internal/service/email_service.go:156.34,158.5 1 0
github.com/Notifuse/notifuse/internal/service/email_service.go:159.4,159.66 1 0
github.com/Notifuse/notifuse/internal/service/email_service.go:162.3,162.37 1 0
github.com/Notifuse/notifuse/internal/service/email_service.go:164.8,167.3 2 0
github.com/Notifuse/notifuse/internal/service/email_service.go:170.2,170.169 1 0
github.com/Notifuse/notifuse/internal/service/email_service.go:174.225,177.61 2 0
github.com/Notifuse/notifuse/internal/service/email_service.go:177.61,179.3 1 0
github.com/Notifuse/notifuse/internal/service/email_service.go:179.8,183.17 3 0
github.com/Notifuse/notifuse/internal/service/email_service.go:183.17,185.4 1 0
github.com/Notifuse/notifuse/internal/service/email_service.go:188.3,189.17 2 0
github.com/Notifuse/notifuse/internal/service/email_service.go:189.17,191.4 1 0
github.com/Notifuse/notifuse/internal/service/email_service.go:194.3,194.34 1 0
github.com/Notifuse/notifuse/internal/service/email_service.go:194.34,196.4 1 0
github.com/Notifuse/notifuse/internal/service/email_service.go:196.9,196.45 1 0
github.com/Notifuse/notifuse/internal/service/email_service.go:196.45,198.4 1 0
github.com/Notifuse/notifuse/internal/service/email_service.go:198.9,200.4 1 0
github.com/Notifuse/notifuse/internal/service/email_service.go:203.3,203.31 1 0
github.com/Notifuse/notifuse/internal/service/email_service.go:203.31,205.4 1 0
github.com/Notifuse/notifuse/internal/service/email_service.go:209.2,209.23 1 0
github.com/Notifuse/notifuse/internal/service/email_service.go:209.23,211.3 1 0
github.com/Notifuse/notifuse/internal/service/email_service.go:214.2,214.20 1 0
github.com/Notifuse/notifuse/internal/service/email_service.go:214.20,216.3 1 0
github.com/Notifuse/notifuse/internal/service/email_service.go:219.2,219.28 1 0
github.com/Notifuse/notifuse/internal/service/email_service.go:220.36,221.32 1 0
github.com/Notifuse/notifuse/internal/service/email_service.go:221.32,223.4 1 0
github.com/Notifuse/notifuse/internal/service/email_service.go:225.3,225.86 1 0
github.com/Notifuse/notifuse/internal/service/email_service.go:225.86,226.74 1 0
github.com/Notifuse/notifuse/internal/service/email_service.go:226.74,228.5 1 0
github.com/Notifuse/notifuse/internal/service/email_service.go:232.3,233.63 2 0
github.com/Notifuse/notifuse/internal/service/email_service.go:233.63,235.4 1 0
github.com/Notifuse/notifuse/internal/service/email_service.go:236.3,236.36 1 0
github.com/Notifuse/notifuse/internal/service/email_service.go:236.36,238.4 1 0
github.com/Notifuse/notifuse/internal/service/email_service.go:239.3,251.17 4 0
github.com/Notifuse/notifuse/internal/service/email_service.go:251.17,253.4 1 0
github.com/Notifuse/notifuse/internal/service/email_service.go:254.3,254.49 1 0
github.com/Notifuse/notifuse/internal/service/email_service.go:254.49,256.4 1 0
github.com/Notifuse/notifuse/internal/service/email_service.go:258.35,259.31 1 0
github.com/Notifuse/notifuse/internal/service/email_service.go:259.31,261.4 1 0
github.com/Notifuse/notifuse/internal/service/email_service.go:264.3,264.86 1 0
github.com/Notifuse/notifuse/internal/service/email_service.go:264.86,265.74 1 0
github.com/Notifuse/notifuse/internal/service/email_service.go:265.74,267.5 1 0
github.com/Notifuse/notifuse/internal/service/email_service.go:271.3,298.17 5 0
github.com/Notifuse/notifuse/internal/service/email_service.go:298.17,299.42 1 0
github.com/Notifuse/notifuse/internal/service/email_service.go:299.42,301.5 1 0
github.com/Notifuse/notifuse/internal/service/email_service.go:302.4,302.54 1 0
github.com/Notifuse/notifuse/internal/service/email_service.go:305.41,306.37 1 0
github.com/Notifuse/notifuse/internal/service/email_service.go:306.37,308.4 1 0
github.com/Notifuse/notifuse/internal/service/email_service.go:311.3,311.92 1 0
github.com/Notifuse/notifuse/internal/service/email_service.go:311.92,312.77 1 0
github.com/Notifuse/notifuse/internal/service/email_service.go:312.77,314.5 1 0
github.com/Notifuse/notifuse/internal/service/email_service.go:318.3,342.17 4 0
github.com/Notifuse/notifuse/internal/service/email_service.go:342.17,344.4 1 0
github.com/Notifuse/notifuse/internal/service/email_service.go:347.3,348.17 2 0
github.com/Notifuse/notifuse/internal/service/email_service.go:348.17,350.4 1 0
github.com/Notifuse/notifuse/internal/service/email_service.go:353.3,358.17 4 0
github.com/Notifuse/notifuse/internal/service/email_service.go:358.17,360.4 1 0
github.com/Notifuse/notifuse/internal/service/email_service.go:361.3,365.17 3 0
github.com/Notifuse/notifuse/internal/service/email_service.go:365.17,367.4 1 0
github.com/Notifuse/notifuse/internal/service/email_service.go:370.3,370.29 1 0
github.com/Notifuse/notifuse/internal/service/email_service.go:370.29,372.4 1 0
github.com/Notifuse/notifuse/internal/service/email_service.go:374.40,375.36 1 0
github.com/Notifuse/notifuse/internal/service/email_service.go:375.36,377.4 1 0
github.com/Notifuse/notifuse/internal/service/email_service.go:380.3,380.100 1 0
github.com/Notifuse/notifuse/internal/service/email_service.go:380.100,381.81 1 0
github.com/Notifuse/notifuse/internal/service/email_service.go:381.81,383.5 1 0
github.com/Notifuse/notifuse/internal/service/email_service.go:387.3,403.17 5 0
github.com/Notifuse/notifuse/internal/service/email_service.go:403.17,405.4 1 0
github.com/Notifuse/notifuse/internal/service/email_service.go:408.3,409.17 2 0
github.com/Notifuse/notifuse/internal/service/email_service.go:409.17,411.4 1 0
github.com/Notifuse/notifuse/internal/service/email_service.go:414.3,420.17 5 0
github.com/Notifuse/notifuse/internal/service/email_service.go:420.17,422.4 1 0
github.com/Notifuse/notifuse/internal/service/email_service.go:423.3,427.17 3 0
github.com/Notifuse/notifuse/internal/service/email_service.go:427.17,429.4 1 0
github.com/Notifuse/notifuse/internal/service/email_service.go:432.3,432.29 1 0
github.com/Notifuse/notifuse/internal/service/email_service.go:432.29,434.4 1 0
github.com/Notifuse/notifuse/internal/service/email_service.go:436.10,437.73 1 0
github.com/Notifuse/notifuse/internal/service/email_service.go:440.2,440.12 1 0
github.com/Notifuse/notifuse/internal/service/list_service.go:18.116,24.2 1 0
github.com/Notifuse/notifuse/internal/service/list_service.go:26.100,29.16 3 0
github.com/Notifuse/notifuse/internal/service/list_service.go:29.16,31.3 1 0
github.com/Notifuse/notifuse/internal/service/list_service.go:33.2,37.40 4 0
github.com/Notifuse/notifuse/internal/service/list_service.go:37.40,39.3 1 0
github.com/Notifuse/notifuse/internal/service/list_service.go:41.2,41.66 1 0
github.com/Notifuse/notifuse/internal/service/list_service.go:41.66,44.3 2 0
github.com/Notifuse/notifuse/internal/service/list_service.go:46.2,46.12 1 0
github.com/Notifuse/notifuse/internal/service/list_service.go:49.109,52.16 3 0
github.com/Notifuse/notifuse/internal/service/list_service.go:52.16,54.3 1 0
github.com/Notifuse/notifuse/internal/service/list_service.go:56.2,57.16 2 0
github.com/Notifuse/notifuse/internal/service/list_service.go:57.16,58.49 1 0
github.com/Notifuse/notifuse/internal/service/list_service.go:58.49,60.4 1 0
github.com/Notifuse/notifuse/internal/service/list_service.go:61.3,62.56 2 0
github.com/Notifuse/notifuse/internal/service/list_service.go:65.2,65.18 1 0
github.com/Notifuse/notifuse/internal/service/list_service.go:68.97,71.16 3 0
github.com/Notifuse/notifuse/internal/service/list_service.go:71.16,73.3 1 0
github.com/Notifuse/notifuse/internal/service/list_service.go:75.2,76.16 2 0
github.com/Notifuse/notifuse/internal/service/list_service.go:76.16,79.3 2 0
github.com/Notifuse/notifuse/internal/service/list_service.go:81.2,81.19 1 0
github.com/Notifuse/notifuse/internal/service/list_service.go:84.100,87.16 3 0
github.com/Notifuse/notifuse/internal/service/list_service.go:87.16,89.3 1 0
github.com/Notifuse/notifuse/internal/service/list_service.go:91.2,93.40 2 0
github.com/Notifuse/notifuse/internal/service/list_service.go:93.40,95.3 1 0
github.com/Notifuse/notifuse/internal/service/list_service.go:97.2,97.66 1 0
github.com/Notifuse/notifuse/internal/service/list_service.go:97.66,100.3 2 0
github.com/Notifuse/notifuse/internal/service/list_service.go:102.2,102.12 1 0
github.com/Notifuse/notifuse/internal/service/list_service.go:105.92,108.16 3 0
github.com/Notifuse/notifuse/internal/service/list_service.go:108.16,110.3 1 0
github.com/Notifuse/notifuse/internal/service/list_service.go:112.2,112.64 1 0
github.com/Notifuse/notifuse/internal/service/list_service.go:112.64,115.3 2 0
github.com/Notifuse/notifuse/internal/service/list_service.go:117.2,117.12 1 0
github.com/Notifuse/notifuse/internal/service/list_service.go:120.139,123.16 3 0
github.com/Notifuse/notifuse/internal/service/list_service.go:123.16,125.3 1 0
github.com/Notifuse/notifuse/internal/service/list_service.go:127.2,127.45 1 0
github.com/Notifuse/notifuse/internal/service/list_service.go:127.45,129.3 1 0
github.com/Notifuse/notifuse/internal/service/list_service.go:131.2,131.83 1 0
github.com/Notifuse/notifuse/internal/service/list_service.go:131.83,134.3 2 0
github.com/Notifuse/notifuse/internal/service/list_service.go:136.2,136.12 1 0
github.com/Notifuse/notifuse/internal/service/list_service.go:139.139,142.16 3 0
github.com/Notifuse/notifuse/internal/service/list_service.go:142.16,144.3 1 0
github.com/Notifuse/notifuse/internal/service/list_service.go:146.2,146.45 1 0
github.com/Notifuse/notifuse/internal/service/list_service.go:146.45,148.3 1 0
github.com/Notifuse/notifuse/internal/service/list_service.go:150.2,150.83 1 0
github.com/Notifuse/notifuse/internal/service/list_service.go:150.83,153.3 2 0
github.com/Notifuse/notifuse/internal/service/list_service.go:155.2,155.12 1 0
github.com/Notifuse/notifuse/internal/service/template_service.go:21.128,27.2 1 0
github.com/Notifuse/notifuse/internal/service/template_service.go:29.116,33.16 3 0
github.com/Notifuse/notifuse/internal/service/template_service.go:33.16,35.3 1 0
github.com/Notifuse/notifuse/internal/service/template_service.go:38.2,44.44 5 0
github.com/Notifuse/notifuse/internal/service/template_service.go:44.44,46.3 1 0
github.com/Notifuse/notifuse/internal/service/template_service.go:49.2,49.74 1 0
github.com/Notifuse/notifuse/internal/service/template_service.go:49.74,52.3 2 0
github.com/Notifuse/notifuse/internal/service/template_service.go:54.2,54.12 1 0
github.com/Notifuse/notifuse/internal/service/template_service.go:57.136,61.16 3 0
github.com/Notifuse/notifuse/internal/service/template_service.go:61.16,63.3 1 0
github.com/Notifuse/notifuse/internal/service/template_service.go:66.2,67.16 2 0
github.com/Notifuse/notifuse/internal/service/template_service.go:67.16,68.53 1 0
github.com/Notifuse/notifuse/internal/service/template_service.go:68.53,70.4 1 0
github.com/Notifuse/notifuse/internal/service/template_service.go:71.3,72.60 2 0
github.com/Notifuse/notifuse/internal/service/template_service.go:75.2,75.22 1 0
github.com/Notifuse/notifuse/internal/service/template_service.go:78.126,82.16 3 0
github.com/Notifuse/notifuse/internal/service/template_service.go:82.16,84.3 1 0
github.com/Notifuse/notifuse/internal/service/template_service.go:87.2,88.16 2 0
github.com/Notifuse/notifuse/internal/service/template_service.go:88.16,91.3 2 0
github.com/Notifuse/notifuse/internal/service/template_service.go:93.2,93.23 1 0
github.com/Notifuse/notifuse/internal/service/template_service.go:96.116,100.16 3 0
github.com/Notifuse/notifuse/internal/service/template_service.go:100.16,102.3 1 0
github.com/Notifuse/notifuse/internal/service/template_service.go:105.2,106.16 2 0
github.com/Notifuse/notifuse/internal/service/template_service.go:106.16,107.53 1 0
github.com/Notifuse/notifuse/internal/service/template_service.go:107.53,109.4 1 0
github.com/Notifuse/notifuse/internal/service/template_service.go:110.3,111.67 2 0
github.com/Notifuse/notifuse/internal/service/template_service.go:115.2,118.44 2 0
github.com/Notifuse/notifuse/internal/service/template_service.go:118.44,120.3 1 0
github.com/Notifuse/notifuse/internal/service/template_service.go:123.2,127.74 3 0
github.com/Notifuse/notifuse/internal/service/template_service.go:127.74,130.3 2 0
github.com/Notifuse/notifuse/internal/service/template_service.go:132.2,132.12 1 0
github.com/Notifuse/notifuse/internal/service/template_service.go:135.100,139.16 3 0
github.com/Notifuse/notifuse/internal/service/template_service.go:139.16,141.3 1 0
github.com/Notifuse/notifuse/internal/service/template_service.go:144.2,144.68 1 0
github.com/Notifuse/notifuse/internal/service/template_service.go:144.68,145.53 1 0
github.com/Notifuse/notifuse/internal/service/template_service.go:145.53,147.4 1 0
github.com/Notifuse/notifuse/internal/service/template_service.go:148.3,149.58 2 0
github.com/Notifuse/notifuse/internal/service/template_service.go:152.2,152.12 1 0
github.com/Notifuse/notifuse/internal/service/template_service.go:155.181,157.58 1 0
github.com/Notifuse/notifuse/internal/service/template_service.go:157.58,162.17 4 0
github.com/Notifuse/notifuse/internal/service/template_service.go:162.17,165.4 1 0
github.com/Notifuse/notifuse/internal/service/template_service.go:168.3,168.59 1 0
github.com/Notifuse/notifuse/internal/service/template_service.go:172.2,173.9 2 0
github.com/Notifuse/notifuse/internal/service/template_service.go:173.9,177.3 2 0
github.com/Notifuse/notifuse/internal/service/template_service.go:178.2,179.23 2 0
github.com/Notifuse/notifuse/internal/service/template_service.go:179.23,183.3 2 0
github.com/Notifuse/notifuse/internal/service/template_service.go:186.2,187.42 2 0
github.com/Notifuse/notifuse/internal/service/template_service.go:187.42,189.17 2 0
github.com/Notifuse/notifuse/internal/service/template_service.go:189.17,193.4 2 0
github.com/Notifuse/notifuse/internal/service/template_service.go:194.3,194.42 1 0
github.com/Notifuse/notifuse/internal/service/template_service.go:198.2,199.16 2 0
github.com/Notifuse/notifuse/internal/service/template_service.go:199.16,208.3 1 0
github.com/Notifuse/notifuse/internal/service/template_service.go:211.2,212.16 2 0
github.com/Notifuse/notifuse/internal/service/template_service.go:212.16,222.3 1 0
github.com/Notifuse/notifuse/internal/service/template_service.go:225.2,230.8 1 0
github.com/Notifuse/notifuse/internal/service/user_service.go:36.66,45.2 1 0
github.com/Notifuse/notifuse/internal/service/user_service.go:50.93,53.16 2 0
github.com/Notifuse/notifuse/internal/service/user_service.go:53.16,54.50 1 0
github.com/Notifuse/notifuse/internal/service/user_service.go:54.50,57.4 2 0
github.com/Notifuse/notifuse/internal/service/user_service.go:60.3,66.54 2 0
github.com/Notifuse/notifuse/internal/service/user_service.go:66.54,69.4 2 0
github.com/Notifuse/notifuse/internal/service/user_service.go:73.2,87.59 5 0
github.com/Notifuse/notifuse/internal/service/user_service.go:87.59,90.3 2 0
github.com/Notifuse/notifuse/internal/service/user_service.go:94.2,94.21 1 0
github.com/Notifuse/notifuse/internal/service/user_service.go:94.21,96.3 1 0
github.com/Notifuse/notifuse/internal/service/user_service.go:99.2,99.70 1 0
github.com/Notifuse/notifuse/internal/service/user_service.go:99.70,102.3 2 0
github.com/Notifuse/notifuse/internal/service/user_service.go:104.2,104.16 1 0
github.com/Notifuse/notifuse/internal/service/user_service.go:107.115,110.16 2 0
github.com/Notifuse/notifuse/internal/service/user_service.go:110.16,113.3 2 0
github.com/Notifuse/notifuse/internal/service/user_service.go:116.2,117.16 2 0
github.com/Notifuse/notifuse/internal/service/user_service.go:117.16,120.3 2 0
github.com/Notifuse/notifuse/internal/service/user_service.go:123.2,124.35 2 0
github.com/Notifuse/notifuse/internal/service/user_service.go:124.35,125.38 1 0
github.com/Notifuse/notifuse/internal/service/user_service.go:125.38,127.9 2 0
github.com/Notifuse/notifuse/internal/service/user_service.go:131.2,131.28 1 0
github.com/Notifuse/notifuse/internal/service/user_service.go:131.28,134.3 2 0
github.com/Notifuse/notifuse/internal/service/user_service.go:137.2,137.56 1 0
github.com/Notifuse/notifuse/internal/service/user_service.go:137.56,140.3 2 0
github.com/Notifuse/notifuse/internal/service/user_service.go:143.2,146.67 3 0
github.com/Notifuse/notifuse/internal/service/user_service.go:146.67,149.3 2 0
github.com/Notifuse/notifuse/internal/service/user_service.go:152.2,158.8 2 0
github.com/Notifuse/notifuse/internal/service/user_service.go:161.50,165.16 3 0
github.com/Notifuse/notifuse/internal/service/user_service.go:165.16,168.3 2 0
github.com/Notifuse/notifuse/internal/service/user_service.go:171.2,173.37 3 0
github.com/Notifuse/notifuse/internal/service/user_service.go:177.26,180.2 1 0
github.com/Notifuse/notifuse/internal/service/user_service.go:183.117,186.16 2 0
github.com/Notifuse/notifuse/internal/service/user_service.go:186.16,189.3 2 0
github.com/Notifuse/notifuse/internal/service/user_service.go:192.2,192.30 1 0
github.com/Notifuse/notifuse/internal/service/user_service.go:192.30,195.3 2 0
github.com/Notifuse/notifuse/internal/service/user_service.go:198.2,198.41 1 0
github.com/Notifuse/notifuse/internal/service/user_service.go:198.41,201.3 2 0
github.com/Notifuse/notifuse/internal/service/user_service.go:204.2,205.16 2 0
github.com/Notifuse/notifuse/internal/service/user_service.go:205.16,208.3 2 0
github.com/Notifuse/notifuse/internal/service/user_service.go:210.2,210.18 1 0
github.com/Notifuse/notifuse/internal/service/user_service.go:214.93,216.16 2 0
github.com/Notifuse/notifuse/internal/service/user_service.go:216.16,219.3 2 0
github.com/Notifuse/notifuse/internal/service/user_service.go:220.2,220.18 1 0
github.com/Notifuse/notifuse/internal/service/user_service.go:224.95,226.16 2 0
github.com/Notifuse/notifuse/internal/service/user_service.go:226.16,229.3 2 0
github.com/Notifuse/notifuse/internal/service/user_service.go:230.2,230.18 1 0
github.com/Notifuse/notifuse/internal/service/workspace_service.go:43.21,57.2 1 0
github.com/Notifuse/notifuse/internal/service/workspace_service.go:60.93,62.16 2 0
github.com/Notifuse/notifuse/internal/service/workspace_service.go:62.16,64.3 1 0
github.com/Notifuse/notifuse/internal/service/workspace_service.go:66.2,67.16 2 0
github.com/Notifuse/notifuse/internal/service/workspace_service.go:67.16,70.3 2 0
github.com/Notifuse/notifuse/internal/service/workspace_service.go:73.2,73.30 1 0
github.com/Notifuse/notifuse/internal/service/workspace_service.go:73.30,75.3 1 0
github.com/Notifuse/notifuse/internal/service/workspace_service.go:77.2,78.36 2 0
github.com/Notifuse/notifuse/internal/service/workspace_service.go:78.36,80.17 2 0
github.com/Notifuse/notifuse/internal/service/workspace_service.go:80.17,83.4 2 0
github.com/Notifuse/notifuse/internal/service/workspace_service.go:84.3,84.45 1 0
github.com/Notifuse/notifuse/internal/service/workspace_service.go:87.2,87.24 1 0
github.com/Notifuse/notifuse/internal/service/workspace_service.go:91.100,96.16 4 0
github.com/Notifuse/notifuse/internal/service/workspace_service.go:96.16,98.3 1 0
github.com/Notifuse/notifuse/internal/service/workspace_service.go:100.2,101.16 2 0
github.com/Notifuse/notifuse/internal/service/workspace_service.go:101.16,104.3 2 0
github.com/Notifuse/notifuse/internal/service/workspace_service.go:106.2,107.16 2 0
github.com/Notifuse/notifuse/internal/service/workspace_service.go:107.16,110.3 2 0
github.com/Notifuse/notifuse/internal/service/workspace_service.go:112.2,112.23 1 0
github.com/Notifuse/notifuse/internal/service/workspace_service.go:116.225,118.16 2 0
github.com/Notifuse/notifuse/internal/service/workspace_service.go:118.16,120.3 1 0
github.com/Notifuse/notifuse/internal/service/workspace_service.go:122.2,136.56 2 0
github.com/Notifuse/notifuse/internal/service/workspace_service.go:136.56,139.3 2 0
github.com/Notifuse/notifuse/internal/service/workspace_service.go:142.2,142.79 1 0
github.com/Notifuse/notifuse/internal/service/workspace_service.go:142.79,145.3 2 0
github.com/Notifuse/notifuse/internal/service/workspace_service.go:147.2,147.54 1 0
github.com/Notifuse/notifuse/internal/service/workspace_service.go:147.54,150.3 2 0
github.com/Notifuse/notifuse/internal/service/workspace_service.go:153.2,161.49 2 0
github.com/Notifuse/notifuse/internal/service/workspace_service.go:161.49,164.3 2 0
github.com/Notifuse/notifuse/internal/service/workspace_service.go:166.2,166.70 1 0
github.com/Notifuse/notifuse/internal/service/workspace_service.go:166.70,169.3 2 0
github.com/Notifuse/notifuse/internal/service/workspace_service.go:172.2,173.16 2 0
github.com/Notifuse/notifuse/internal/service/workspace_service.go:173.16,176.3 2 0
github.com/Notifuse/notifuse/internal/service/workspace_service.go:179.2,186.43 2 0
github.com/Notifuse/notifuse/internal/service/workspace_service.go:186.43,189.3 2 0
github.com/Notifuse/notifuse/internal/service/workspace_service.go:191.2,192.60 2 0
github.com/Notifuse/notifuse/internal/service/workspace_service.go:192.60,195.3 2 0
github.com/Notifuse/notifuse/internal/service/workspace_service.go:201.2,201.77 1 0
github.com/Notifuse/notifuse/internal/service/workspace_service.go:201.77,206.3 2 0
github.com/Notifuse/notifuse/internal/service/workspace_service.go:209.2,223.16 3 0
github.com/Notifuse/notifuse/internal/service/workspace_service.go:223.16,226.3 2 0
github.com/Notifuse/notifuse/internal/service/workspace_service.go:229.2,238.16 3 0
github.com/Notifuse/notifuse/internal/service/workspace_service.go:238.16,241.3 2 0
github.com/Notifuse/notifuse/internal/service/workspace_service.go:243.2,243.23 1 0
github.com/Notifuse/notifuse/internal/service/workspace_service.go:247.116,264.37 2 0
github.com/Notifuse/notifuse/internal/service/workspace_service.go:264.37,264.91 2 0
github.com/Notifuse/notifuse/internal/service/workspace_service.go:274.2,274.90 1 0
github.com/Notifuse/notifuse/internal/service/workspace_service.go:274.90,276.3 1 0
github.com/Notifuse/notifuse/internal/service/workspace_service.go:279.2,291.37 1 0
github.com/Notifuse/notifuse/internal/service/workspace_service.go:291.37,291.84 2 0
github.com/Notifuse/notifuse/internal/service/workspace_service.go:301.2,301.92 1 0
github.com/Notifuse/notifuse/internal/service/workspace_service.go:301.92,303.3 1 0
github.com/Notifuse/notifuse/internal/service/workspace_service.go:306.2,318.37 1 0
github.com/Notifuse/notifuse/internal/service/workspace_service.go:318.37,318.85 2 0
github.com/Notifuse/notifuse/internal/service/workspace_service.go:327.2,327.96 1 0
github.com/Notifuse/notifuse/internal/service/workspace_service.go:327.96,329.3 1 0
github.com/Notifuse/notifuse/internal/service/workspace_service.go:331.2,331.12 1 0
github.com/Notifuse/notifuse/internal/service/workspace_service.go:335.151,340.16 4 0
github.com/Notifuse/notifuse/internal/service/workspace_service.go:340.16,342.3 1 0
github.com/Notifuse/notifuse/internal/service/workspace_service.go:345.2,346.16 2 0
github.com/Notifuse/notifuse/internal/service/workspace_service.go:346.16,349.3 2 0
github.com/Notifuse/notifuse/internal/service/workspace_service.go:351.2,351.35 1 0
github.com/Notifuse/notifuse/internal/service/workspace_service.go:351.35,354.3 2 0
github.com/Notifuse/notifuse/internal/service/workspace_service.go:356.2,363.56 2 0
github.com/Notifuse/notifuse/internal/service/workspace_service.go:363.56,366.3 2 0
github.com/Notifuse/notifuse/internal/service/workspace_service.go:368.2,368.54 1 0
github.com/Notifuse/notifuse/internal/service/workspace_service.go:368.54,371.3 2 0
github.com/Notifuse/notifuse/internal/service/workspace_service.go:373.2,373.23 1 0
github.com/Notifuse/notifuse/internal/service/workspace_service.go:377.82,382.16 4 0
github.com/Notifuse/notifuse/internal/service/workspace_service.go:382.16,384.3 1 0
github.com/Notifuse/notifuse/internal/service/workspace_service.go:386.2,387.16 2 0
github.com/Notifuse/notifuse/internal/service/workspace_service.go:387.16,390.3 2 0
github.com/Notifuse/notifuse/internal/service/workspace_service.go:392.2,392.35 1 0
github.com/Notifuse/notifuse/internal/service/workspace_service.go:392.35,395.3 2 0
github.com/Notifuse/notifuse/internal/service/workspace_service.go:397.2,397.47 1 0
github.com/Notifuse/notifuse/internal/service/workspace_service.go:397.47,400.3 2 0
github.com/Notifuse/notifuse/internal/service/workspace_service.go:402.2,402.12 1 0
github.com/Notifuse/notifuse/internal/service/workspace_service.go:406.122,410.16 4 0
github.com/Notifuse/notifuse/internal/service/workspace_service.go:410.16,412.3 1 0
github.com/Notifuse/notifuse/internal/service/workspace_service.go:415.2,416.16 2 0
github.com/Notifuse/notifuse/internal/service/workspace_service.go:416.16,419.3 2 0
github.com/Notifuse/notifuse/internal/service/workspace_service.go:421.2,421.40 1 0
github.com/Notifuse/notifuse/internal/service/workspace_service.go:421.40,424.3 2 0
github.com/Notifuse/notifuse/internal/service/workspace_service.go:426.2,434.49 2 0
github.com/Notifuse/notifuse/internal/service/workspace_service.go:434.49,437.3 2 0
github.com/Notifuse/notifuse/internal/service/workspace_service.go:439.2,439.70 1 0
github.com/Notifuse/notifuse/internal/service/workspace_service.go:439.70,442.3 2 0
github.com/Notifuse/notifuse/internal/service/workspace_service.go:444.2,444.12 1 0
github.com/Notifuse/notifuse/internal/service/workspace_service.go:448.114,453.16 4 0
github.com/Notifuse/notifuse/internal/service/workspace_service.go:453.16,455.3 1 0
github.com/Notifuse/notifuse/internal/service/workspace_service.go:457.2,458.16 2 0
github.com/Notifuse/notifuse/internal/service/workspace_service.go:458.16,461.3 2 0
github.com/Notifuse/notifuse/internal/service/workspace_service.go:463.2,463.40 1 0
github.com/Notifuse/notifuse/internal/service/workspace_service.go:463.40,466.3 2 0
github.com/Notifuse/notifuse/internal/service/workspace_service.go:469.2,469.24 1 0
github.com/Notifuse/notifuse/internal/service/workspace_service.go:469.24,472.3 2 0
github.com/Notifuse/notifuse/internal/service/workspace_service.go:474.2,474.81 1 0
github.com/Notifuse/notifuse/internal/service/workspace_service.go:474.81,477.3 2 0
github.com/Notifuse/notifuse/internal/service/workspace_service.go:479.2,479.12 1 0
github.com/Notifuse/notifuse/internal/service/workspace_service.go:483.135,487.16 3 0
github.com/Notifuse/notifuse/internal/service/workspace_service.go:487.16,489.3 1 0
github.com/Notifuse/notifuse/internal/service/workspace_service.go:492.2,493.16 2 0
github.com/Notifuse/notifuse/internal/service/workspace_service.go:493.16,496.3 2 0
github.com/Notifuse/notifuse/internal/service/workspace_service.go:498.2,498.43 1 0
github.com/Notifuse/notifuse/internal/service/workspace_service.go:498.43,501.3 2 0
github.com/Notifuse/notifuse/internal/service/workspace_service.go:504.2,505.16 2 0
github.com/Notifuse/notifuse/internal/service/workspace_service.go:505.16,508.3 2 0
github.com/Notifuse/notifuse/internal/service/workspace_service.go:510.2,510.40 1 0
github.com/Notifuse/notifuse/internal/service/workspace_service.go:510.40,513.3 2 0
github.com/Notifuse/notifuse/internal/service/workspace_service.go:516.2,518.74 3 0
github.com/Notifuse/notifuse/internal/service/workspace_service.go:518.74,521.3 2 0
github.com/Notifuse/notifuse/internal/service/workspace_service.go:524.2,526.78 3 0
github.com/Notifuse/notifuse/internal/service/workspace_service.go:526.78,529.3 2 0
github.com/Notifuse/notifuse/internal/service/workspace_service.go:531.2,531.12 1 0
github.com/Notifuse/notifuse/internal/service/workspace_service.go:535.134,539.16 4 0
github.com/Notifuse/notifuse/internal/service/workspace_service.go:539.16,541.3 1 0
github.com/Notifuse/notifuse/internal/service/workspace_service.go:544.2,544.33 1 0
github.com/Notifuse/notifuse/internal/service/workspace_service.go:544.33,546.3 1 0
github.com/Notifuse/notifuse/internal/service/workspace_service.go:549.2,550.16 2 0
github.com/Notifuse/notifuse/internal/service/workspace_service.go:550.16,553.3 2 0
github.com/Notifuse/notifuse/internal/service/workspace_service.go:554.2,554.22 1 0
github.com/Notifuse/notifuse/internal/service/workspace_service.go:554.22,556.3 1 0
github.com/Notifuse/notifuse/internal/service/workspace_service.go:559.2,560.16 2 0
github.com/Notifuse/notifuse/internal/service/workspace_service.go:560.16,563.3 2 0
github.com/Notifuse/notifuse/internal/service/workspace_service.go:564.2,564.15 1 0
github.com/Notifuse/notifuse/internal/service/workspace_service.go:564.15,566.3 1 0
github.com/Notifuse/notifuse/internal/service/workspace_service.go:569.2,570.16 2 0
github.com/Notifuse/notifuse/internal/service/workspace_service.go:570.16,573.3 2 0
github.com/Notifuse/notifuse/internal/service/workspace_service.go:574.2,575.23 2 0
github.com/Notifuse/notifuse/internal/service/workspace_service.go:575.23,577.3 1 0
github.com/Notifuse/notifuse/internal/service/workspace_service.go:580.2,581.39 2 0
github.com/Notifuse/notifuse/internal/service/workspace_service.go:581.39,584.17 2 0
github.com/Notifuse/notifuse/internal/service/workspace_service.go:584.17,587.4 2 0
github.com/Notifuse/notifuse/internal/service/workspace_service.go:588.3,588.15 1 0
github.com/Notifuse/notifuse/internal/service/workspace_service.go:588.15,590.4 1 0
github.com/Notifuse/notifuse/internal/service/workspace_service.go:593.3,601.17 3 0
github.com/Notifuse/notifuse/internal/service/workspace_service.go:601.17,604.4 2 0
github.com/Notifuse/notifuse/internal/service/workspace_service.go:607.3,607.22 1 0
github.com/Notifuse/notifuse/internal/service/workspace_service.go:612.2,626.16 5 0
github.com/Notifuse/notifuse/internal/service/workspace_service.go:626.16,629.3 2 0
github.com/Notifuse/notifuse/internal/service/workspace_service.go:632.2,635.31 2 0
github.com/Notifuse/notifuse/internal/service/workspace_service.go:635.31,637.17 2 0
github.com/Notifuse/notifuse/internal/service/workspace_service.go:637.17,640.4 1 0
github.com/Notifuse/notifuse/internal/service/workspace_service.go:643.3,643.29 1 0
github.com/Notifuse/notifuse/internal/service/workspace_service.go:647.2,647.31 1 0
github.com/Notifuse/notifuse/internal/service/workspace_service.go:651.131,656.16 4 0
github.com/Notifuse/notifuse/internal/service/workspace_service.go:656.16,658.3 1 0
github.com/Notifuse/notifuse/internal/service/workspace_service.go:660.2,661.16 2 0
github.com/Notifuse/notifuse/internal/service/workspace_service.go:661.16,664.3 2 0
github.com/Notifuse/notifuse/internal/service/workspace_service.go:667.2,668.16 2 0
github.com/Notifuse/notifuse/internal/service/workspace_service.go:668.16,671.3 2 0
github.com/Notifuse/notifuse/internal/service/workspace_service.go:673.2,673.21 1 0
