mode: set
github.com/Notifuse/notifuse/internal/domain/contact.go:72.38,73.52 1 1
github.com/Notifuse/notifuse/internal/domain/contact.go:73.52,75.3 1 1
github.com/Notifuse/notifuse/internal/domain/contact.go:76.2,76.13 1 1
github.com/Notifuse/notifuse/internal/domain/contact.go:80.36,82.19 1 1
github.com/Notifuse/notifuse/internal/domain/contact.go:82.19,84.3 1 1
github.com/Notifuse/notifuse/internal/domain/contact.go:86.2,86.28 1 1
github.com/Notifuse/notifuse/internal/domain/contact.go:86.28,88.3 1 1
github.com/Notifuse/notifuse/internal/domain/contact.go:90.2,90.12 1 1
github.com/Notifuse/notifuse/internal/domain/contact.go:145.22,186.16 2 1
github.com/Notifuse/notifuse/internal/domain/contact.go:186.16,188.3 1 1
github.com/Notifuse/notifuse/internal/domain/contact.go:190.2,321.67 2 1
github.com/Notifuse/notifuse/internal/domain/contact.go:321.67,323.64 2 1
github.com/Notifuse/notifuse/internal/domain/contact.go:323.64,325.4 1 1
github.com/Notifuse/notifuse/internal/domain/contact.go:327.2,327.67 1 1
github.com/Notifuse/notifuse/internal/domain/contact.go:327.67,329.64 2 1
github.com/Notifuse/notifuse/internal/domain/contact.go:329.64,331.4 1 1
github.com/Notifuse/notifuse/internal/domain/contact.go:333.2,333.67 1 1
github.com/Notifuse/notifuse/internal/domain/contact.go:333.67,335.64 2 1
github.com/Notifuse/notifuse/internal/domain/contact.go:335.64,337.4 1 1
github.com/Notifuse/notifuse/internal/domain/contact.go:339.2,339.67 1 1
github.com/Notifuse/notifuse/internal/domain/contact.go:339.67,341.64 2 1
github.com/Notifuse/notifuse/internal/domain/contact.go:341.64,343.4 1 1
github.com/Notifuse/notifuse/internal/domain/contact.go:345.2,345.67 1 1
github.com/Notifuse/notifuse/internal/domain/contact.go:345.67,347.64 2 1
github.com/Notifuse/notifuse/internal/domain/contact.go:347.64,349.4 1 1
github.com/Notifuse/notifuse/internal/domain/contact.go:352.2,352.15 1 1
github.com/Notifuse/notifuse/internal/domain/contact.go:373.82,384.16 9 1
github.com/Notifuse/notifuse/internal/domain/contact.go:384.16,386.3 1 1
github.com/Notifuse/notifuse/internal/domain/contact.go:387.2,390.57 2 1
github.com/Notifuse/notifuse/internal/domain/contact.go:390.57,392.3 1 1
github.com/Notifuse/notifuse/internal/domain/contact.go:394.2,394.12 1 1
github.com/Notifuse/notifuse/internal/domain/contact.go:404.47,405.25 1 1
github.com/Notifuse/notifuse/internal/domain/contact.go:405.25,407.3 1 1
github.com/Notifuse/notifuse/internal/domain/contact.go:410.2,410.18 1 1
github.com/Notifuse/notifuse/internal/domain/contact.go:410.18,412.3 1 1
github.com/Notifuse/notifuse/internal/domain/contact.go:415.2,415.19 1 1
github.com/Notifuse/notifuse/internal/domain/contact.go:415.19,417.3 1 1
github.com/Notifuse/notifuse/internal/domain/contact.go:419.2,419.12 1 1
github.com/Notifuse/notifuse/internal/domain/contact.go:438.49,439.25 1 1
github.com/Notifuse/notifuse/internal/domain/contact.go:439.25,441.3 1 1
github.com/Notifuse/notifuse/internal/domain/contact.go:442.2,442.19 1 1
github.com/Notifuse/notifuse/internal/domain/contact.go:442.19,444.3 1 1
github.com/Notifuse/notifuse/internal/domain/contact.go:445.2,445.35 1 1
github.com/Notifuse/notifuse/internal/domain/contact.go:445.35,447.3 1 1
github.com/Notifuse/notifuse/internal/domain/contact.go:448.2,448.12 1 1
github.com/Notifuse/notifuse/internal/domain/contact.go:457.102,458.25 1 1
github.com/Notifuse/notifuse/internal/domain/contact.go:458.25,460.3 1 1
github.com/Notifuse/notifuse/internal/domain/contact.go:462.2,464.29 3 1
github.com/Notifuse/notifuse/internal/domain/contact.go:464.29,466.3 1 0
github.com/Notifuse/notifuse/internal/domain/contact.go:469.2,470.44 2 1
github.com/Notifuse/notifuse/internal/domain/contact.go:470.44,472.17 2 1
github.com/Notifuse/notifuse/internal/domain/contact.go:472.17,474.4 1 1
github.com/Notifuse/notifuse/internal/domain/contact.go:475.3,475.39 1 1
github.com/Notifuse/notifuse/internal/domain/contact.go:477.2,477.37 1 1
github.com/Notifuse/notifuse/internal/domain/contact.go:485.93,486.25 1 1
github.com/Notifuse/notifuse/internal/domain/contact.go:486.25,488.3 1 1
github.com/Notifuse/notifuse/internal/domain/contact.go:489.2,491.27 3 1
github.com/Notifuse/notifuse/internal/domain/contact.go:491.27,493.3 1 0
github.com/Notifuse/notifuse/internal/domain/contact.go:494.2,495.16 2 1
github.com/Notifuse/notifuse/internal/domain/contact.go:495.16,497.3 1 1
github.com/Notifuse/notifuse/internal/domain/contact.go:498.2,498.36 1 1
github.com/Notifuse/notifuse/internal/domain/contact.go:548.45,550.2 1 1
github.com/Notifuse/notifuse/internal/domain/contact.go:554.51,557.26 2 1
github.com/Notifuse/notifuse/internal/domain/contact.go:558.14,559.35 1 1
github.com/Notifuse/notifuse/internal/domain/contact.go:560.20,561.17 1 1
github.com/Notifuse/notifuse/internal/domain/contact.go:562.14,563.30 1 1
github.com/Notifuse/notifuse/internal/domain/contact.go:564.10,565.60 1 1
github.com/Notifuse/notifuse/internal/domain/contact.go:569.2,570.17 2 1
github.com/Notifuse/notifuse/internal/domain/contact.go:570.17,572.3 1 1
github.com/Notifuse/notifuse/internal/domain/contact.go:575.2,575.26 1 1
github.com/Notifuse/notifuse/internal/domain/contact.go:575.26,577.3 1 1
github.com/Notifuse/notifuse/internal/domain/contact.go:580.2,585.92 2 1
github.com/Notifuse/notifuse/internal/domain/contact.go:585.92,587.3 1 1
github.com/Notifuse/notifuse/internal/domain/contact.go:588.2,588.87 1 1
github.com/Notifuse/notifuse/internal/domain/contact.go:588.87,590.3 1 0
github.com/Notifuse/notifuse/internal/domain/contact.go:591.2,591.87 1 1
github.com/Notifuse/notifuse/internal/domain/contact.go:591.87,593.3 1 0
github.com/Notifuse/notifuse/internal/domain/contact.go:594.2,594.90 1 1
github.com/Notifuse/notifuse/internal/domain/contact.go:594.90,596.3 1 0
github.com/Notifuse/notifuse/internal/domain/contact.go:597.2,597.88 1 1
github.com/Notifuse/notifuse/internal/domain/contact.go:597.88,599.3 1 0
github.com/Notifuse/notifuse/internal/domain/contact.go:600.2,600.81 1 1
github.com/Notifuse/notifuse/internal/domain/contact.go:600.81,602.3 1 0
github.com/Notifuse/notifuse/internal/domain/contact.go:603.2,603.97 1 1
github.com/Notifuse/notifuse/internal/domain/contact.go:603.97,605.3 1 0
github.com/Notifuse/notifuse/internal/domain/contact.go:606.2,606.97 1 1
github.com/Notifuse/notifuse/internal/domain/contact.go:606.97,608.3 1 0
github.com/Notifuse/notifuse/internal/domain/contact.go:609.2,609.85 1 1
github.com/Notifuse/notifuse/internal/domain/contact.go:609.85,611.3 1 0
github.com/Notifuse/notifuse/internal/domain/contact.go:612.2,612.87 1 1
github.com/Notifuse/notifuse/internal/domain/contact.go:612.87,614.3 1 0
github.com/Notifuse/notifuse/internal/domain/contact.go:615.2,615.81 1 1
github.com/Notifuse/notifuse/internal/domain/contact.go:615.81,617.3 1 0
github.com/Notifuse/notifuse/internal/domain/contact.go:618.2,618.88 1 1
github.com/Notifuse/notifuse/internal/domain/contact.go:618.88,620.3 1 0
github.com/Notifuse/notifuse/internal/domain/contact.go:623.2,623.99 1 1
github.com/Notifuse/notifuse/internal/domain/contact.go:623.99,625.3 1 0
github.com/Notifuse/notifuse/internal/domain/contact.go:626.2,626.99 1 1
github.com/Notifuse/notifuse/internal/domain/contact.go:626.99,628.3 1 0
github.com/Notifuse/notifuse/internal/domain/contact.go:629.2,629.99 1 1
github.com/Notifuse/notifuse/internal/domain/contact.go:629.99,631.3 1 0
github.com/Notifuse/notifuse/internal/domain/contact.go:632.2,632.99 1 1
github.com/Notifuse/notifuse/internal/domain/contact.go:632.99,634.3 1 0
github.com/Notifuse/notifuse/internal/domain/contact.go:635.2,635.99 1 1
github.com/Notifuse/notifuse/internal/domain/contact.go:635.99,637.3 1 0
github.com/Notifuse/notifuse/internal/domain/contact.go:640.2,640.97 1 1
github.com/Notifuse/notifuse/internal/domain/contact.go:640.97,642.3 1 1
github.com/Notifuse/notifuse/internal/domain/contact.go:643.2,643.93 1 1
github.com/Notifuse/notifuse/internal/domain/contact.go:643.93,645.3 1 0
github.com/Notifuse/notifuse/internal/domain/contact.go:648.2,648.98 1 1
github.com/Notifuse/notifuse/internal/domain/contact.go:648.98,650.3 1 0
github.com/Notifuse/notifuse/internal/domain/contact.go:651.2,651.98 1 1
github.com/Notifuse/notifuse/internal/domain/contact.go:651.98,653.3 1 0
github.com/Notifuse/notifuse/internal/domain/contact.go:654.2,654.98 1 1
github.com/Notifuse/notifuse/internal/domain/contact.go:654.98,656.3 1 0
github.com/Notifuse/notifuse/internal/domain/contact.go:657.2,657.98 1 1
github.com/Notifuse/notifuse/internal/domain/contact.go:657.98,659.3 1 0
github.com/Notifuse/notifuse/internal/domain/contact.go:660.2,660.98 1 1
github.com/Notifuse/notifuse/internal/domain/contact.go:660.98,662.3 1 0
github.com/Notifuse/notifuse/internal/domain/contact.go:665.2,665.93 1 1
github.com/Notifuse/notifuse/internal/domain/contact.go:665.93,667.3 1 1
github.com/Notifuse/notifuse/internal/domain/contact.go:670.2,670.101 1 1
github.com/Notifuse/notifuse/internal/domain/contact.go:670.101,672.3 1 0
github.com/Notifuse/notifuse/internal/domain/contact.go:673.2,673.101 1 1
github.com/Notifuse/notifuse/internal/domain/contact.go:673.101,675.3 1 0
github.com/Notifuse/notifuse/internal/domain/contact.go:676.2,676.101 1 1
github.com/Notifuse/notifuse/internal/domain/contact.go:676.101,678.3 1 0
github.com/Notifuse/notifuse/internal/domain/contact.go:679.2,679.101 1 1
github.com/Notifuse/notifuse/internal/domain/contact.go:679.101,681.3 1 0
github.com/Notifuse/notifuse/internal/domain/contact.go:682.2,682.101 1 1
github.com/Notifuse/notifuse/internal/domain/contact.go:682.101,684.3 1 0
github.com/Notifuse/notifuse/internal/domain/contact.go:687.2,687.26 1 1
github.com/Notifuse/notifuse/internal/domain/contact.go:687.26,689.53 2 1
github.com/Notifuse/notifuse/internal/domain/contact.go:689.53,691.32 1 1
github.com/Notifuse/notifuse/internal/domain/contact.go:691.32,693.14 1 1
github.com/Notifuse/notifuse/internal/domain/contact.go:694.12,695.66 1 1
github.com/Notifuse/notifuse/internal/domain/contact.go:696.12,697.66 1 1
github.com/Notifuse/notifuse/internal/domain/contact.go:698.12,699.66 1 1
github.com/Notifuse/notifuse/internal/domain/contact.go:700.12,701.66 1 1
github.com/Notifuse/notifuse/internal/domain/contact.go:702.12,703.66 1 1
github.com/Notifuse/notifuse/internal/domain/contact.go:705.5,705.13 1 1
github.com/Notifuse/notifuse/internal/domain/contact.go:709.4,709.45 1 1
github.com/Notifuse/notifuse/internal/domain/contact.go:709.45,711.5 1 1
github.com/Notifuse/notifuse/internal/domain/contact.go:714.4,714.13 1 1
github.com/Notifuse/notifuse/internal/domain/contact.go:715.11,716.76 1 1
github.com/Notifuse/notifuse/internal/domain/contact.go:717.11,718.76 1 1
github.com/Notifuse/notifuse/internal/domain/contact.go:719.11,720.76 1 0
github.com/Notifuse/notifuse/internal/domain/contact.go:721.11,722.76 1 0
github.com/Notifuse/notifuse/internal/domain/contact.go:723.11,724.76 1 0
github.com/Notifuse/notifuse/internal/domain/contact.go:729.2,729.21 1 1
github.com/Notifuse/notifuse/internal/domain/contact.go:733.92,734.48 1 1
github.com/Notifuse/notifuse/internal/domain/contact.go:734.48,735.31 1 1
github.com/Notifuse/notifuse/internal/domain/contact.go:735.31,737.4 1 1
github.com/Notifuse/notifuse/internal/domain/contact.go:737.9,737.40 1 1
github.com/Notifuse/notifuse/internal/domain/contact.go:737.40,739.4 1 1
github.com/Notifuse/notifuse/internal/domain/contact.go:739.9,741.4 1 1
github.com/Notifuse/notifuse/internal/domain/contact.go:743.2,743.12 1 1
github.com/Notifuse/notifuse/internal/domain/contact.go:746.92,747.48 1 1
github.com/Notifuse/notifuse/internal/domain/contact.go:747.48,748.31 1 1
github.com/Notifuse/notifuse/internal/domain/contact.go:748.31,750.4 1 1
github.com/Notifuse/notifuse/internal/domain/contact.go:750.9,750.40 1 1
github.com/Notifuse/notifuse/internal/domain/contact.go:750.40,752.4 1 1
github.com/Notifuse/notifuse/internal/domain/contact.go:752.9,754.4 1 1
github.com/Notifuse/notifuse/internal/domain/contact.go:756.2,756.12 1 1
github.com/Notifuse/notifuse/internal/domain/contact.go:759.88,760.48 1 1
github.com/Notifuse/notifuse/internal/domain/contact.go:760.48,761.31 1 1
github.com/Notifuse/notifuse/internal/domain/contact.go:761.31,763.4 1 1
github.com/Notifuse/notifuse/internal/domain/contact.go:763.9,763.40 1 1
github.com/Notifuse/notifuse/internal/domain/contact.go:763.40,765.18 2 1
github.com/Notifuse/notifuse/internal/domain/contact.go:765.18,767.5 1 1
github.com/Notifuse/notifuse/internal/domain/contact.go:768.4,768.51 1 1
github.com/Notifuse/notifuse/internal/domain/contact.go:769.9,771.4 1 0
github.com/Notifuse/notifuse/internal/domain/contact.go:773.2,773.12 1 1
github.com/Notifuse/notifuse/internal/domain/contact.go:777.41,778.18 1 1
github.com/Notifuse/notifuse/internal/domain/contact.go:778.18,780.3 1 1
github.com/Notifuse/notifuse/internal/domain/contact.go:783.2,783.23 1 1
github.com/Notifuse/notifuse/internal/domain/contact.go:783.23,785.3 1 1
github.com/Notifuse/notifuse/internal/domain/contact.go:788.2,788.29 1 1
github.com/Notifuse/notifuse/internal/domain/contact.go:788.29,790.3 1 0
github.com/Notifuse/notifuse/internal/domain/contact.go:791.2,791.27 1 1
github.com/Notifuse/notifuse/internal/domain/contact.go:791.27,793.3 1 0
github.com/Notifuse/notifuse/internal/domain/contact.go:794.2,794.27 1 1
github.com/Notifuse/notifuse/internal/domain/contact.go:794.27,796.3 1 0
github.com/Notifuse/notifuse/internal/domain/contact.go:797.2,797.28 1 1
github.com/Notifuse/notifuse/internal/domain/contact.go:797.28,799.3 1 1
github.com/Notifuse/notifuse/internal/domain/contact.go:800.2,800.27 1 1
github.com/Notifuse/notifuse/internal/domain/contact.go:800.27,802.3 1 0
github.com/Notifuse/notifuse/internal/domain/contact.go:803.2,803.24 1 1
github.com/Notifuse/notifuse/internal/domain/contact.go:803.24,805.3 1 0
github.com/Notifuse/notifuse/internal/domain/contact.go:806.2,806.31 1 1
github.com/Notifuse/notifuse/internal/domain/contact.go:806.31,808.3 1 1
github.com/Notifuse/notifuse/internal/domain/contact.go:809.2,809.31 1 1
github.com/Notifuse/notifuse/internal/domain/contact.go:809.31,811.3 1 0
github.com/Notifuse/notifuse/internal/domain/contact.go:812.2,812.26 1 1
github.com/Notifuse/notifuse/internal/domain/contact.go:812.26,814.3 1 1
github.com/Notifuse/notifuse/internal/domain/contact.go:815.2,815.27 1 1
github.com/Notifuse/notifuse/internal/domain/contact.go:815.27,817.3 1 0
github.com/Notifuse/notifuse/internal/domain/contact.go:818.2,818.24 1 1
github.com/Notifuse/notifuse/internal/domain/contact.go:818.24,820.3 1 0
github.com/Notifuse/notifuse/internal/domain/contact.go:821.2,821.27 1 1
github.com/Notifuse/notifuse/internal/domain/contact.go:821.27,823.3 1 0
github.com/Notifuse/notifuse/internal/domain/contact.go:826.2,826.32 1 1
github.com/Notifuse/notifuse/internal/domain/contact.go:826.32,828.3 1 1
github.com/Notifuse/notifuse/internal/domain/contact.go:829.2,829.30 1 1
github.com/Notifuse/notifuse/internal/domain/contact.go:829.30,831.3 1 1
github.com/Notifuse/notifuse/internal/domain/contact.go:832.2,832.30 1 1
github.com/Notifuse/notifuse/internal/domain/contact.go:832.30,834.3 1 1
github.com/Notifuse/notifuse/internal/domain/contact.go:837.2,837.32 1 1
github.com/Notifuse/notifuse/internal/domain/contact.go:837.32,839.3 1 1
github.com/Notifuse/notifuse/internal/domain/contact.go:840.2,840.32 1 1
github.com/Notifuse/notifuse/internal/domain/contact.go:840.32,842.3 1 1
github.com/Notifuse/notifuse/internal/domain/contact.go:843.2,843.32 1 1
github.com/Notifuse/notifuse/internal/domain/contact.go:843.32,845.3 1 1
github.com/Notifuse/notifuse/internal/domain/contact.go:846.2,846.32 1 1
github.com/Notifuse/notifuse/internal/domain/contact.go:846.32,848.3 1 1
github.com/Notifuse/notifuse/internal/domain/contact.go:849.2,849.32 1 1
github.com/Notifuse/notifuse/internal/domain/contact.go:849.32,851.3 1 1
github.com/Notifuse/notifuse/internal/domain/contact.go:854.2,854.32 1 1
github.com/Notifuse/notifuse/internal/domain/contact.go:854.32,856.3 1 1
github.com/Notifuse/notifuse/internal/domain/contact.go:857.2,857.32 1 1
github.com/Notifuse/notifuse/internal/domain/contact.go:857.32,859.3 1 1
github.com/Notifuse/notifuse/internal/domain/contact.go:860.2,860.32 1 1
github.com/Notifuse/notifuse/internal/domain/contact.go:860.32,862.3 1 1
github.com/Notifuse/notifuse/internal/domain/contact.go:863.2,863.32 1 1
github.com/Notifuse/notifuse/internal/domain/contact.go:863.32,865.3 1 1
github.com/Notifuse/notifuse/internal/domain/contact.go:866.2,866.32 1 1
github.com/Notifuse/notifuse/internal/domain/contact.go:866.32,868.3 1 1
github.com/Notifuse/notifuse/internal/domain/contact.go:871.2,871.34 1 1
github.com/Notifuse/notifuse/internal/domain/contact.go:871.34,873.3 1 1
github.com/Notifuse/notifuse/internal/domain/contact.go:874.2,874.34 1 1
github.com/Notifuse/notifuse/internal/domain/contact.go:874.34,876.3 1 1
github.com/Notifuse/notifuse/internal/domain/contact.go:877.2,877.34 1 1
github.com/Notifuse/notifuse/internal/domain/contact.go:877.34,879.3 1 1
github.com/Notifuse/notifuse/internal/domain/contact.go:880.2,880.34 1 1
github.com/Notifuse/notifuse/internal/domain/contact.go:880.34,882.3 1 1
github.com/Notifuse/notifuse/internal/domain/contact.go:883.2,883.34 1 1
github.com/Notifuse/notifuse/internal/domain/contact.go:883.34,885.3 1 1
github.com/Notifuse/notifuse/internal/domain/contact.go:888.2,888.30 1 1
github.com/Notifuse/notifuse/internal/domain/contact.go:888.30,890.3 1 1
github.com/Notifuse/notifuse/internal/domain/contact.go:891.2,891.30 1 1
github.com/Notifuse/notifuse/internal/domain/contact.go:891.30,893.3 1 1
github.com/Notifuse/notifuse/internal/domain/contact.go:894.2,894.30 1 1
github.com/Notifuse/notifuse/internal/domain/contact.go:894.30,896.3 1 1
github.com/Notifuse/notifuse/internal/domain/contact.go:897.2,897.30 1 1
github.com/Notifuse/notifuse/internal/domain/contact.go:897.30,899.3 1 1
github.com/Notifuse/notifuse/internal/domain/contact.go:900.2,900.30 1 1
github.com/Notifuse/notifuse/internal/domain/contact.go:900.30,902.3 1 1
github.com/Notifuse/notifuse/internal/domain/contact.go:905.2,905.31 1 1
github.com/Notifuse/notifuse/internal/domain/contact.go:905.31,907.3 1 1
github.com/Notifuse/notifuse/internal/domain/contact.go:908.2,908.31 1 1
github.com/Notifuse/notifuse/internal/domain/contact.go:908.31,910.3 1 1
github.com/Notifuse/notifuse/internal/domain/contact_list.go:38.41,40.20 1 1
github.com/Notifuse/notifuse/internal/domain/contact_list.go:40.20,42.3 1 1
github.com/Notifuse/notifuse/internal/domain/contact_list.go:43.2,43.21 1 1
github.com/Notifuse/notifuse/internal/domain/contact_list.go:43.21,45.3 1 1
github.com/Notifuse/notifuse/internal/domain/contact_list.go:46.2,46.21 1 1
github.com/Notifuse/notifuse/internal/domain/contact_list.go:46.21,48.3 1 1
github.com/Notifuse/notifuse/internal/domain/contact_list.go:51.2,51.58 1 1
github.com/Notifuse/notifuse/internal/domain/contact_list.go:51.58,53.3 1 1
github.com/Notifuse/notifuse/internal/domain/contact_list.go:54.2,54.12 1 1
github.com/Notifuse/notifuse/internal/domain/contact_list.go:69.26,77.16 2 1
github.com/Notifuse/notifuse/internal/domain/contact_list.go:77.16,79.3 1 1
github.com/Notifuse/notifuse/internal/domain/contact_list.go:81.2,89.16 2 1
github.com/Notifuse/notifuse/internal/domain/contact_list.go:100.104,101.57 1 1
github.com/Notifuse/notifuse/internal/domain/contact_list.go:101.57,103.3 1 1
github.com/Notifuse/notifuse/internal/domain/contact_list.go:104.2,108.23 1 1
github.com/Notifuse/notifuse/internal/domain/contact_list.go:117.83,122.57 4 1
github.com/Notifuse/notifuse/internal/domain/contact_list.go:122.57,124.3 1 1
github.com/Notifuse/notifuse/internal/domain/contact_list.go:126.2,126.12 1 1
github.com/Notifuse/notifuse/internal/domain/contact_list.go:134.86,138.57 3 1
github.com/Notifuse/notifuse/internal/domain/contact_list.go:138.57,140.3 1 1
github.com/Notifuse/notifuse/internal/domain/contact_list.go:142.2,142.12 1 1
github.com/Notifuse/notifuse/internal/domain/contact_list.go:150.86,154.57 3 1
github.com/Notifuse/notifuse/internal/domain/contact_list.go:154.57,156.3 1 1
github.com/Notifuse/notifuse/internal/domain/contact_list.go:158.2,158.12 1 1
github.com/Notifuse/notifuse/internal/domain/contact_list.go:168.104,169.57 1 1
github.com/Notifuse/notifuse/internal/domain/contact_list.go:169.57,171.3 1 1
github.com/Notifuse/notifuse/internal/domain/contact_list.go:172.2,176.8 1 1
github.com/Notifuse/notifuse/internal/domain/contact_list.go:185.63,186.57 1 1
github.com/Notifuse/notifuse/internal/domain/contact_list.go:186.57,188.3 1 1
github.com/Notifuse/notifuse/internal/domain/contact_list.go:189.2,189.12 1 1
github.com/Notifuse/notifuse/internal/domain/contact_list.go:238.49,240.2 1 1
github.com/Notifuse/notifuse/internal/domain/list.go:25.33,26.57 1 1
github.com/Notifuse/notifuse/internal/domain/list.go:26.57,28.3 1 1
github.com/Notifuse/notifuse/internal/domain/list.go:29.2,29.12 1 1
github.com/Notifuse/notifuse/internal/domain/list.go:47.19,58.16 2 1
github.com/Notifuse/notifuse/internal/domain/list.go:58.16,60.3 1 1
github.com/Notifuse/notifuse/internal/domain/list.go:62.2,73.15 2 1
github.com/Notifuse/notifuse/internal/domain/list.go:87.84,89.57 1 1
github.com/Notifuse/notifuse/internal/domain/list.go:89.57,91.3 1 1
github.com/Notifuse/notifuse/internal/domain/list.go:93.2,100.23 1 1
github.com/Notifuse/notifuse/internal/domain/list.go:107.77,110.57 2 1
github.com/Notifuse/notifuse/internal/domain/list.go:110.57,112.3 1 1
github.com/Notifuse/notifuse/internal/domain/list.go:113.2,113.12 1 1
github.com/Notifuse/notifuse/internal/domain/list.go:121.76,125.57 3 1
github.com/Notifuse/notifuse/internal/domain/list.go:125.57,127.3 1 1
github.com/Notifuse/notifuse/internal/domain/list.go:128.2,128.12 1 1
github.com/Notifuse/notifuse/internal/domain/list.go:141.84,142.57 1 1
github.com/Notifuse/notifuse/internal/domain/list.go:142.57,144.3 1 1
github.com/Notifuse/notifuse/internal/domain/list.go:146.2,153.23 1 1
github.com/Notifuse/notifuse/internal/domain/list.go:161.72,162.57 1 1
github.com/Notifuse/notifuse/internal/domain/list.go:162.57,164.3 1 1
github.com/Notifuse/notifuse/internal/domain/list.go:165.2,165.27 1 1
github.com/Notifuse/notifuse/internal/domain/list.go:208.42,210.2 1 1
github.com/Notifuse/notifuse/internal/domain/nullable_json.go:20.55,21.18 1 1
github.com/Notifuse/notifuse/internal/domain/nullable_json.go:21.18,25.3 3 1
github.com/Notifuse/notifuse/internal/domain/nullable_json.go:28.2,28.27 1 1
github.com/Notifuse/notifuse/internal/domain/nullable_json.go:29.14,30.18 1 1
github.com/Notifuse/notifuse/internal/domain/nullable_json.go:30.18,34.4 3 1
github.com/Notifuse/notifuse/internal/domain/nullable_json.go:35.3,36.50 2 1
github.com/Notifuse/notifuse/internal/domain/nullable_json.go:36.50,38.4 1 1
github.com/Notifuse/notifuse/internal/domain/nullable_json.go:39.3,41.13 3 1
github.com/Notifuse/notifuse/internal/domain/nullable_json.go:42.14,43.14 1 1
github.com/Notifuse/notifuse/internal/domain/nullable_json.go:43.14,47.4 3 1
github.com/Notifuse/notifuse/internal/domain/nullable_json.go:48.3,49.58 2 1
github.com/Notifuse/notifuse/internal/domain/nullable_json.go:49.58,51.4 1 0
github.com/Notifuse/notifuse/internal/domain/nullable_json.go:52.3,54.13 3 1
github.com/Notifuse/notifuse/internal/domain/nullable_json.go:55.10,56.58 1 1
github.com/Notifuse/notifuse/internal/domain/nullable_json.go:62.54,63.33 1 1
github.com/Notifuse/notifuse/internal/domain/nullable_json.go:63.33,65.3 1 1
github.com/Notifuse/notifuse/internal/domain/nullable_json.go:67.2,67.30 1 1
github.com/Notifuse/notifuse/internal/domain/nullable_json.go:72.54,73.33 1 1
github.com/Notifuse/notifuse/internal/domain/nullable_json.go:73.33,75.3 1 1
github.com/Notifuse/notifuse/internal/domain/nullable_json.go:76.2,76.30 1 1
github.com/Notifuse/notifuse/internal/domain/nullable_json.go:81.58,83.28 1 1
github.com/Notifuse/notifuse/internal/domain/nullable_json.go:83.28,87.3 3 1
github.com/Notifuse/notifuse/internal/domain/nullable_json.go:89.2,90.53 2 1
github.com/Notifuse/notifuse/internal/domain/nullable_json.go:90.53,92.3 1 0
github.com/Notifuse/notifuse/internal/domain/nullable_json.go:94.2,96.12 3 1
github.com/Notifuse/notifuse/internal/domain/nullables.go:18.56,19.15 1 1
github.com/Notifuse/notifuse/internal/domain/nullables.go:19.15,21.3 1 1
github.com/Notifuse/notifuse/internal/domain/nullables.go:22.2,22.23 1 1
github.com/Notifuse/notifuse/internal/domain/nullables.go:26.57,27.18 1 1
github.com/Notifuse/notifuse/internal/domain/nullables.go:27.18,31.3 3 1
github.com/Notifuse/notifuse/internal/domain/nullables.go:33.2,33.27 1 1
github.com/Notifuse/notifuse/internal/domain/nullables.go:34.14,37.13 3 1
github.com/Notifuse/notifuse/internal/domain/nullables.go:38.14,41.13 3 1
github.com/Notifuse/notifuse/internal/domain/nullables.go:42.10,43.65 1 1
github.com/Notifuse/notifuse/internal/domain/nullables.go:48.56,49.15 1 1
github.com/Notifuse/notifuse/internal/domain/nullables.go:49.15,51.3 1 1
github.com/Notifuse/notifuse/internal/domain/nullables.go:52.2,52.43 1 1
github.com/Notifuse/notifuse/internal/domain/nullables.go:56.60,58.28 1 1
github.com/Notifuse/notifuse/internal/domain/nullables.go:58.28,62.3 3 1
github.com/Notifuse/notifuse/internal/domain/nullables.go:65.2,66.51 2 1
github.com/Notifuse/notifuse/internal/domain/nullables.go:66.51,70.3 3 1
github.com/Notifuse/notifuse/internal/domain/nullables.go:73.2,77.51 2 0
github.com/Notifuse/notifuse/internal/domain/nullables.go:77.51,79.3 1 0
github.com/Notifuse/notifuse/internal/domain/nullables.go:80.2,82.12 3 0
github.com/Notifuse/notifuse/internal/domain/nullables.go:92.57,93.15 1 1
github.com/Notifuse/notifuse/internal/domain/nullables.go:93.15,95.3 1 1
github.com/Notifuse/notifuse/internal/domain/nullables.go:96.2,96.24 1 1
github.com/Notifuse/notifuse/internal/domain/nullables.go:100.58,101.18 1 1
github.com/Notifuse/notifuse/internal/domain/nullables.go:101.18,105.3 3 1
github.com/Notifuse/notifuse/internal/domain/nullables.go:107.2,107.27 1 1
github.com/Notifuse/notifuse/internal/domain/nullables.go:108.15,111.13 3 1
github.com/Notifuse/notifuse/internal/domain/nullables.go:112.13,115.13 3 1
github.com/Notifuse/notifuse/internal/domain/nullables.go:116.14,119.35 2 1
github.com/Notifuse/notifuse/internal/domain/nullables.go:119.35,121.4 1 0
github.com/Notifuse/notifuse/internal/domain/nullables.go:122.3,124.13 3 1
github.com/Notifuse/notifuse/internal/domain/nullables.go:125.10,126.66 1 1
github.com/Notifuse/notifuse/internal/domain/nullables.go:131.57,132.15 1 1
github.com/Notifuse/notifuse/internal/domain/nullables.go:132.15,134.3 1 1
github.com/Notifuse/notifuse/internal/domain/nullables.go:135.2,135.51 1 1
github.com/Notifuse/notifuse/internal/domain/nullables.go:139.61,141.28 1 1
github.com/Notifuse/notifuse/internal/domain/nullables.go:141.28,145.3 3 1
github.com/Notifuse/notifuse/internal/domain/nullables.go:148.2,149.49 2 1
github.com/Notifuse/notifuse/internal/domain/nullables.go:149.49,153.3 3 1
github.com/Notifuse/notifuse/internal/domain/nullables.go:156.2,160.51 2 0
github.com/Notifuse/notifuse/internal/domain/nullables.go:160.51,162.3 1 0
github.com/Notifuse/notifuse/internal/domain/nullables.go:163.2,165.12 3 0
github.com/Notifuse/notifuse/internal/domain/nullables.go:175.54,176.15 1 1
github.com/Notifuse/notifuse/internal/domain/nullables.go:176.15,178.3 1 1
github.com/Notifuse/notifuse/internal/domain/nullables.go:179.2,179.21 1 1
github.com/Notifuse/notifuse/internal/domain/nullables.go:183.55,184.18 1 1
github.com/Notifuse/notifuse/internal/domain/nullables.go:184.18,188.3 3 1
github.com/Notifuse/notifuse/internal/domain/nullables.go:190.2,190.27 1 1
github.com/Notifuse/notifuse/internal/domain/nullables.go:191.17,194.13 3 1
github.com/Notifuse/notifuse/internal/domain/nullables.go:195.10,196.63 1 1
github.com/Notifuse/notifuse/internal/domain/nullables.go:201.54,202.15 1 1
github.com/Notifuse/notifuse/internal/domain/nullables.go:202.15,204.3 1 1
github.com/Notifuse/notifuse/internal/domain/nullables.go:205.2,205.71 1 1
github.com/Notifuse/notifuse/internal/domain/nullables.go:209.58,211.28 1 1
github.com/Notifuse/notifuse/internal/domain/nullables.go:211.28,215.3 3 1
github.com/Notifuse/notifuse/internal/domain/nullables.go:218.2,219.51 2 1
github.com/Notifuse/notifuse/internal/domain/nullables.go:219.51,222.17 2 1
github.com/Notifuse/notifuse/internal/domain/nullables.go:222.17,224.4 1 1
github.com/Notifuse/notifuse/internal/domain/nullables.go:225.3,227.13 3 1
github.com/Notifuse/notifuse/internal/domain/nullables.go:231.2,235.51 2 0
github.com/Notifuse/notifuse/internal/domain/nullables.go:235.51,237.3 1 0
github.com/Notifuse/notifuse/internal/domain/nullables.go:238.2,240.12 3 0
github.com/Notifuse/notifuse/internal/domain/timezones.go:432.44,433.31 1 1
github.com/Notifuse/notifuse/internal/domain/timezones.go:433.31,434.21 1 1
github.com/Notifuse/notifuse/internal/domain/timezones.go:434.21,436.4 1 1
github.com/Notifuse/notifuse/internal/domain/timezones.go:438.2,438.14 1 1
github.com/Notifuse/notifuse/internal/domain/user.go:58.42,60.2 1 1
github.com/Notifuse/notifuse/internal/domain/user.go:67.45,69.2 1 1
github.com/Notifuse/notifuse/internal/domain/workspace.go:30.38,32.79 1 1
github.com/Notifuse/notifuse/internal/domain/workspace.go:32.79,34.3 1 1
github.com/Notifuse/notifuse/internal/domain/workspace.go:37.2,37.57 1 1
github.com/Notifuse/notifuse/internal/domain/workspace.go:37.57,39.3 1 1
github.com/Notifuse/notifuse/internal/domain/workspace.go:42.2,42.67 1 1
github.com/Notifuse/notifuse/internal/domain/workspace.go:42.67,44.3 1 0
github.com/Notifuse/notifuse/internal/domain/workspace.go:46.2,46.12 1 1
github.com/Notifuse/notifuse/internal/domain/workspace.go:61.24,69.16 2 1
github.com/Notifuse/notifuse/internal/domain/workspace.go:69.16,71.3 1 1
github.com/Notifuse/notifuse/internal/domain/workspace.go:73.2,80.66 2 1
github.com/Notifuse/notifuse/internal/domain/workspace.go:80.66,82.3 1 1
github.com/Notifuse/notifuse/internal/domain/workspace.go:84.2,84.15 1 1
github.com/Notifuse/notifuse/internal/domain/workspace.go:103.43,104.58 1 1
github.com/Notifuse/notifuse/internal/domain/workspace.go:104.58,106.3 1 1
github.com/Notifuse/notifuse/internal/domain/workspace.go:107.2,107.12 1 1
github.com/Notifuse/notifuse/internal/domain/workspace.go:152.42,154.2 1 1
